<?xml version="1.0" encoding="utf-8"?><testsuites name="pytest tests"><testsuite name="pytest" errors="0" failures="0" skipped="0" tests="42" time="809.238" timestamp="2026-09-11T21:59:59.248219+08:00" hostname="MacBook-Air-2.local"><testcase classname="tests.test_structure_two_comparison_audit" name="test_error_partition[1-1-both_wrong]" time="0.001" /><testcase classname="tests.test_structure_two_comparison_audit" name="test_error_partition[0-0-both_correct]" time="0.001" /><testcase classname="tests.test_structure_two_comparison_audit" name="test_error_partition[0-1-p5_wins]" time="0.000" /><testcase classname="tests.test_structure_two_comparison_audit" name="test_error_partition[1-0-p5_loses]" time="0.000" /><testcase classname="tests.test_structure_two_comparison_audit" name="test_real_observation_fixed_legal_search_posterior_changes_action[0]" time="1.932" /><testcase classname="tests.test_structure_two_comparison_audit" name="test_real_observation_fixed_legal_search_posterior_changes_action[2]" time="1.947" /><testcase classname="tests.test_structure_two_comparison_audit" name="test_learned_conditional_head_axis_order_and_update_are_wired" time="1.943" /><testcase classname="tests.test_structure_two_comparison_audit" name="test_feature_bottleneck_ignores_ordered_role_evidence" time="0.105" /><testcase classname="tests.test_structure_two_comparison_audit" name="test_full_episode_support_contains_future_visible_locations" time="0.105" /><testcase classname="tests.test_structure_two_comparison_audit" name="test_real_observation_fixed_legal_search_posterior_changes_action[1]" time="0.201" /><testcase classname="tests.test_structure_two_comparison_audit" name="test_amg_native_search_order_is_discarded_by_adapter" time="0.201" /><testcase classname="tests.test_structure_two_comparison_audit" name="test_training_material_reads_only_training_truth" time="0.076" /><testcase classname="tests.test_structure_two_comparison_audit" name="test_truth_barrier_rejects_early_duplicate_and_wrong_step" time="0.204" /><testcase classname="tests.test_structure_two_comparison_audit" name="test_episode_diagnostic_partition_and_search_equality" time="3.372" /><testcase classname="tests.test_structure_two_comparison_audit" name="test_learned_joint_changes_do_not_route_into_search_but_habit_head_is_live" time="0.201" /><testcase classname="tests.test_structure_two_comparison_audit" name="test_unavailable_hardware_is_reported_without_losing_diagnostic" time="0.000" /><testcase classname="tests.test_structure_two_comparison_audit" name="test_initial_amg_fallback_encodes_ignorance_as_a_different_point_mass" time="0.118" /><testcase classname="tests.test_structure_two_comparison_audit" name="test_same_location_full_p5_observes_but_does_not_commit_long_term" time="0.199" /><testcase classname="tests.test_structure_two_comparison_audit_verification" name="test_strict_json[{&quot;x&quot;:1,&quot;x&quot;:2}-DUPLICATE_JSON_KEY]" time="0.000" /><testcase classname="tests.test_structure_two_comparison_audit_verification" name="test_strict_json[{&quot;x&quot;:NaN}-NONFINITE_JSON_NUMBER]" time="0.000" /><testcase classname="tests.test_structure_two_comparison_audit_verification" name="test_strict_json[{&quot;x&quot;:Infinity}-NONFINITE_JSON_NUMBER]" time="0.000" /><testcase classname="tests.test_structure_two_comparison_audit_verification" name="test_difference_reports_order_multiplicity_and_type" time="0.000" /><testcase classname="tests.test_structure_two_comparison_audit_verification" name="test_cli_refuses_external_reference_argument" time="0.943" /><testcase classname="tests.test_structure_two_comparison_audit" name="test_verifier_rejects_forged_positive_gate_even_with_intact_steps" time="0.015" /><testcase classname="tests.test_structure_two_comparison_audit_execution_source" name="test_cross_tree_current_bound_forgery_is_never_certified[main]" time="5.769" /><testcase classname="tests.test_structure_two_comparison_audit_verification" name="test_real_cli_complete_forgery_matrix_and_valid_fresh_positive" time="702.386" /><testcase classname="tests.test_structure_two_comparison_audit" name="test_save_refuses_overwrite_and_verifier_rejects_semantic_tampering" time="0.013" /><testcase classname="tests.test_structure_two_comparison_audit_execution_source" name="test_only_downstream_source_symlink_to_foreign_tree[main]" time="0.133" /><testcase classname="tests.test_structure_two_comparison_audit_execution_source" name="test_only_downstream_source_symlink_to_foreign_tree[attribution]" time="0.133" /><testcase classname="tests.test_structure_two_comparison_audit_execution_source" name="test_repository_root_cannot_declare_another_execution_tree" time="0.924" /><testcase classname="tests.test_structure_two_comparison_audit_execution_source" name="test_preloaded_old_module_with_restored_current_source[main]" time="0.899" /><testcase classname="tests.test_structure_two_comparison_audit_execution_source" name="test_preloaded_old_module_with_restored_current_source[attribution]" time="0.911" /><testcase classname="tests.test_structure_two_comparison_audit_execution_source" name="test_cross_tree_current_bound_forgery_is_never_certified[attribution_single]" time="6.860" /><testcase classname="tests.test_structure_two_comparison_audit_execution_source" name="test_preloaded_foreign_downstream_without_top_audit_import[main]" time="0.143" /><testcase classname="tests.test_structure_two_comparison_audit_execution_source" name="test_source_drift_after_input_binding_before_replay_fails_closed[main]" time="1.459" /><testcase classname="tests.test_structure_two_comparison_audit_execution_source" name="test_source_drift_after_input_binding_before_replay_fails_closed[attribution]" time="1.580" /><testcase classname="tests.test_structure_two_comparison_audit_execution_source" name="test_stale_entry_code_rejected_against_declared_cli_source[main]" time="0.126" /><testcase classname="tests.test_structure_two_comparison_audit_execution_source" name="test_stale_entry_code_rejected_against_declared_cli_source[attribution]" time="0.128" /><testcase classname="tests.test_structure_two_comparison_audit_execution_source" name="test_real_full_positive_compiles_source_ignoring_poisoned_unchecked_pyc[main]" time="489.402" /><testcase classname="tests.test_structure_two_comparison_audit_execution_source" name="test_preloaded_foreign_downstream_without_top_audit_import[attribution]" time="0.267" /><testcase classname="tests.test_structure_two_comparison_audit_execution_source" name="test_real_full_positive_compiles_source_ignoring_poisoned_unchecked_pyc[attribution]" time="306.840" /><testcase classname="tests.test_structure_two_comparison_audit_execution_source" name="test_cross_tree_current_bound_forgery_is_never_certified[attribution_mixed]" time="7.311" /></testsuite></testsuites>