<?xml version="1.0" encoding="utf-8"?><testsuites name="pytest tests"><testsuite name="pytest" errors="0" failures="0" skipped="0" tests="123" time="32.671" timestamp="2026-09-14T04:40:14.642347+08:00" hostname="MacBook-Air-2.local"><testcase classname="tests.test_continuous_state_recovery" name="test_recovery_retains_one_graph_and_retraction_changes_next_action" time="6.523" /><testcase classname="tests.test_continuous_state_recovery" name="test_placement_effect_is_not_repeated_after_recovery" time="0.354" /><testcase classname="tests.test_continuous_state_recovery" name="test_single_writer_and_source_identity" time="0.002" /><testcase classname="tests.test_continuous_state_recovery" name="test_effect_receipt_reuse_and_uncertain_reconciliation" time="0.003" /><testcase classname="tests.test_continuous_state_recovery" name="test_registered_p5_first_runs_in_continuous_history" time="0.361" /><testcase classname="tests.test_continuous_state_recovery" name="test_p5_crash_after_receipt_does_not_repeat_ciav" time="0.681" /><testcase classname="tests.test_continuous_state_recovery" name="test_new_python_process_loads_checkpoint_without_test_imports" time="0.720" /><testcase classname="tests.test_continuous_state_recovery" name="test_observation_receipt_admits_new_input_and_uncertain_never_reexecutes" time="0.317" /><testcase classname="tests.test_continuous_state_recovery" name="test_codec_preserves_mutable_cycles_and_rejects_immutable_cycles" time="0.001" /><testcase classname="tests.test_continuous_state_recovery" name="test_observation_old_decision_rejected_and_empty_failure_advances_watermark" time="0.001" /><testcase classname="tests.test_continuous_state_recovery" name="test_effect_only_store_is_source_bound_before_first_checkpoint" time="0.003" /><testcase classname="tests.test_continuous_state_recovery" name="test_accepted_observation_receipt_is_detached_from_transport_and_survives_restore" time="0.320" /><testcase classname="tests.test_continuous_state_recovery" name="test_fresh_process_registers_configured_visual_history_before_restore" time="0.555" /><testcase classname="tests.test_structure_two_continuous_input" name="test_continuous_hypotheses_retraction_and_fresh_action_readout" time="5.137" /><testcase classname="tests.test_structure_two_continuous_input" name="test_delayed_capture_is_invisible_until_arrival_and_retains_transport_order" time="0.001" /><testcase classname="tests.test_structure_two_continuous_input" name="test_whole_raw_batch_is_atomic_on_bad_second_payload_and_retry" time="0.001" /><testcase classname="tests.test_structure_two_continuous_input" name="test_bad_producer_is_rejected_without_learning_and_legal_retry[source]" time="0.272" /><testcase classname="tests.test_structure_two_continuous_input" name="test_bad_producer_is_rejected_without_learning_and_legal_retry[future]" time="0.273" /><testcase classname="tests.test_structure_two_continuous_input" name="test_bad_producer_is_rejected_without_learning_and_legal_retry[scope]" time="0.273" /><testcase classname="tests.test_structure_two_continuous_input" name="test_bad_producer_is_rejected_without_learning_and_legal_retry[empty_calibration]" time="0.293" /><testcase classname="tests.test_structure_two_continuous_input" name="test_no_evidence_is_not_missing_object_and_cutoff_cannot_backdate" time="0.001" /><testcase classname="tests.test_structure_two_continuous_input" name="test_reentrant_producer_cannot_mutate_stream" time="0.001" /><testcase classname="tests.test_structure_two_continuous_input" name="test_late_retractions_change_next_issued_and_executed_placement" time="5.011" /><testcase classname="tests.test_structure_two_continuous_input" name="test_uncertain_execution_is_retained_and_never_retried[raise]" time="0.305" /><testcase classname="tests.test_structure_two_continuous_input" name="test_uncertain_execution_is_retained_and_never_retried[wrong_reply]" time="0.283" /><testcase classname="tests.test_structure_two_continuous_input" name="test_copied_command_is_not_a_live_capability" time="0.285" /><testcase classname="tests.test_structure_two_continuous_input" name="test_forcibly_mutated_live_command_cannot_change_target" time="0.284" /><testcase classname="tests.test_structure_two_continuous_input" name="test_raw_admission_and_prefix_are_detached_from_caller_aliases" time="0.001" /><testcase classname="tests.test_structure_two_continuous_input" name="test_duplicate_feedback_advances_arrival_watermark" time="0.981" /><testcase classname="tests.test_structure_two_continuous_input" name="test_execution_completion_advances_time_and_does_not_expose_owned_command" time="0.308" /><testcase classname="tests.test_structure_two_continuous_input" name="test_uncertain_action_reconciles_without_reexecution_then_allows_next_command" time="0.283" /><testcase classname="tests.test_structure_two_continuous_input" name="test_inconsistent_executor_timeline_remains_uncertain[arrival]" time="0.283" /><testcase classname="tests.test_structure_two_continuous_input" name="test_inconsistent_executor_timeline_remains_uncertain[record]" time="0.292" /><testcase classname="tests.test_structure_two_continuous_input" name="test_inconsistent_executor_timeline_remains_uncertain[start]" time="0.284" /><testcase classname="tests.test_structure_two_continuous_input" name="test_queued_old_command_rejected_before_any_external_dispatch" time="0.289" /><testcase classname="tests.test_structure_two_adaptive_runtime" name="test_state_dependent_router_executes_each_non_escalation_path[P0_SAFE_DEFERRED]" time="0.292" /><testcase classname="tests.test_structure_two_adaptive_runtime" name="test_state_dependent_router_executes_each_non_escalation_path[P1_EVENT_ACTOR_LOCAL]" time="0.257" /><testcase classname="tests.test_structure_two_adaptive_runtime" name="test_state_dependent_router_executes_each_non_escalation_path[P2_REGIME_RECOVERY_LOCAL]" time="0.269" /><testcase classname="tests.test_structure_two_adaptive_runtime" name="test_state_dependent_router_executes_each_non_escalation_path[P3_ACTIVE_VERIFY]" time="0.356" /><testcase classname="tests.test_structure_two_adaptive_runtime" name="test_state_dependent_router_executes_each_non_escalation_path[P4_EVENT_ACTOR_PLUS_REGIME]" time="0.265" /><testcase classname="tests.test_structure_two_adaptive_runtime" name="test_expired_p0_debt_forces_p5_and_settles_the_exact_deferred_transition" time="0.666" /><testcase classname="tests.test_structure_two_adaptive_runtime" name="test_evaluation_only_direct_p5_runs_the_real_full_eager_path_without_router_drift" time="0.624" /><testcase classname="tests.test_structure_two_adaptive_runtime" name="test_neutral_ciav_actor_likelihood_preserves_primary_pchmp_posterior" time="0.287" /><testcase classname="tests.test_structure_two_adaptive_runtime" name="test_evaluation_only_direct_p5_fails_closed_without_ciav_or_with_debt" time="0.298" /><testcase classname="tests.test_structure_two_adaptive_runtime" name="test_failed_expired_p0_debt_replay_restores_entry_and_lock_identity" time="0.616" /><testcase classname="tests.test_structure_two_adaptive_runtime" name="test_safe_abstention_and_stale_features_cannot_mutate_runtime" time="0.004" /><testcase classname="tests.test_structure_two_adaptive_runtime" name="test_adaptive_sink_failure_rolls_back_core_debt_and_ciav_state" time="0.298" /><testcase classname="tests.test_structure_two_adaptive_runtime" name="test_forged_complete_adaptive_mode_vector_is_rejected" time="0.001" /><testcase classname="tests.test_structure_two_production_system" name="test_one_public_runtime_owns_all_seven_real_operator_instances" time="0.176" /><testcase classname="tests.test_structure_two_production_system" name="test_production_assembly_manifest_recomputes_every_source_binding" time="0.208" /><testcase classname="tests.test_structure_two_production_system" name="test_manifest_cannot_claim_runtime_assembly_without_live_instances" time="0.000" /><testcase classname="tests.test_structure_two_production_system" name="test_declared_override_must_implement_the_operator_contract" time="0.001" /><testcase classname="tests.test_structure_two_production_system" name="test_forged_but_complete_production_manifest_is_rejected" time="0.204" /><testcase classname="tests.test_natural_vision" name="test_decode_real_wire_shape_and_detachment" time="0.001" /><testcase classname="tests.test_natural_vision" name="test_bad_wire_rejected[float]" time="0.001" /><testcase classname="tests.test_natural_vision" name="test_bad_wire_rejected[gray]" time="0.001" /><testcase classname="tests.test_natural_vision" name="test_bad_wire_rejected[channels]" time="0.001" /><testcase classname="tests.test_natural_vision" name="test_bad_wire_rejected[trailing]" time="0.001" /><testcase classname="tests.test_natural_vision" name="test_bad_wire_rejected[hash]" time="0.001" /><testcase classname="tests.test_natural_vision" name="test_bad_wire_rejected[future]" time="0.001" /><testcase classname="tests.test_natural_vision" name="test_bad_wire_rejected[unit]" time="0.001" /><testcase classname="tests.test_natural_vision" name="test_bad_wire_rejected[receipt]" time="0.001" /><testcase classname="tests.test_natural_vision" name="test_wrong_weight_rejected_without_loading_model" time="0.001" /><testcase classname="tests.test_natural_vision" name="test_frame_candidates_are_not_identity_pose_or_negative_evidence" time="1.036" /><testcase classname="tests.test_natural_vision" name="test_scope_and_future_rejected_before_inference" time="0.001" /><testcase classname="tests.test_natural_vision" name="test_bad_model_output_rejected[nan]" time="0.001" /><testcase classname="tests.test_natural_vision" name="test_bad_model_output_rejected[outside]" time="0.001" /><testcase classname="tests.test_natural_vision" name="test_bad_model_output_rejected[degenerate]" time="0.001" /><testcase classname="tests.test_natural_vision" name="test_bad_model_output_rejected[label]" time="0.001" /><testcase classname="tests.test_natural_vision" name="test_bad_model_output_rejected[length]" time="0.001" /><testcase classname="tests.test_natural_vision" name="test_bad_model_output_rejected[score]" time="0.001" /><testcase classname="tests.test_natural_vision" name="test_no_detection_does_not_authorize_absence" time="0.001" /><testcase classname="tests.test_natural_vision" name="test_producer_connects_to_continuous_stream_without_fabricating_memory" time="0.003" /><testcase classname="tests.test_natural_vision" name="test_producer_rejects_history_changes_and_keeps_journal_atomic" time="0.002" /><testcase classname="tests.test_interaction_evidence" name="test_unique_association_and_replay" time="0.001" /><testcase classname="tests.test_interaction_evidence" name="test_competing_boxes_branch_instead_of_merging_people" time="0.001" /><testcase classname="tests.test_interaction_evidence" name="test_gap_does_not_reidentify[2]" time="0.001" /><testcase classname="tests.test_interaction_evidence" name="test_gap_does_not_reidentify[100]" time="0.001" /><testcase classname="tests.test_interaction_evidence" name="test_reject_is_atomic_and_legal_retry_succeeds[time]" time="0.001" /><testcase classname="tests.test_interaction_evidence" name="test_reject_is_atomic_and_legal_retry_succeeds[sequence]" time="0.001" /><testcase classname="tests.test_interaction_evidence" name="test_reject_is_atomic_and_legal_retry_succeeds[scope]" time="0.001" /><testcase classname="tests.test_interaction_evidence" name="test_reject_is_atomic_and_legal_retry_succeeds[camera]" time="0.002" /><testcase classname="tests.test_interaction_evidence" name="test_reject_is_atomic_and_legal_retry_succeeds[duplicate]" time="0.001" /><testcase classname="tests.test_interaction_evidence" name="test_reject_is_atomic_and_legal_retry_succeeds[box]" time="0.001" /><testcase classname="tests.test_interaction_evidence" name="test_reject_is_atomic_and_legal_retry_succeeds[score]" time="0.001" /><testcase classname="tests.test_interaction_evidence" name="test_reject_is_atomic_and_legal_retry_succeeds[rewrite]" time="0.001" /><testcase classname="tests.test_interaction_evidence" name="test_no_object_no_roles_and_observation_request_changes" time="0.001" /><testcase classname="tests.test_interaction_evidence" name="test_ordered_roles_remain_ambiguous_and_retract_on_identity_break" time="0.001" /><testcase classname="tests.test_interaction_evidence" name="test_fit_heldout_and_signature_guard" time="0.001" /><testcase classname="tests.test_interaction_evidence" name="test_bad_calibration_inputs[one_class]" time="0.000" /><testcase classname="tests.test_interaction_evidence" name="test_bad_calibration_inputs[duplicate]" time="0.000" /><testcase classname="tests.test_interaction_evidence" name="test_bad_calibration_inputs[model]" time="0.000" /><testcase classname="tests.test_interaction_evidence" name="test_bad_calibration_inputs[pseudo]" time="0.000" /><testcase classname="tests.test_interaction_evidence" name="test_bad_calibration_inputs[nan]" time="0.000" /><testcase classname="tests.test_interaction_evidence" name="test_bad_calibration_inputs[artifact]" time="0.000" /><testcase classname="tests.test_interaction_evidence" name="test_time_and_feature_domain_rejections[naive]" time="0.001" /><testcase classname="tests.test_interaction_evidence" name="test_time_and_feature_domain_rejections[dst]" time="0.001" /><testcase classname="tests.test_interaction_evidence" name="test_time_and_feature_domain_rejections[model]" time="0.001" /><testcase classname="tests.test_interaction_evidence" name="test_time_and_feature_domain_rejections[dimensions]" time="0.001" /><testcase classname="tests.test_interaction_evidence" name="test_calibration_revalidates_invalidated_objects" time="0.001" /><testcase classname="tests.test_p0_checkpoint_manifest" name="test_p0_checkpoint_v0_1_is_self_consistent_but_not_claimed_immutable" time="0.032" /><testcase classname="tests.test_p0_checkpoint_manifest" name="test_historical_p0_checkpoint_v0_2_remains_self_consistent" time="0.003" /><testcase classname="tests.test_p0_checkpoint_manifest" name="test_p0_checkpoint_v0_3_is_current_and_self_consistent" time="0.190" /><testcase classname="tests.test_p0_checkpoint_manifest" name="test_checkpoint_manifest_has_all_seven_required_hash_scopes" time="0.109" /><testcase classname="tests.test_p0_checkpoint_manifest" name="test_test_contract_covers_code_and_structured_fixtures" time="0.012" /><testcase classname="tests.test_p0_checkpoint_manifest" name="test_test_contract_detects_fixture_add_modify_and_delete" time="0.033" /><testcase classname="tests.test_p0_checkpoint_manifest" name="test_test_contract_excludes_caches_and_compiled_python" time="0.019" /><testcase classname="tests.test_p0_checkpoint_manifest" name="test_test_contract_rejects_symlink" time="0.009" /><testcase classname="tests.test_p0_checkpoint_manifest" name="test_test_contract_rejects_root_conftest_symlink" time="0.009" /><testcase classname="tests.test_p0_checkpoint_manifest" name="test_test_fixture_contract_detects_add_modify_and_delete" time="0.033" /><testcase classname="tests.test_p0_checkpoint_manifest" name="test_test_fixture_contract_excludes_cycles_and_defers_manifests_to_split_scope" time="0.013" /><testcase classname="tests.test_p0_checkpoint_manifest" name="test_test_fixture_contract_rejects_file_and_directory_symlinks" time="0.005" /><testcase classname="tests.test_p0_checkpoint_manifest" name="test_every_non_circular_benchmark_json_is_in_split_or_fixture_scope" time="0.114" /><testcase classname="tests.test_p0_checkpoint_manifest" name="test_v0_3_self_consistency_rejects_fixture_reclassified_as_circular" time="0.111" /><testcase classname="tests.test_p0_checkpoint_manifest" name="test_toolchain_contract_detects_edit_and_optional_file_addition" time="0.026" /><testcase classname="tests.test_p0_checkpoint_manifest" name="test_toolchain_contract_rejects_missing_required_file" time="0.010" /><testcase classname="tests.test_p0_checkpoint_manifest" name="test_toolchain_contract_rejects_symlink" time="0.009" /><testcase classname="tests.test_p0_checkpoint_manifest" name="test_self_consistency_check_rejects_unrehashed_entry_tampering" time="0.001" /><testcase classname="tests.test_p0_checkpoint_manifest" name="test_v0_3_self_consistency_rejects_unsafe_or_unsorted_paths" time="0.113" /><testcase classname="tests.test_p0_checkpoint_manifest" name="test_git_baseline_audit_detects_forged_numstat_fields" time="0.023" /><testcase classname="tests.test_p0_checkpoint_manifest" name="test_required_legacy_fixtures_are_pinned_and_cannot_be_missing[0]" time="0.014" /><testcase classname="tests.test_p0_checkpoint_manifest" name="test_required_legacy_fixtures_are_pinned_and_cannot_be_missing[5]" time="0.014" /><testcase classname="tests.test_p0_checkpoint_manifest" name="test_required_legacy_fixtures_are_pinned_and_cannot_be_missing[16]" time="0.019" /></testsuite></testsuites>