<?xml version="1.0" encoding="utf-8"?><testsuites name="pytest tests"><testsuite name="pytest" errors="0" failures="0" skipped="0" tests="21" time="210.979" timestamp="2026-09-12T23:24:55.064373+08:00" hostname="刘承祥"><testcase classname="tests.test_structure_two_entry_portability" name="test_real_supported_entries_and_spawn_keep_loaded_semantics[absent-file]" time="9.851" /><testcase classname="tests.test_structure_two_entry_portability" name="test_real_supported_entries_and_spawn_keep_loaded_semantics[absent-module]" time="10.227" /><testcase classname="tests.test_structure_two_entry_portability" name="test_real_supported_entries_and_spawn_keep_loaded_semantics[absent-runpy]" time="12.018" /><testcase classname="tests.test_structure_two_entry_portability" name="test_real_supported_entries_and_spawn_keep_loaded_semantics[absent-spawn_file]" time="13.200" /><testcase classname="tests.test_structure_two_entry_portability" name="test_real_supported_entries_and_spawn_keep_loaded_semantics[absent-spawn_module]" time="13.094" /><testcase classname="tests.test_structure_two_entry_portability" name="test_real_supported_entries_and_spawn_keep_loaded_semantics[valid_timestamp-file]" time="8.039" /><testcase classname="tests.test_structure_two_entry_portability" name="test_real_supported_entries_and_spawn_keep_loaded_semantics[valid_timestamp-module]" time="9.310" /><testcase classname="tests.test_structure_two_entry_portability" name="test_real_supported_entries_and_spawn_keep_loaded_semantics[valid_timestamp-runpy]" time="8.724" /><testcase classname="tests.test_structure_two_entry_portability" name="test_real_supported_entries_and_spawn_keep_loaded_semantics[valid_timestamp-spawn_file]" time="10.825" /><testcase classname="tests.test_structure_two_entry_portability" name="test_real_supported_entries_and_spawn_keep_loaded_semantics[valid_timestamp-spawn_module]" time="9.917" /><testcase classname="tests.test_structure_two_entry_portability" name="test_real_supported_entries_and_spawn_keep_loaded_semantics[valid_unchecked-file]" time="8.029" /><testcase classname="tests.test_structure_two_entry_portability" name="test_real_supported_entries_and_spawn_keep_loaded_semantics[valid_unchecked-module]" time="8.690" /><testcase classname="tests.test_structure_two_entry_portability" name="test_real_supported_entries_and_spawn_keep_loaded_semantics[valid_unchecked-runpy]" time="8.718" /><testcase classname="tests.test_structure_two_entry_portability" name="test_real_supported_entries_and_spawn_keep_loaded_semantics[valid_unchecked-spawn_file]" time="10.612" /><testcase classname="tests.test_structure_two_entry_portability" name="test_real_supported_entries_and_spawn_keep_loaded_semantics[valid_unchecked-spawn_module]" time="10.351" /><testcase classname="tests.test_structure_two_entry_portability" name="test_module_entry_rejects_actual_old_or_foreign_code_before_source_claim[False-unchecked]" time="10.153" /><testcase classname="tests.test_structure_two_entry_portability" name="test_module_entry_rejects_actual_old_or_foreign_code_before_source_claim[False-same_size_mtime]" time="10.242" /><testcase classname="tests.test_structure_two_entry_portability" name="test_module_entry_rejects_actual_old_or_foreign_code_before_source_claim[False-foreign_filename]" time="9.147" /><testcase classname="tests.test_structure_two_entry_portability" name="test_module_entry_rejects_actual_old_or_foreign_code_before_source_claim[True-unchecked]" time="9.631" /><testcase classname="tests.test_structure_two_entry_portability" name="test_module_entry_rejects_actual_old_or_foreign_code_before_source_claim[True-same_size_mtime]" time="10.758" /><testcase classname="tests.test_structure_two_entry_portability" name="test_module_entry_rejects_actual_old_or_foreign_code_before_source_claim[True-foreign_filename]" time="9.269" /></testsuite></testsuites>