<?xml version="1.0" encoding="utf-8"?><testsuites name="pytest tests"><testsuite name="pytest" errors="0" failures="0" skipped="0" tests="3" time="4.727" timestamp="2026-09-13T00:01:57.280158+08:00" hostname="刘承祥"><testcase classname="tests.test_structure_two_execution_interface" name="test_cross_thread_lock_handoff_fails_without_waiting_for_foreign_release[core]" time="0.869" /><testcase classname="tests.test_structure_two_execution_interface" name="test_cross_thread_lock_handoff_fails_without_waiting_for_foreign_release[wrapper]" time="0.931" /><testcase classname="tests.test_structure_two_execution_interface" name="test_cross_thread_lock_handoff_fails_without_waiting_for_foreign_release[ccrr]" time="0.900" /></testsuite></testsuites>