<?xml version="1.0" encoding="utf-8"?><testsuites name="pytest tests"><testsuite name="pytest" errors="0" failures="8" skipped="0" tests="812" time="1382.517" timestamp="2026-09-12T23:36:59.613708+08:00" hostname="刘承祥"><testcase classname="tests.test_structure_two_backbone_operator_wiring" name="test_positive_observation_different_location_runs_the_full_thirteen_call_closure" time="1.876" /><testcase classname="tests.test_structure_two_backbone_counterexample_regressions" name="test_the_frozen_hard_safety_kernel_still_carries_the_clauses_used_here" time="0.002" /><testcase classname="tests.test_structure_two_execution_interface" name="test_habit_count_reads_use_plain_dicts_without_callable_default_factories" time="0.004" /><testcase classname="tests.test_structure_two_execution_interface" name="test_tamper_reorder_and_cross_run_splice_break_trace_verification" time="3.566" /><testcase classname="tests.test_structure_two_backbone_counterexample_regressions" name="test_a_clean_p0_run_still_produces_the_seven_receipts_after_the_checks" time="1.686" /><testcase classname="tests.test_structure_two_execution_interface" name="test_legacy_failure_rollback_preserves_public_operator_instance_identity" time="0.725" /><testcase classname="tests.test_structure_two_execution_interface" name="test_legacy_base_exception_rolls_back_complete_state_and_instance_identity[KeyboardInterrupt]" time="0.729" /><testcase classname="tests.test_structure_two_execution_interface" name="test_legacy_base_exception_rolls_back_complete_state_and_instance_identity[SystemExit]" time="0.813" /><testcase classname="tests.test_structure_two_backbone_counterexample_regressions" name="test_ccrr_maintenance_rejects_a_contradictory_cf_bocpd_dependency[mutation0-advanced CF-BOCPD posterior]" time="0.009" /><testcase classname="tests.test_structure_two_backbone_counterexample_regressions" name="test_ccrr_maintenance_rejects_a_contradictory_cf_bocpd_dependency[mutation1-observation count differs]" time="0.011" /><testcase classname="tests.test_structure_two_backbone_counterexample_regressions" name="test_ccrr_maintenance_rejects_a_contradictory_cf_bocpd_dependency[mutation2-current_snapshot_sha256 is not a content hash]" time="0.011" /><testcase classname="tests.test_structure_two_backbone_counterexample_regressions" name="test_ccrr_maintenance_rejects_a_contradictory_cf_bocpd_dependency[mutation3-foreign or stale cause snapshot]" time="0.012" /><testcase classname="tests.test_structure_two_backbone_counterexample_regressions" name="test_ccrr_maintenance_rejects_a_contradictory_cf_bocpd_dependency[mutation4-current_snapshot_sha256 is not a content hash]" time="0.012" /><testcase classname="tests.test_structure_two_backbone_counterexample_regressions" name="test_ccrr_maintenance_rejects_a_contradictory_cf_bocpd_dependency[mutation5-non-integer observation count]" time="0.010" /><testcase classname="tests.test_structure_two_backbone_counterexample_regressions" name="test_ccrr_maintenance_rejects_a_contradictory_cf_bocpd_dependency[mutation6-not a cf_bocpd_safety_maintenance]" time="0.009" /><testcase classname="tests.test_structure_two_backbone_counterexample_regressions" name="test_ccrr_maintenance_rejects_a_contradictory_cf_bocpd_dependency[mutation7-field set drifted]" time="0.012" /><testcase classname="tests.test_structure_two_backbone_counterexample_regressions" name="test_ccrr_maintenance_rejects_a_dropped_field_and_a_non_mapping" time="0.008" /><testcase classname="tests.test_structure_two_backbone_counterexample_regressions" name="test_ccrr_maintenance_rejects_a_payload_produced_by_another_runtime" time="2.026" /><testcase classname="tests.test_structure_two_backbone_operator_wiring" name="test_same_location_verification_closes_with_one_opceu_receipt_and_no_transition" time="1.741" /><testcase classname="tests.test_structure_two_execution_interface" name="test_cross_thread_lock_handoff_fails_without_waiting_for_foreign_release[core]" time="1.583"><failure message="AssertionError: transaction waited for a foreign lock owner&#10;assert not True&#10; +  where True = is_alive()&#10; +    where is_alive = &lt;Thread(Thread-1 (invoke), started daemon 35264)&gt;.is_alive">lock_target = 'core'

    @pytest.mark.parametrize("lock_target", ["core", "wrapper", "ccrr"])
    def test_cross_thread_lock_handoff_fails_without_waiting_for_foreign_release(
        lock_target: str,
    ) -&gt; None:
        system, transition = _system_and_transition()
        before_state = _state_fingerprint(system)
        target_lock = {
            "core": system.core._execution_lock,
            "wrapper": system._execution_lock,
            "ccrr": system.core._automatic_regimes.ccrr._lock,
        }[lock_target]
        worker_has_lock = Event()
        release_worker = Event()
        worker: Thread | None = None
    
        class LockHandoffSink(RecordingSink):
            def commit(self, trace: StructureTwoExecutionTrace, /) -&gt; TraceCommitAck:
                nonlocal worker
                acknowledgement = super().commit(trace)
                if lock_target != "ccrr":
                    target_lock.release()
    
                def hold_lock() -&gt; None:
                    with target_lock:
                        worker_has_lock.set()
                        assert release_worker.wait(timeout=5.0)
    
                worker = Thread(target=hold_lock, daemon=True)
                worker.start()
                assert worker_has_lock.wait(timeout=5.0)
                return acknowledgement
    
        sink = LockHandoffSink()
        outcome: list[BaseException | None] = []
    
        def invoke() -&gt; None:
            try:
                system.process_transition(
                    transition,
                    execution_plan=canonical_legacy_ordinary_transition_plan(),
                    trace_sink=sink,
                )
            except BaseException as error:
                outcome.append(error)
            else:
                outcome.append(None)
    
        caller = Thread(target=invoke, daemon=True)
        caller.start()
        try:
            caller.join(timeout=1.0)
&gt;           assert not caller.is_alive(), "transaction waited for a foreign lock owner"
E           AssertionError: transaction waited for a foreign lock owner
E           assert not True
E            +  where True = is_alive()
E            +    where is_alive = &lt;Thread(Thread-1 (invoke), started daemon 35264)&gt;.is_alive

tests\test_structure_two_execution_interface.py:1593: AssertionError</failure></testcase><testcase classname="tests.test_structure_two_execution_interface" name="test_sink_failure_or_wrong_ack_rolls_back_complete_transition_state[FailingSink]" time="1.419" /><testcase classname="tests.test_structure_two_backbone_operator_wiring" name="test_negative_observation_stops_at_seven_receipts_and_leaves_no_partial_closure" time="1.490" /><testcase classname="tests.test_structure_two_backbone_counterexample_regressions" name="test_ccrr_maintenance_rejects_a_twin_runtime_payload_at_the_same_head_state" time="0.020" /><testcase classname="tests.test_structure_two_backbone_counterexample_regressions" name="test_a_payload_from_an_earlier_execution_of_the_same_runtime_is_rejected" time="0.013" /><testcase classname="tests.test_structure_two_backbone_counterexample_regressions" name="test_rgrc_debt_guard_rejects_a_contradictory_declared_dependency[pchmp-mutation0-negative evidence]" time="0.009" /><testcase classname="tests.test_structure_two_backbone_counterexample_regressions" name="test_rgrc_debt_guard_rejects_a_contradictory_declared_dependency[pchmp-mutation1-foreign message-passing]" time="0.011" /><testcase classname="tests.test_structure_two_backbone_counterexample_regressions" name="test_rgrc_debt_guard_rejects_a_contradictory_declared_dependency[pchmp-mutation2-not a pchmp_safety]" time="0.013" /><testcase classname="tests.test_structure_two_backbone_counterexample_regressions" name="test_rgrc_debt_guard_rejects_a_contradictory_declared_dependency[ccrr-mutation3-applied regime transition]" time="0.014" /><testcase classname="tests.test_structure_two_backbone_counterexample_regressions" name="test_rgrc_debt_guard_rejects_a_contradictory_declared_dependency[ccrr-mutation4-foreign or stale active regime]" time="0.013" /><testcase classname="tests.test_structure_two_backbone_counterexample_regressions" name="test_rgrc_debt_guard_rejects_a_contradictory_declared_dependency[ccrr-mutation5-stale CCRR pending candidate]" time="0.012" /><testcase classname="tests.test_structure_two_backbone_counterexample_regressions" name="test_rgrc_debt_guard_rejects_a_contradictory_declared_dependency[ccrr-mutation6-not a ccrr_safety]" time="0.013" /><testcase classname="tests.test_structure_two_backbone_counterexample_regressions" name="test_the_rgrc_debt_guard_never_authorizes_a_long_term_write" time="0.011" /><testcase classname="tests.test_structure_two_backbone_counterexample_regressions" name="test_a_refused_p0_commit_leaves_no_pending_debt_and_no_state_change" time="1.407" /><testcase classname="tests.test_structure_two_execution_interface" name="test_cross_thread_lock_handoff_fails_without_waiting_for_foreign_release[wrapper]" time="1.388"><failure message="AssertionError: transaction waited for a foreign lock owner&#10;assert not True&#10; +  where True = is_alive()&#10; +    where is_alive = &lt;Thread(Thread-3 (invoke), started daemon 22596)&gt;.is_alive">lock_target = 'wrapper'

    @pytest.mark.parametrize("lock_target", ["core", "wrapper", "ccrr"])
    def test_cross_thread_lock_handoff_fails_without_waiting_for_foreign_release(
        lock_target: str,
    ) -&gt; None:
        system, transition = _system_and_transition()
        before_state = _state_fingerprint(system)
        target_lock = {
            "core": system.core._execution_lock,
            "wrapper": system._execution_lock,
            "ccrr": system.core._automatic_regimes.ccrr._lock,
        }[lock_target]
        worker_has_lock = Event()
        release_worker = Event()
        worker: Thread | None = None
    
        class LockHandoffSink(RecordingSink):
            def commit(self, trace: StructureTwoExecutionTrace, /) -&gt; TraceCommitAck:
                nonlocal worker
                acknowledgement = super().commit(trace)
                if lock_target != "ccrr":
                    target_lock.release()
    
                def hold_lock() -&gt; None:
                    with target_lock:
                        worker_has_lock.set()
                        assert release_worker.wait(timeout=5.0)
    
                worker = Thread(target=hold_lock, daemon=True)
                worker.start()
                assert worker_has_lock.wait(timeout=5.0)
                return acknowledgement
    
        sink = LockHandoffSink()
        outcome: list[BaseException | None] = []
    
        def invoke() -&gt; None:
            try:
                system.process_transition(
                    transition,
                    execution_plan=canonical_legacy_ordinary_transition_plan(),
                    trace_sink=sink,
                )
            except BaseException as error:
                outcome.append(error)
            else:
                outcome.append(None)
    
        caller = Thread(target=invoke, daemon=True)
        caller.start()
        try:
            caller.join(timeout=1.0)
&gt;           assert not caller.is_alive(), "transaction waited for a foreign lock owner"
E           AssertionError: transaction waited for a foreign lock owner
E           assert not True
E            +  where True = is_alive()
E            +    where is_alive = &lt;Thread(Thread-3 (invoke), started daemon 22596)&gt;.is_alive

tests\test_structure_two_execution_interface.py:1593: AssertionError</failure></testcase><testcase classname="tests.test_structure_two_execution_interface" name="test_sink_failure_or_wrong_ack_rolls_back_complete_transition_state[WrongAcknowledgementSink]" time="1.412" /><testcase classname="tests.test_structure_two_backbone_operator_wiring" name="test_negative_and_same_location_closures_differ_in_state_but_not_in_committed_memory" time="3.047" /><testcase classname="tests.test_structure_two_backbone_counterexample_regressions" name="test_a_passing_p0_dependency_check_does_not_make_the_body_upstream_dependent" time="0.008" /><testcase classname="tests.test_structure_two_backbone_counterexample_regressions" name="test_a_hybrid_only_retraction_does_not_move_the_decoded_action" time="7.304" /><testcase classname="tests.test_structure_two_execution_interface" name="test_cross_thread_lock_handoff_fails_without_waiting_for_foreign_release[ccrr]" time="1.659"><failure message="AssertionError: transaction waited for a foreign lock owner&#10;assert not True&#10; +  where True = is_alive()&#10; +    where is_alive = &lt;Thread(Thread-5 (invoke), started daemon 26764)&gt;.is_alive">lock_target = 'ccrr'

    @pytest.mark.parametrize("lock_target", ["core", "wrapper", "ccrr"])
    def test_cross_thread_lock_handoff_fails_without_waiting_for_foreign_release(
        lock_target: str,
    ) -&gt; None:
        system, transition = _system_and_transition()
        before_state = _state_fingerprint(system)
        target_lock = {
            "core": system.core._execution_lock,
            "wrapper": system._execution_lock,
            "ccrr": system.core._automatic_regimes.ccrr._lock,
        }[lock_target]
        worker_has_lock = Event()
        release_worker = Event()
        worker: Thread | None = None
    
        class LockHandoffSink(RecordingSink):
            def commit(self, trace: StructureTwoExecutionTrace, /) -&gt; TraceCommitAck:
                nonlocal worker
                acknowledgement = super().commit(trace)
                if lock_target != "ccrr":
                    target_lock.release()
    
                def hold_lock() -&gt; None:
                    with target_lock:
                        worker_has_lock.set()
                        assert release_worker.wait(timeout=5.0)
    
                worker = Thread(target=hold_lock, daemon=True)
                worker.start()
                assert worker_has_lock.wait(timeout=5.0)
                return acknowledgement
    
        sink = LockHandoffSink()
        outcome: list[BaseException | None] = []
    
        def invoke() -&gt; None:
            try:
                system.process_transition(
                    transition,
                    execution_plan=canonical_legacy_ordinary_transition_plan(),
                    trace_sink=sink,
                )
            except BaseException as error:
                outcome.append(error)
            else:
                outcome.append(None)
    
        caller = Thread(target=invoke, daemon=True)
        caller.start()
        try:
            caller.join(timeout=1.0)
&gt;           assert not caller.is_alive(), "transaction waited for a foreign lock owner"
E           AssertionError: transaction waited for a foreign lock owner
E           assert not True
E            +  where True = is_alive()
E            +    where is_alive = &lt;Thread(Thread-5 (invoke), started daemon 26764)&gt;.is_alive

tests\test_structure_two_execution_interface.py:1593: AssertionError</failure></testcase><testcase classname="tests.test_structure_two_execution_interface" name="test_sink_reentrancy_is_rejected_without_a_second_state_transition" time="1.678" /><testcase classname="tests.test_structure_two_execution_interface" name="test_callable_binding_rejects_disk_source_drift_from_loaded_code" time="0.019" /><testcase classname="tests.test_structure_two_adaptive_runtime" name="test_state_dependent_router_executes_each_non_escalation_path[P0_SAFE_DEFERRED]" time="1.624" /><testcase classname="tests.test_structure_two_execution_interface" name="test_cross_thread_sink_callback_fails_fast_instead_of_deadlocking" time="1.640" /><testcase classname="tests.test_structure_two_backbone_operator_wiring" name="test_same_location_verification_moves_the_action_only_across_the_owner_mass_floor" time="29.113" /><testcase classname="tests.test_structure_two_adaptive_runtime" name="test_state_dependent_router_executes_each_non_escalation_path[P1_EVENT_ACTOR_LOCAL]" time="1.451" /><testcase classname="tests.test_structure_two_execution_interface" name="test_public_mutator_fails_fast_while_trace_sink_commit_is_in_progress" time="1.666" /><testcase classname="tests.test_structure_two_adaptive_runtime" name="test_state_dependent_router_executes_each_non_escalation_path[P2_REGIME_RECOVERY_LOCAL]" time="1.430" /><testcase classname="tests.test_structure_two_execution_interface" name="test_trace_rejects_disabled_operator_configuration_before_state_change[cause_factorized_bocpd_enabled]" time="0.008" /><testcase classname="tests.test_structure_two_execution_interface" name="test_trace_rejects_disabled_operator_configuration_before_state_change[ccrr_enabled]" time="0.005" /><testcase classname="tests.test_structure_two_execution_interface" name="test_trace_rejects_disabled_rgrc_gate_before_state_change" time="0.006" /><testcase classname="tests.test_structure_two_execution_interface" name="test_sink_state_mutation_is_detected_tombstoned_and_rolled_back" time="1.412" /><testcase classname="tests.test_structure_two_adaptive_runtime" name="test_state_dependent_router_executes_each_non_escalation_path[P3_ACTIVE_VERIFY]" time="1.786" /><testcase classname="tests.test_structure_two_backbone_counterexample_regressions" name="test_a_negative_ciav_observation_computes_a_real_local_posterior" time="1.408" /><testcase classname="tests.test_structure_two_execution_interface" name="test_sink_cannot_mutate_the_sealed_trace_before_acknowledging_it" time="1.394" /><testcase classname="tests.test_structure_two_adaptive_runtime" name="test_state_dependent_router_executes_each_non_escalation_path[P4_EVENT_ACTOR_PLUS_REGIME]" time="1.416" /><testcase classname="tests.test_structure_two_late_counter_evidence_chain" name="test_formal_counter_evidence_removes_exactly_one_lineage_and_reconciles" time="7.950" /><testcase classname="tests.test_structure_two_execution_interface" name="test_unverified_sink_compensation_is_explicit_while_model_state_rolls_back" time="1.399" /><testcase classname="tests.test_structure_two_adaptive_runtime" name="test_expired_p0_debt_forces_p5_and_settles_the_exact_deferred_transition" time="3.613" /><testcase classname="tests.test_structure_two_execution_interface" name="test_abort_cannot_mutate_the_only_trace_snapshot_and_acknowledge_a_different_hash" time="1.381" /><testcase classname="tests.test_structure_two_execution_interface" name="test_sink_configuration_or_component_replacement_is_aborted_and_rolled_back[configuration]" time="1.381" /><testcase classname="tests.test_structure_two_execution_interface" name="test_sink_configuration_or_component_replacement_is_aborted_and_rolled_back[component]" time="1.486" /><testcase classname="tests.test_structure_two_adaptive_runtime" name="test_evaluation_only_direct_p5_runs_the_real_full_eager_path_without_router_drift" time="3.492" /><testcase classname="tests.test_structure_two_execution_interface" name="test_sink_configuration_or_component_replacement_is_aborted_and_rolled_back[fusion_configuration]" time="1.435" /><testcase classname="tests.test_structure_two_execution_interface" name="test_sink_configuration_or_component_replacement_is_aborted_and_rolled_back[feedback_projector_state]" time="1.489" /><testcase classname="tests.test_structure_two_late_counter_evidence_chain" name="test_repeated_counter_evidence_never_double_counts_and_stays_reconciled" time="11.497" /><testcase classname="tests.test_structure_two_adaptive_runtime" name="test_neutral_ciav_actor_likelihood_preserves_primary_pchmp_posterior" time="1.521" /><testcase classname="tests.test_structure_two_execution_interface" name="test_sink_configuration_or_component_replacement_is_aborted_and_rolled_back[execution_lock]" time="1.636" /><testcase classname="tests.test_structure_two_adaptive_runtime" name="test_evaluation_only_direct_p5_fails_closed_without_ciav_or_with_debt" time="1.622" /><testcase classname="tests.test_structure_two_execution_interface" name="test_sink_production_wrapper_mutation_is_aborted_and_rolled_back[core]" time="1.509" /><testcase classname="tests.test_structure_two_adaptive_runtime" name="test_failed_expired_p0_debt_replay_restores_entry_and_lock_identity" time="3.306" /><testcase classname="tests.test_structure_two_execution_interface" name="test_sink_production_wrapper_mutation_is_aborted_and_rolled_back[feedback_revision_loop]" time="1.436" /><testcase classname="tests.test_structure_two_execution_interface" name="test_sink_production_wrapper_mutation_is_aborted_and_rolled_back[cause_information_planner]" time="1.457" /><testcase classname="tests.test_structure_two_adaptive_runtime" name="test_safe_abstention_and_stale_features_cannot_mutate_runtime" time="0.012" /><testcase classname="tests.test_structure_two_adaptive_runtime" name="test_adaptive_sink_failure_rolls_back_core_debt_and_ciav_state" time="1.723" /><testcase classname="tests.test_structure_two_execution_interface" name="test_sink_production_wrapper_mutation_is_aborted_and_rolled_back[ciav_opceu_loop]" time="1.732" /><testcase classname="tests.test_structure_two_adaptive_runtime" name="test_forged_complete_adaptive_mode_vector_is_rejected" time="0.003" /><testcase classname="tests.test_structure_two_adaptive_runtime_adversarial_round1" name="test_round1_pending_debt_cannot_accumulate_behind_a_new_transition" time="1.800" /><testcase classname="tests.test_structure_two_execution_interface" name="test_sink_production_wrapper_mutation_is_aborted_and_rolled_back[execution_lock]" time="1.765" /><testcase classname="tests.test_structure_two_adaptive_runtime_adversarial_round1" name="test_round1_pending_debt_blocks_legacy_and_direct_core_branch_evolution" time="3.712" /><testcase classname="tests.test_structure_two_execution_interface" name="test_sink_production_wrapper_mutation_is_aborted_and_rolled_back[planner_state]" time="1.664" /><testcase classname="tests.test_structure_two_late_counter_evidence_chain" name="test_an_identical_counter_evidence_replay_is_an_idempotent_no_op" time="8.419" /><testcase classname="tests.test_structure_two_execution_interface" name="test_sink_production_wrapper_mutation_is_aborted_and_rolled_back[feedback_engine_version]" time="1.441" /><testcase classname="tests.test_structure_two_execution_interface" name="test_sink_production_wrapper_mutation_is_aborted_and_rolled_back[feedback_projector_state]" time="1.676" /><testcase classname="tests.test_structure_two_adaptive_runtime_adversarial_round1" name="test_round1_replayed_debt_is_exactly_once" time="4.118" /><testcase classname="tests.test_structure_two_execution_interface" name="test_sink_production_wrapper_mutation_is_aborted_and_rolled_back[evidence_trace_state]" time="1.799" /><testcase classname="tests.test_structure_two_backbone_operator_wiring" name="test_open_actor_support_is_preserved_end_to_end_and_support_drift_is_refused" time="2.786" /><testcase classname="tests.test_structure_two_execution_interface" name="test_sink_lock_ownership_mutation_is_aborted_normalized_and_rolled_back[core_release]" time="1.415" /><testcase classname="tests.test_structure_two_adaptive_runtime_adversarial_round1" name="test_round1_debt_replay_rejects_substituted_ciav_input" time="1.908" /><testcase classname="tests.test_structure_two_backbone_operator_wiring" name="test_unknown_actor_mass_survives_a_full_open_world_timeline" time="10.014" /><testcase classname="tests.test_structure_two_execution_interface" name="test_sink_lock_ownership_mutation_is_aborted_normalized_and_rolled_back[core_acquire]" time="1.441" /><testcase classname="tests.test_structure_two_execution_interface" name="test_sink_lock_ownership_mutation_is_aborted_normalized_and_rolled_back[wrapper_release]" time="1.402" /><testcase classname="tests.test_structure_two_adaptive_runtime_adversarial_round1" name="test_round1_adaptive_step_index_is_strictly_monotone" time="2.579" /><testcase classname="tests.test_structure_two_late_counter_evidence_chain" name="test_counter_evidence_citing_an_already_retracted_revision_is_refused_cleanly" time="8.983" /><testcase classname="tests.test_structure_two_execution_interface" name="test_sink_lock_ownership_mutation_is_aborted_normalized_and_rolled_back[wrapper_acquire]" time="1.443" /><testcase classname="tests.test_structure_two_adaptive_runtime_adversarial_round1" name="test_round1_ciav_realizer_failure_rolls_back_every_local_state" time="0.695" /><testcase classname="tests.test_structure_two_execution_interface" name="test_sink_lock_ownership_mutation_is_aborted_normalized_and_rolled_back[ccrr_acquire]" time="1.422" /><testcase classname="tests.test_structure_two_adaptive_runtime_adversarial_round1" name="test_round1_ciav_no_action_keeps_primary_write_quarantined" time="1.459" /><testcase classname="tests.test_structure_two_execution_interface" name="test_sink_lock_ownership_mutation_is_aborted_normalized_and_rolled_back[ledger_acquire]" time="1.452" /><testcase classname="tests.test_structure_two_adaptive_runtime_adversarial_round1" name="test_round1_same_location_ciav_detection_closes_feedback_without_fabrication" time="1.521" /><testcase classname="tests.test_structure_two_execution_interface" name="test_sink_lock_ownership_mutation_is_aborted_normalized_and_rolled_back[map_acquire]" time="1.367" /><testcase classname="tests.test_structure_two_adaptive_runtime_adversarial_round1" name="test_round1_trace_binds_route_policy_input_and_positive_resource_measurements" time="1.832" /><testcase classname="tests.test_structure_two_execution_interface" name="test_sink_cannot_swap_an_in_place_attestation_verifier_key[core]" time="1.497" /><testcase classname="tests.test_structure_two_adaptive_runtime_adversarial_round2" name="test_round2_rehashed_router_selection_cannot_splice_a_different_path" time="0.623" /><testcase classname="tests.test_structure_two_backbone_operator_wiring" name="test_regime_creation_and_reactivation_happen_on_the_production_direct_p5_path" time="88.455" /><testcase classname="tests.test_structure_two_execution_interface" name="test_sink_cannot_swap_an_in_place_attestation_verifier_key[wrapper]" time="1.410" /><testcase classname="tests.test_structure_two_adaptive_runtime_adversarial_round2" name="test_round2_caller_cannot_upgrade_runtime_denial_flags" time="0.011" /><testcase classname="tests.test_structure_two_adaptive_runtime_adversarial_round2" name="test_round2_policy_hash_substitution_is_rejected_before_execution" time="0.011" /><testcase classname="tests.test_structure_two_adaptive_runtime_adversarial_round2" name="test_round2_pending_debt_cannot_be_spliced_into_direct_p5_execution" time="2.204" /><testcase classname="tests.test_structure_two_late_counter_evidence_chain" name="test_counter_evidence_bound_to_a_superseded_snapshot_is_refused_cleanly" time="8.357" /><testcase classname="tests.test_structure_two_execution_interface" name="test_abort_lock_mutation_is_not_accepted_as_successful_compensation" time="1.372" /><testcase classname="tests.test_structure_two_adaptive_runtime_adversarial_round2" name="test_round2_same_source_realizer_closures_have_distinct_content_identities" time="0.012" /><testcase classname="tests.test_structure_two_adaptive_runtime_adversarial_round2" name="test_round2_realizer_cannot_mutate_its_bound_closure_during_execution" time="0.664" /><testcase classname="tests.test_structure_two_execution_interface" name="test_abort_cannot_temporarily_release_the_production_serialization_lock" time="1.424" /><testcase classname="tests.test_structure_two_adaptive_runtime_adversarial_round2" name="test_round2_ciav_callback_cannot_rebind_authorization_mid_transaction" time="0.717" /><testcase classname="tests.test_structure_two_adaptive_runtime_adversarial_round2" name="test_round2_ciav_callback_cannot_rewrite_committed_step_via_caller_context" time="1.872" /><testcase classname="tests.test_structure_two_execution_interface" name="test_commit_keyboard_interrupt_is_compensated_and_model_state_is_rolled_back" time="1.487" /><testcase classname="tests.test_structure_two_adaptive_runtime_adversarial_round2" name="test_round2_direct_adaptive_overload_detaches_caller_context_before_callback" time="1.813" /><testcase classname="tests.test_structure_two_execution_interface" name="test_operator_keyboard_interrupt_rolls_back_without_attempting_sink_commit" time="1.239" /><testcase classname="tests.test_structure_two_execution_interface" name="test_runtime_lock_prevents_a_stale_concurrent_checkpoint_from_erasing_success" time="1.612" /><testcase classname="tests.test_structure_two_adaptive_runtime_adversarial_round2" name="test_round2_sink_cannot_mutate_debt_or_replay_guard_state" time="1.608" /><testcase classname="tests.test_structure_two_execution_interface" name="test_direct_core_entrypoint_uses_the_same_contract_without_claiming_production_runtime" time="0.473" /><testcase classname="tests.test_structure_two_late_counter_evidence_chain" name="test_a_partial_failure_mid_revision_restores_every_statistical_quantity" time="8.823" /><testcase classname="tests.test_structure_two_execution_interface" name="test_sink_cannot_mutate_live_operator_configuration_in_place[bocpd_reset_matrix]" time="1.516" /><testcase classname="tests.test_structure_two_adaptive_runtime_adversarial_round2" name="test_round2_fully_rehashed_but_wrong_adaptive_dag_is_rejected" time="1.695" /><testcase classname="tests.test_structure_two_execution_interface" name="test_sink_cannot_mutate_live_operator_configuration_in_place[ccrr_threshold]" time="1.449" /><testcase classname="tests.test_structure_two_adaptive_runtime_adversarial_round2" name="test_round2_sink_cannot_zero_measured_resource_receipts" time="1.243" /><testcase classname="tests.test_structure_two_execution_interface" name="test_preexisting_rls_graph_is_guarded_and_rolled_back_in_place[head_copy]" time="1.607" /><testcase classname="tests.test_structure_two_p5_direct_trace_probe" name="test_direct_p5_trace_probe_fresh_recompute_passes" time="3.683" /><testcase classname="tests.test_structure_two_execution_interface" name="test_preexisting_rls_graph_is_guarded_and_rolled_back_in_place[model_config]" time="1.424" /><testcase classname="tests.test_structure_two_execution_interface" name="test_preexisting_rls_graph_is_guarded_and_rolled_back_in_place[commit_failure]" time="1.403" /><testcase classname="tests.test_structure_two_p5_direct_trace_probe" name="test_direct_p5_trace_probe_rejects_resigned_trace_projection_tamper" time="1.879" /><testcase classname="tests.test_structure_two_execution_interface" name="test_factory_configuration_and_nested_rows_are_guarded_and_restored[head_factory_configuration]" time="1.442" /><testcase classname="tests.test_structure_two_p5_direct_trace_probe" name="test_direct_p5_trace_probe_rejects_claim_promotion" time="1.930" /><testcase classname="tests.test_structure_two_late_counter_evidence_chain" name="test_enough_counter_evidence_moves_the_decoded_put_back_choice" time="11.893" /><testcase classname="tests.test_structure_two_execution_interface" name="test_factory_configuration_and_nested_rows_are_guarded_and_restored[habit_row_copy]" time="1.744" /><testcase classname="tests.test_structure_two_p5_debt_replay_confirmation" name="test_replay_config_is_engineering_only_and_keeps_coverage_limits_explicit" time="0.014" /><testcase classname="tests.test_structure_two_p5_debt_replay_confirmation" name="test_one_positive_transition_matches_direct_and_production_debt_replay" time="11.115" /><testcase classname="tests.test_structure_two_execution_interface" name="test_factory_configuration_and_nested_rows_are_guarded_and_restored[receipt_row_copy]" time="1.841" /><testcase classname="tests.test_structure_two_w3_revision_acceptance" name="test_correction_rollback_and_same_feedback_retry[legacy-hybrid]" time="9.577" /><testcase classname="tests.test_structure_two_late_counter_evidence_chain" name="test_counter_evidence_against_the_runner_up_must_not_move_the_choice" time="8.495" /><testcase classname="tests.test_structure_two_p5_debt_replay_confirmation" name="test_different_location_feedback_has_representable_time_and_replays" time="11.603" /><testcase classname="tests.test_structure_two_w3_revision_acceptance" name="test_correction_rollback_and_same_feedback_retry[legacy-dirichlet]" time="9.589" /><testcase classname="tests.test_structure_two_late_counter_evidence_chain" name="test_counter_evidence_on_an_adaptively_committed_event_removes_its_lineage" time="26.854" /><testcase classname="tests.test_structure_two_w3_revision_acceptance" name="test_correction_rollback_and_same_feedback_retry[legacy-rls]" time="9.205" /><testcase classname="tests.test_structure_two_p5_debt_replay_confirmation" name="test_artifact_numeric_forgery_fails_fresh_recomputation" time="1.468" /><testcase classname="tests.test_structure_two_p5_debt_replay_confirmation" name="test_artifact_verifier_rejects_hash_only_verification" time="0.001" /><testcase classname="tests.test_structure_two_formal_revision_lineage" name="test_a_feedback_legal_before_an_unrelated_retraction_is_still_processable" time="8.915" /><testcase classname="tests.test_structure_two_w3_revision_acceptance" name="test_correction_rollback_and_same_feedback_retry[direct_p5-hybrid]" time="30.342" /><testcase classname="tests.test_structure_two_formal_revision_lineage" name="test_a_snapshot_this_runtime_never_published_for_the_revision_is_refused" time="8.985" /><testcase classname="tests.test_structure_two_formal_revision_lineage" name="test_a_late_feedback_for_an_already_retracted_revision_is_refused_recoverably" time="11.588" /><testcase classname="tests.test_structure_two_late_counter_evidence_chain" name="test_one_formal_revision_never_promotes_a_write_blocked_quarantined_observation" time="25.974" /><testcase classname="tests.test_structure_two_formal_revision_lineage" name="test_a_relocated_feedback_replayed_a_second_time_is_an_idempotent_no_op" time="9.465" /><testcase classname="tests.test_structure_two_w3_revision_acceptance" name="test_correction_rollback_and_same_feedback_retry[direct_p5-dirichlet]" time="22.980" /><testcase classname="tests.test_structure_two_formal_revision_lineage" name="test_a_failed_relocated_transaction_leaves_no_relocation_row" time="8.552" /><testcase classname="tests.test_structure_two_backbone_operator_wiring" name="test_retracting_a_promoted_revision_removes_its_contribution_exactly_once" time="6.492" /><testcase classname="tests.test_structure_two_operator_causal_matrix" name="test_opceu_applied_weight_matches_the_frozen_inverse_propensity_formula" time="0.003" /><testcase classname="tests.test_structure_two_operator_causal_matrix" name="test_opceu_visibility_intervention_reaches_the_numeric_state_and_the_decision" time="22.728" /><testcase classname="tests.test_structure_two_operator_coverage_matrix" name="test_the_legacy_entrypoint_never_calls_ciav_and_the_formal_lanes_do" time="115.869" /><testcase classname="tests.test_structure_two_backbone_operator_wiring" name="test_p0_defers_orrer_and_ciav_behind_exactly_one_bound_debt_certificate" time="1.329" /><testcase classname="tests.test_structure_two_backbone_operator_wiring" name="test_expired_debt_replay_runs_p5_settles_once_and_refuses_a_repeat" time="3.314" /><testcase classname="tests.test_structure_two_backbone_operator_wiring" name="test_pending_debt_blocks_every_other_production_entrypoint" time="1.506" /><testcase classname="tests.test_structure_two_backbone_operator_wiring" name="test_a_stale_router_feature_snapshot_is_refused" time="1.576" /><testcase classname="tests.test_structure_two_backbone_operator_wiring" name="test_direct_p5_and_debt_replay_agree_on_every_semantic_quantity" time="5.048" /><testcase classname="tests.test_structure_two_w3_revision_acceptance" name="test_correction_rollback_and_same_feedback_retry[direct_p5-rls]" time="23.820" /><testcase classname="tests.test_structure_two_backbone_operator_wiring" name="test_observable_state_identity_is_run_local_and_not_reproducible" time="3.223" /><testcase classname="tests.test_structure_two_backbone_operator_wiring" name="test_a_refused_trace_commit_rolls_the_model_back_completely" time="1.599" /><testcase classname="tests.test_structure_two_backbone_operator_wiring" name="test_p5_declared_consumption_matches_the_frozen_graph_on_both_phases" time="1.576" /><testcase classname="tests.test_structure_two_operator_causal_matrix" name="test_opceu_null_control_a_field_it_never_reads_changes_nothing" time="27.806" /><testcase classname="tests.test_structure_two_backbone_operator_wiring" name="test_p0_downstream_maintenance_checks_its_declared_upstream_dependency" time="0.005" /><testcase classname="tests.test_structure_two_backbone_operator_wiring" name="test_p0_receipts_are_reproducible_from_the_checked_dependency_chain" time="1.409" /><testcase classname="tests.test_structure_two_backbone_operator_wiring" name="test_every_production_entrypoint_leaves_the_feedback_revision_loop_uninvoked" time="5.071" /><testcase classname="tests.test_structure_two_backbone_operator_wiring" name="test_the_declared_orrer_cheh_instances_share_the_actual_core_engine" time="0.222" /><testcase classname="tests.test_structure_two_backbone_operator_wiring" name="test_only_the_first_declared_instance_of_each_operator_is_identity_checked" time="1.866" /><testcase classname="tests.test_structure_two_backbone_operator_wiring" name="test_rgrc_is_receipted_as_an_enclosing_runtime_stage_not_a_direct_callable" time="1.474" /><testcase classname="tests.test_structure_two_backbone_operator_wiring" name="test_long_term_consolidation_on_the_adaptive_lane_needs_a_different_location_closure[detected_same_location-False]" time="24.762" /><testcase classname="tests.test_structure_two_w3_revision_acceptance" name="test_correction_rollback_and_same_feedback_retry[debt_replay-hybrid]" time="54.257" /><testcase classname="tests.test_structure_two_operator_causal_matrix" name="test_orrer_unresolved_mass_intervention_moves_the_posterior_and_the_numeric_state" time="31.646" /><testcase classname="tests.test_structure_two_backbone_operator_wiring" name="test_long_term_consolidation_on_the_adaptive_lane_needs_a_different_location_closure[not_detected-False]" time="28.387" /><testcase classname="tests.test_structure_two_operator_causal_matrix" name="test_orrer_preserves_open_actor_and_unresolved_support_as_an_invariant" time="3.461" /><testcase classname="tests.test_structure_two_operator_causal_matrix" name="test_orrer_null_control_the_same_inputs_reproduce_the_same_hypothesis_set" time="6.957" /><testcase classname="tests.test_structure_two_backbone_operator_wiring" name="test_long_term_consolidation_on_the_adaptive_lane_needs_a_different_location_closure[detected_different_location-True]" time="39.344" /><testcase classname="tests.test_structure_two_w3_revision_acceptance" name="test_correction_rollback_and_same_feedback_retry[debt_replay-dirichlet]" time="60.326" /><testcase classname="tests.test_structure_two_operator_causal_matrix" name="test_pchmp_evidence_intervention_reaches_the_numeric_state_and_the_decision" time="32.578" /><testcase classname="tests.test_structure_two_operator_coverage_matrix" name="test_a_formal_lane_receipts_all_seven_operators_with_real_bindings[direct_p5]" time="6.539" /><testcase classname="tests.test_structure_two_operator_coverage_matrix" name="test_a_formal_lane_receipts_all_seven_operators_with_real_bindings[debt_replay]" time="8.424" /><testcase classname="tests.test_structure_two_operator_causal_matrix" name="test_pchmp_posterior_is_normalized_and_keeps_the_frozen_actor_support" time="3.517" /><testcase classname="tests.test_structure_two_backbone_operator_wiring" name="test_the_legacy_ordinary_lane_still_consolidates_the_same_timeline" time="9.001" /><testcase classname="tests.test_structure_two_operator_causal_matrix" name="test_pchmp_null_control_reordering_the_same_evidence_is_semantically_invariant" time="34.277" /><testcase classname="tests.test_structure_two_operator_coverage_matrix" name="test_ciav_consumes_the_cf_bocpd_object_this_execution_actually_produced" time="6.577" /><testcase classname="tests.test_structure_two_backbone_operator_wiring" name="test_repeating_the_same_fast_verification_is_an_exactly_once_no_op" time="1.740" /><testcase classname="tests.test_core_prototype_spine" name="test_core_prototype_runs_one_transition_end_to_end" time="0.073" /><testcase classname="tests.test_structure_two_production_system" name="test_one_public_runtime_owns_all_seven_real_operator_instances" time="1.162" /><testcase classname="tests.test_structure_two_production_system" name="test_production_assembly_manifest_recomputes_every_source_binding" time="1.709" /><testcase classname="tests.test_structure_two_operator_coverage_matrix" name="test_a_cf_bocpd_upstream_intervention_propagates_into_ciavs_actual_input" time="19.209" /><testcase classname="tests.test_structure_two_production_system" name="test_manifest_cannot_claim_runtime_assembly_without_live_instances" time="0.002" /><testcase classname="tests.test_structure_two_production_system" name="test_declared_override_must_implement_the_operator_contract" time="0.098" /><testcase classname="tests.test_structure_two_production_system" name="test_forged_but_complete_production_manifest_is_rejected" time="1.713" /><testcase classname="tests.test_structure_two_execution_interface" name="test_canonical_plan_is_transitively_immutable_and_not_an_adaptive_path" time="0.001" /><testcase classname="tests.test_structure_two_execution_interface" name="test_adaptive_plan_and_consumption_registries_are_transitively_read_only" time="0.001" /><testcase classname="tests.test_structure_two_execution_interface" name="test_no_argument_entrypoint_bypasses_plan_and_trace_allocation" time="0.571" /><testcase classname="tests.test_structure_two_execution_interface" name="test_registered_pchmp_overrides_support_legacy_and_traced_execution_without_shape_pollution[PriorOnlyMessagePassing]" time="2.687" /><testcase classname="tests.test_structure_two_execution_interface" name="test_registered_pchmp_overrides_support_legacy_and_traced_execution_without_shape_pollution[IndependentEvidenceMessagePassing]" time="2.755" /><testcase classname="tests.test_structure_two_execution_interface" name="test_registered_pchmp_overrides_support_legacy_and_traced_execution_without_shape_pollution[EvaluatorNoDedupMessagePassing]" time="2.604" /><testcase classname="tests.test_structure_two_execution_interface" name="test_registered_pchmp_overrides_support_legacy_and_traced_execution_without_shape_pollution[EvaluatorNoProvenanceFirewallMessagePassing]" time="2.815" /><testcase classname="tests.test_structure_two_w3_revision_acceptance" name="test_correction_rollback_and_same_feedback_retry[debt_replay-rls]" time="58.916" /><testcase classname="tests.test_structure_two_execution_interface" name="test_sink_cannot_replace_registered_pchmp_delegate_and_rollback_preserves_identity" time="1.682" /><testcase classname="tests.test_structure_two_execution_interface" name="test_sink_cannot_mutate_registered_pchmp_delegate_authority_in_place" time="1.384" /><testcase classname="tests.test_structure_two_execution_interface" name="test_plan_and_sink_are_required_as_one_pair_before_state_change[plan]" time="0.007" /><testcase classname="tests.test_structure_two_execution_interface" name="test_plan_and_sink_are_required_as_one_pair_before_state_change[sink]" time="0.005" /><testcase classname="tests.test_structure_two_execution_interface" name="test_reordered_or_adaptive_plan_is_rejected_before_calls" time="0.009" /><testcase classname="tests.test_structure_two_execution_interface" name="test_successful_trace_binds_calls_consumption_chain_and_truthful_ciav_disposition" time="1.671" /><testcase classname="tests.test_structure_two_operator_coverage_matrix" name="test_a_ciav_likelihood_intervention_moves_the_executors_own_input" time="18.298" /><testcase classname="tests.test_structure_two_execution_interface" name="test_receipts_hash_the_actual_bound_callable_inputs_and_outputs" time="2.237" /><testcase classname="tests.test_structure_two_execution_interface" name="test_public_operator_inventory_override_cannot_forge_the_called_instance" time="1.897" /><testcase classname="tests.test_structure_two_execution_interface" name="test_core_rejects_a_provider_not_bound_to_the_objects_it_will_call" time="0.488" /><testcase classname="tests.test_structure_two_w3_operator_acceptance" name="test_ciav_identity_input_is_not_lost_before_ccrr[debt_replay]" time="8.737" /><testcase classname="tests.test_structure_two_operator_causal_matrix" name="test_cf_bocpd_change_probability_responds_to_a_real_signal_shift" time="0.013" /><testcase classname="tests.test_structure_two_operator_causal_matrix" name="test_cf_bocpd_null_control_a_constant_sequence_keeps_the_change_probability_low" time="0.011" /><testcase classname="tests.test_structure_two_operator_causal_matrix" name="test_cf_bocpd_output_is_the_snapshot_ciav_later_reads" time="1.869" /><testcase classname="tests.test_structure_two_operator_causal_matrix" name="test_ccrr_confirmation_window_intervention_changes_the_committed_classification" time="21.947" /><testcase classname="tests.test_structure_two_w3_operator_acceptance" name="test_same_input_same_source_semantics_with_distinct_execution_ids[legacy]" time="4.899" /><testcase classname="tests.test_structure_two_operator_coverage_matrix" name="test_the_formal_lane_coverage_matrix[direct_p5]" time="48.625" /><testcase classname="tests.test_structure_two_w3_operator_acceptance" name="test_same_input_same_source_semantics_with_distinct_execution_ids[direct_p5]" time="13.164" /><testcase classname="tests.test_structure_two_operator_causal_matrix" name="test_ccrr_null_control_the_same_window_reproduces_the_same_classification" time="21.882" /><testcase classname="tests.test_structure_two_w3_operator_acceptance" name="test_same_input_same_source_semantics_with_distinct_execution_ids[debt_replay]" time="26.119" /><testcase classname="tests.test_structure_two_operator_causal_matrix" name="test_ccrr_only_promotes_after_the_confirmation_window_is_satisfied" time="21.942" /><testcase classname="tests.test_structure_two_w3_revision_acceptance" name="test_nonempty_public_authorization_then_revoked_grantor" time="6.837" /><testcase classname="tests.test_structure_two_w3_operator_acceptance" name="test_semantic_ledger_preserves_reference_changes" time="1.484" /><testcase classname="tests.test_structure_two_w3_operator_acceptance" name="test_feedback_history_content_and_replay_are_bound" time="2.229" /><testcase classname="tests.test_structure_two_w3_revision_acceptance" name="test_authorization_is_rolled_back_with_failing_public_transition" time="6.125" /><testcase classname="tests.test_structure_two_w3_supplement" name="test_public_correction_replaces_the_decoded_action_and_old_mass" time="1.037" /><testcase classname="tests.test_structure_two_w3_supplement" name="test_feedback_interruption_restores_all_state_and_allows_retry[hybrid-caller_policy]" time="1.595" /><testcase classname="tests.test_structure_two_w3_supplement" name="test_feedback_interruption_restores_all_state_and_allows_retry[hybrid-multi_axis]" time="1.830" /><testcase classname="tests.test_structure_two_w3_revision_acceptance" name="test_no_authority_and_foreign_feedback_cannot_promote" time="13.518" /><testcase classname="tests.test_structure_two_w3_supplement" name="test_feedback_interruption_restores_all_state_and_allows_retry[dirichlet-caller_policy]" time="1.511" /><testcase classname="tests.test_structure_two_operator_coverage_matrix" name="test_the_formal_lane_coverage_matrix[debt_replay]" time="66.169" /><testcase classname="tests.test_structure_two_w3_supplement" name="test_feedback_interruption_restores_all_state_and_allows_retry[dirichlet-multi_axis]" time="1.811" /><testcase classname="tests.test_structure_two_w3_supplement" name="test_feedback_interruption_restores_all_state_and_allows_retry[rls-caller_policy]" time="1.538" /><testcase classname="tests.test_structure_two_w3_supplement" name="test_feedback_interruption_restores_all_state_and_allows_retry[rls-multi_axis]" time="1.816" /><testcase classname="tests.test_project_two_feedback_revision_loop" name="test_search_failure_lowers_hypothesis_posterior_without_zeroing" time="0.023" /><testcase classname="tests.test_project_two_feedback_revision_loop" name="test_action_success_reinforces_matching_hypotheses" time="0.025" /><testcase classname="tests.test_project_two_feedback_revision_loop" name="test_feedback_creates_new_revision_and_keeps_old_traceable" time="0.026" /><testcase classname="tests.test_project_two_feedback_revision_loop" name="test_unexplainable_feedback_grows_unresolved_not_a_fake_actor" time="0.024" /><testcase classname="tests.test_project_two_feedback_revision_loop" name="test_actor_revision_emits_project_one_retract_request" time="0.026" /><testcase classname="tests.test_project_two_feedback_revision_loop" name="test_duplicate_feedback_is_idempotent" time="0.026" /><testcase classname="tests.test_project_two_feedback_revision_loop" name="test_provenance_firewall_rejected_feedback_does_not_change_posterior" time="0.011" /><testcase classname="tests.test_project_two_feedback_revision_loop" name="test_actor_discriminating_evidence_changes_owner_vs_guest_odds" time="0.028" /><testcase classname="tests.test_project_two_feedback_revision_loop" name="test_presence_only_feedback_keeps_owner_guest_odds_fixed" time="0.030" /><testcase classname="tests.test_project_two_feedback_revision_loop" name="test_place_feedback_route_is_isolated_not_folded_to_presence" time="0.013" /><testcase classname="tests.test_project_two_feedback_revision_loop" name="test_forged_replay_with_different_content_is_rejected" time="0.030" /><testcase classname="tests.test_project_two_feedback_revision_loop" name="test_feedback_wrong_location_is_rejected" time="0.015" /><testcase classname="tests.test_project_two_feedback_revision_loop" name="test_feedback_before_event_end_is_rejected" time="0.009" /><testcase classname="tests.test_project_two_feedback_revision_loop" name="test_feedback_foreign_household_is_rejected" time="0.011" /><testcase classname="tests.test_project_two_feedback_revision_loop" name="test_pchmp_and_orrer_posteriors_agree" time="0.022" /><testcase classname="tests.test_project_two_feedback_revision_loop" name="test_project_one_consumes_a_correct_request" time="0.031" /><testcase classname="tests.test_project_two_feedback_revision_loop" name="test_delayed_feedback_after_a_subsequent_move_is_rejected" time="0.009" /><testcase classname="tests.test_project_two_feedback_revision_loop" name="test_actor_discrimination_evidence_is_validated[ratios0-v@1]" time="0.010" /><testcase classname="tests.test_project_two_feedback_revision_loop" name="test_actor_discrimination_evidence_is_validated[ratios1-v@1]" time="0.014" /><testcase classname="tests.test_project_two_feedback_revision_loop" name="test_actor_discrimination_evidence_is_validated[ratios2-v@1]" time="0.011" /><testcase classname="tests.test_project_two_feedback_revision_loop" name="test_actor_discrimination_evidence_is_validated[ratios3-v@1]" time="0.013" /><testcase classname="tests.test_project_two_feedback_revision_loop" name="test_actor_discrimination_evidence_is_validated[ratios4-]" time="0.011" /><testcase classname="tests.test_project_two_feedback_revision_loop" name="test_replay_against_incompatible_history_raises_lineage_conflict" time="0.033" /><testcase classname="tests.test_project_two_feedback_revision_loop" name="test_reinforce_request_produces_a_real_statistic_update" time="0.004" /><testcase classname="tests.test_project_two_feedback_revision_loop" name="test_place_feedback_with_transition_model_does_multi_axis_revision" time="0.062" /><testcase classname="tests.test_project_two_feedback_revision_loop" name="test_place_feedback_without_transition_model_is_still_isolated" time="0.013" /><testcase classname="tests.test_project_two_feedback_revision_loop" name="test_original_history_replay_returns_history_with_corrected_revision" time="0.025" /><testcase classname="tests.test_project_two_feedback_revision_loop" name="test_mutating_first_outcome_does_not_pollute_cached_replay" time="0.025" /><testcase classname="tests.test_project_two_feedback_revision_loop" name="test_actor_and_transition_sources_appear_in_revision_provenance" time="0.091" /><testcase classname="tests.test_project_two_feedback_revision_loop" name="test_replay_with_different_actor_evidence_is_a_conflict" time="0.027" /><testcase classname="tests.test_project_two_feedback_revision_loop" name="test_place_wrong_location_yields_a_corrected_destination" time="0.090" /><testcase classname="tests.test_project_two_feedback_revision_loop" name="test_place_probability_without_observed_landing_does_not_rewrite_destination" time="0.068" /><testcase classname="tests.test_project_two_feedback_revision_loop" name="test_place_failure_with_observed_landing_can_revise_location" time="0.131" /><testcase classname="tests.test_project_two_feedback_revision_loop" name="test_same_transition_model_success_and_slip_produce_different_posteriors" time="0.141" /><testcase classname="tests.test_structure_two_operator_causal_matrix" name="test_rgrc_hybrid_mass_reconciles_with_the_surviving_committed_events" time="7.565" /><testcase classname="tests.test_project_two_feedback_revision_loop" name="test_slip_at_an_alternate_location_does_not_rewrite_event_destination" time="0.070" /><testcase classname="tests.test_project_two_feedback_revision_loop" name="test_unknown_mechanism_is_separate_from_global_unresolved_and_actor_unknown" time="0.067" /><testcase classname="tests.test_project_two_feedback_revision_loop" name="test_search_window_spanning_a_subsequent_move_is_rejected" time="0.013" /><testcase classname="tests.test_project_two_feedback_revision_loop" name="test_place_three_revisions_have_a_verified_parent_chain" time="0.064" /><testcase classname="tests.test_project_two_revision_action_trace" name="test_trace_is_immutable_and_reaches_next_action_from_source_feedback" time="8.562" /><testcase classname="tests.test_structure_two_w3_revision_acceptance" name="test_independent_reference_detects_controlled_faults[omit_correction]" time="26.250" /><testcase classname="tests.test_structure_two_operator_causal_matrix" name="test_rgrc_quarantine_gate_keeps_the_adaptive_primary_pass_out_of_long_term_memory" time="10.587" /><testcase classname="tests.test_project_two_revision_action_trace" name="test_operator_contract_rejects_a_state_change_without_execution" time="0.001" /><testcase classname="tests.test_project_two_revision_action_trace" name="test_trace_contract_rejects_forged_but_complete_positive_paths" time="5.340" /><testcase classname="tests.test_project_two_revision_action_trace" name="test_scored_trace_rejects_forged_index_distribution_and_utility" time="5.254" /><testcase classname="tests.test_structure_two_operator_causal_matrix" name="test_ciav_owner_likelihood_intervention_moves_the_decoded_choice" time="29.837" /><testcase classname="tests.test_project_two_revision_action_trace" name="test_evaluator_rejects_unscored_trace_that_disagrees_with_actual_prediction" time="5.181" /><testcase classname="tests.test_project_two_revision_action_trace" name="test_action_contract_binds_location_semantics" time="0.001" /><testcase classname="tests.test_project_two_revision_action_trace" name="test_replay_never_applies_project_one_delta_twice" time="5.351" /><testcase classname="tests.test_project_two_revision_action_trace" name="test_every_request_has_explicit_applied_deferred_rejected_or_replay_status" time="8.751" /><testcase classname="tests.test_structure_two_w3_revision_acceptance" name="test_independent_reference_detects_controlled_faults[extra_blocked]" time="26.638" /><testcase classname="tests.test_project_two_revision_action_trace" name="test_actor_marginal_includes_known_actor_mass_inside_unknown_mechanism_bucket" time="5.023" /><testcase classname="tests.test_project_two_revision_action_trace" name="test_probabilistic_place_success_without_observed_landing_never_hard_rewrites_location" time="8.902" /><testcase classname="tests.test_structure_two_operator_causal_matrix" name="test_ciav_null_control_a_privacy_blocked_action_changes_no_state" time="1.488" /><testcase classname="tests.test_structure_two_operator_causal_matrix" name="test_binding_kind_is_reported_separately_from_algorithmic_equivalence" time="2.025" /><testcase classname="tests.test_structure_two_ciav_negative_observation_layers" name="test_layer_one_the_local_actor_posterior_is_an_exact_bayes_update[detected_same_location]" time="1.684" /><testcase classname="tests.test_project_two_revision_action_trace" name="test_deferred_request_retries_exactly_once_after_quarantine_promotion" time="6.400" /><testcase classname="tests.test_structure_two_ciav_negative_observation_layers" name="test_layer_one_the_local_actor_posterior_is_an_exact_bayes_update[detected_different_location]" time="1.904" /><testcase classname="tests.test_structure_two_ciav_negative_observation_layers" name="test_layer_one_the_local_actor_posterior_is_an_exact_bayes_update[not_detected]" time="1.450" /><testcase classname="tests.test_structure_two_ciav_negative_observation_layers" name="test_layer_two_the_consumption_target_is_the_loop_s_own_local_posterior[detected_same_location]" time="1.459" /><testcase classname="tests.test_structure_two_ciav_negative_observation_layers" name="test_layer_two_the_consumption_target_is_the_loop_s_own_local_posterior[detected_different_location]" time="1.773" /><testcase classname="tests.test_structure_two_w3_revision_acceptance" name="test_independent_reference_detects_controlled_faults[wrong_weight]" time="25.478" /><testcase classname="tests.test_orrer_event_revision" name="test_orrer_enumerates_unknown_actor_in_both_handoff_roles" time="0.024" /><testcase classname="tests.test_orrer_event_revision" name="test_orrer_reactivates_a_true_handoff_after_wrong_mechanism_pruning" time="0.051" /><testcase classname="tests.test_orrer_event_revision" name="test_orrer_neutral_evidence_cannot_reactivate_a_pruned_chain" time="0.053" /><testcase classname="tests.test_ccrr_context_conditioned_regime" name="test_posterior_is_normalized_and_covers_all_kinds" time="0.007" /><testcase classname="tests.test_ccrr_context_conditioned_regime" name="test_ccrr_cannot_claim_rgrc_parameter_write_authority" time="0.008" /><testcase classname="tests.test_ccrr_context_conditioned_regime" name="test_habit_change_without_match_creates_a_new_regime" time="0.007" /><testcase classname="tests.test_ccrr_context_conditioned_regime" name="test_habit_recurrence_reactivates_the_matching_stage" time="0.008" /><testcase classname="tests.test_ccrr_context_conditioned_regime" name="test_observation_change_stays_and_rules_out_policy_recurrence" time="0.008" /><testcase classname="tests.test_ccrr_context_conditioned_regime" name="test_identity_switch_is_partitioned_from_non_identity_reactivation" time="0.007" /><testcase classname="tests.test_ccrr_context_conditioned_regime" name="test_guest_recurrence_reactivates_guest_stage_on_guest_stream" time="0.007" /><testcase classname="tests.test_ccrr_context_conditioned_regime" name="test_actor_change_on_owner_stream_stays" time="0.007" /><testcase classname="tests.test_ccrr_context_conditioned_regime" name="test_score_decision_is_pure_and_does_not_mutate_library" time="0.007" /><testcase classname="tests.test_ccrr_context_conditioned_regime" name="test_apply_decision_rejects_stale_library_version" time="0.007" /><testcase classname="tests.test_ccrr_context_conditioned_regime" name="test_actor_origin_stage_is_not_reactivated_by_habit_change" time="0.008" /><testcase classname="tests.test_ccrr_context_conditioned_regime" name="test_reactivation_tiebreak_is_insertion_order_independent" time="0.018" /><testcase classname="tests.test_ccrr_context_conditioned_regime" name="test_incompatible_stage_does_not_shadow_compatible_stage" time="0.006" /><testcase classname="tests.test_ccrr_context_conditioned_regime" name="test_decision_cannot_be_replayed_onto_a_different_stream" time="0.008" /><testcase classname="tests.test_ccrr_context_conditioned_regime" name="test_decision_context_cannot_be_swapped_at_apply_time" time="0.007" /><testcase classname="tests.test_ccrr_context_conditioned_regime" name="test_unrelated_stream_mutation_does_not_invalidate_owner_decision" time="0.007" /><testcase classname="tests.test_structure_two_w3_revision_acceptance" name="test_correction_survives_with_verified_parent_and_all_stores[None-True-legacy]" time="9.181" /><testcase classname="tests.test_ccrr_context_conditioned_regime" name="test_create_stamps_the_dominant_cause_not_always_habit" time="0.007" /><testcase classname="tests.test_ccrr_context_conditioned_regime" name="test_forged_stay_to_create_is_rejected" time="0.009" /><testcase classname="tests.test_ccrr_context_conditioned_regime" name="test_forged_habit_to_actor_cause_is_rejected" time="0.006" /><testcase classname="tests.test_ccrr_context_conditioned_regime" name="test_cross_config_replay_is_rejected" time="0.007" /><testcase classname="tests.test_ccrr_context_conditioned_regime" name="test_cross_instance_replay_is_rejected" time="0.006" /><testcase classname="tests.test_ccrr_context_conditioned_regime" name="test_tampered_score_is_rejected" time="0.011" /><testcase classname="tests.test_hybrid_ledger_durable_log" name="test_clean_export_restores_and_round_trips" time="0.004" /><testcase classname="tests.test_hybrid_ledger_durable_log" name="test_tail_truncation_is_rejected" time="0.003" /><testcase classname="tests.test_hybrid_ledger_durable_log" name="test_record_count_mismatch_is_rejected" time="0.001" /><testcase classname="tests.test_hybrid_ledger_durable_log" name="test_middle_deletion_breaks_the_chain" time="0.002" /><testcase classname="tests.test_hybrid_ledger_durable_log" name="test_reorder_breaks_the_chain" time="0.001" /><testcase classname="tests.test_hybrid_ledger_durable_log" name="test_config_drift_is_rejected" time="0.001" /><testcase classname="tests.test_hybrid_ledger_durable_log" name="test_value_tampering_is_rejected" time="0.001" /><testcase classname="tests.test_hybrid_ledger_durable_log" name="test_wrong_feature_dimension_is_rejected_on_replay" time="0.002" /><testcase classname="tests.test_project_one_automatic_regime_loop" name="test_stage_observer_reports_snapshot_then_final_assessment_once_per_return_path" time="0.001" /><testcase classname="tests.test_project_one_automatic_regime_loop" name="test_stage_observer_exception_propagates[cf_bocpd_snapshot]" time="0.001" /><testcase classname="tests.test_project_one_automatic_regime_loop" name="test_stage_observer_exception_propagates[ccrr_assessment]" time="0.001" /><testcase classname="tests.test_project_one_automatic_regime_loop" name="test_single_location_anomaly_does_not_switch_regime" time="0.292" /><testcase classname="tests.test_project_one_automatic_regime_loop" name="test_same_location_candidate_is_rejected_across_incompatible_context" time="0.297" /><testcase classname="tests.test_structure_two_ciav_negative_observation_layers" name="test_layer_two_the_consumption_target_is_the_loop_s_own_local_posterior[not_detected]" time="1.412" /><testcase classname="tests.test_project_one_automatic_regime_loop" name="test_same_state_key_with_incompatible_context_features_cannot_confirm" time="0.293" /><testcase classname="tests.test_project_one_automatic_regime_loop" name="test_legitimate_alternating_habit_is_not_persistent_change" time="1.931" /><testcase classname="tests.test_structure_two_ciav_negative_observation_layers" name="test_layer_three_only_the_same_location_branch_writes_the_fast_ledger" time="4.772" /><testcase classname="tests.test_project_one_automatic_regime_loop" name="test_known_periodic_habit_does_not_create_pseudo_regime" time="3.903" /><testcase classname="tests.test_structure_two_ciav_negative_observation_layers" name="test_layer_four_a_negative_observation_leaves_the_decoded_action_unchanged" time="2.944" /><testcase classname="tests.test_project_one_automatic_regime_loop" name="test_predicted_periodic_move_and_unpredicted_new_move_have_different_decisions" time="4.357" /><testcase classname="tests.test_structure_two_w3_revision_acceptance" name="test_correction_survives_with_verified_parent_and_all_stores[None-True-direct_p5]" time="27.364" /><testcase classname="tests.test_structure_two_ciav_negative_observation_layers" name="test_an_unexecuted_action_is_not_encoded_as_a_negative_observation" time="1.397" /><testcase classname="tests.test_structure_two_ciav_negative_observation_layers" name="test_a_negative_observation_is_never_upgraded_to_a_positive_event" time="1.437" /><testcase classname="tests.test_project_one_automatic_regime_loop" name="test_surprise_below_uniform_probability_preserves_severity_ordering" time="0.001" /><testcase classname="tests.test_project_one_automatic_regime_loop" name="test_long_online_observation_steps_bocpd_once_per_new_prefix" time="10.148" /><testcase classname="tests.test_structure_two_ciav_negative_observation_layers" name="test_one_realized_ciav_observation_is_counted_once_across_direct_and_replay" time="5.482" /><testcase classname="tests.test_structure_two_ciav_negative_observation_layers" name="test_repeating_the_identical_ciav_execution_produces_no_second_factor" time="1.502" /><testcase classname="tests.test_structure_two_p0_maintenance_fault_injection" name="test_the_frozen_clauses_this_file_depends_on_are_unchanged" time="0.001" /><testcase classname="tests.test_structure_two_p0_maintenance_fault_injection" name="test_the_legal_p0_path_still_runs_maintenance_and_commits_nothing" time="1.673" /><testcase classname="tests.test_structure_two_p0_maintenance_fault_injection" name="test_the_round_two_review_wrong_payloads_are_now_refused[wrong_evidence_hashes-pchmp-mutation0-evidence from another transition]" time="0.013" /><testcase classname="tests.test_structure_two_p0_maintenance_fault_injection" name="test_the_round_two_review_wrong_payloads_are_now_refused[wrong_evidence_type-pchmp-mutation1-evidence_content_sha256s is not a content-hash tuple]" time="0.011" /><testcase classname="tests.test_structure_two_p0_maintenance_fault_injection" name="test_the_round_two_review_wrong_payloads_are_now_refused[wrong_cf_dependency_hash-ccrr-mutation2-a ccrr output this execution never produced]" time="0.013" /><testcase classname="tests.test_structure_two_p0_maintenance_fault_injection" name="test_the_round_two_review_wrong_payloads_are_now_refused[wrong_cf_dependency_type-ccrr-mutation3-consumed_cf_bocpd_maintenance_sha256 is not a content hash]" time="0.013" /><testcase classname="tests.test_structure_two_p0_maintenance_fault_injection" name="test_a_downstream_node_cannot_run_before_its_declared_upstream" time="0.010" /><testcase classname="tests.test_structure_two_p0_maintenance_fault_injection" name="test_a_refused_payload_cannot_be_laundered_through_a_second_attempt" time="0.007" /><testcase classname="tests.test_structure_two_p0_maintenance_fault_injection" name="test_an_injected_pchmp_node_is_refused_at_the_p0_binding_layer" time="0.684" /><testcase classname="tests.test_project_one_automatic_regime_loop" name="test_persistent_change_creates_new_regime" time="0.386" /><testcase classname="tests.test_project_one_automatic_regime_loop" name="test_confirmed_change_promotes_first_quarantined_sample" time="0.402" /><testcase classname="tests.test_structure_two_p0_maintenance_fault_injection" name="test_an_injected_pchmp_payload_is_refused_at_the_p0_context_layer[review_injection_unstamped-_injected_pchmp-field set drifted from the frozen shape]" time="0.872" /><testcase classname="tests.test_project_one_automatic_regime_loop" name="test_retracting_regime_trigger_recomputes_active_regime" time="0.391" /><testcase classname="tests.test_project_one_automatic_regime_loop" name="test_revising_unrelated_history_preserves_pending_confirmation_progress" time="0.377" /><testcase classname="tests.test_structure_two_p0_maintenance_fault_injection" name="test_an_injected_pchmp_payload_is_refused_at_the_p0_context_layer[stamped_but_foreign_evidence-_injected_stamped_pchmp-binds evidence from another transition]" time="0.860" /><testcase classname="tests.test_project_one_automatic_regime_loop" name="test_demoted_candidate_can_be_confirmed_again_without_duplicate_hybrid_revision" time="0.565" /><testcase classname="tests.test_project_one_automatic_regime_loop" name="test_parent_requarantine_recursively_invalidates_multilevel_derived_lineage" time="1.018" /><testcase classname="tests.test_structure_two_p0_maintenance_fault_injection" name="test_an_injected_pchmp_payload_is_refused_at_the_p0_context_layer[perfect_payload_never_recorded-_injected_unrecorded_pchmp-declared consumption of pchmp before it ran in this execution]" time="0.871" /><testcase classname="tests.test_structure_two_w3_revision_acceptance" name="test_independent_reference_detects_controlled_faults[wrong_location]" time="26.061" /><testcase classname="tests.test_structure_two_p0_maintenance_fault_injection" name="test_a_p0_sink_refusal_leaves_no_residue_and_no_open_context" time="1.455" /><testcase classname="tests.test_project_one_automatic_regime_loop" name="test_restore_policy_does_not_revive_explicitly_retracted_derived" time="0.078" /><testcase classname="tests.test_project_one_automatic_regime_loop" name="test_corrected_derived_is_only_surviving_revision_under_restore_policy" time="0.075" /><testcase classname="tests.test_project_one_automatic_regime_loop" name="test_explicitly_retracting_middle_derived_permanently_invalidates_descendants" time="0.106" /><testcase classname="tests.test_project_one_automatic_regime_loop" name="test_revision_classification_matches_fresh_replay_from_observation_log" time="0.688" /><testcase classname="tests.test_project_one_automatic_regime_loop" name="test_retracting_one_trigger_does_not_force_stable_when_later_evidence_confirms" time="0.655" /><testcase classname="tests.test_structure_two_p0_maintenance_fault_injection" name="test_a_legal_p0_run_still_succeeds_after_a_refused_one" time="3.204" /><testcase classname="tests.test_project_one_automatic_regime_loop" name="test_old_regime_rls_sufficient_statistics_survive_switch" time="0.365" /><testcase classname="tests.test_project_one_automatic_regime_loop" name="test_return_to_old_habit_reactivates_old_regime" time="0.709" /><testcase classname="tests.test_project_one_automatic_regime_loop" name="test_project_two_retraction_removes_matching_hybrid_statistics" time="0.056" /><testcase classname="tests.test_project_one_automatic_regime_loop" name="test_event_correction_republishes_map_and_suggestion_uses_new_snapshot" time="0.047" /><testcase classname="tests.test_project_one_automatic_regime_loop" name="test_event_correction_updates_dirichlet_owner_mass" time="0.058" /><testcase classname="tests.test_project_one_automatic_regime_loop" name="test_corrected_owner_mass_zero_removes_all_owner_statistics" time="0.047" /><testcase classname="tests.test_project_one_automatic_regime_loop" name="test_ipw_owner_weight_is_identical_across_all_three_models" time="0.040" /><testcase classname="tests.test_project_one_automatic_regime_loop" name="test_habit_signal_contains_dirichlet_surprise_and_rls_residual" time="0.210" /><testcase classname="tests.test_project_one_automatic_regime_loop" name="test_normalized_dirichlet_surprise_is_comparable_across_location_class_counts" time="0.091" /><testcase classname="tests.test_project_one_automatic_regime_loop" name="test_public_probability_records_reject_values_outside_unit_interval" time="0.039" /><testcase classname="tests.test_project_one_automatic_regime_loop" name="test_project_one_stat_request_atomically_revises_all_three_models" time="0.069" /><testcase classname="tests.test_project_one_automatic_regime_loop" name="test_project_one_stat_request_rolls_back_all_stores_on_stage_failure[hybrid]" time="0.079" /><testcase classname="tests.test_project_one_automatic_regime_loop" name="test_project_one_stat_request_rolls_back_all_stores_on_stage_failure[dirichlet]" time="0.080" /><testcase classname="tests.test_project_one_automatic_regime_loop" name="test_project_one_stat_request_rolls_back_all_stores_on_stage_failure[rls]" time="0.083" /><testcase classname="tests.test_project_one_automatic_regime_loop" name="test_transition_failure_rolls_back_models_router_and_map[rls]" time="0.230" /><testcase classname="tests.test_project_one_automatic_regime_loop" name="test_transition_failure_rolls_back_models_router_and_map[hybrid]" time="0.240" /><testcase classname="tests.test_project_one_automatic_regime_loop" name="test_forgetting_revision_matches_chronological_fresh_replay" time="0.205" /><testcase classname="tests.test_project_one_automatic_regime_loop" name="test_owner_mass_positive_zero_positive_is_fully_reversible" time="0.143" /><testcase classname="tests.test_project_one_automatic_regime_loop" name="test_single_search_failure_is_likelihood_evidence_not_zero_truth" time="0.048" /><testcase classname="tests.test_project_one_automatic_regime_loop" name="test_default_success_feedback_reinforces_and_retraction_cascades" time="0.085" /><testcase classname="tests.test_project_one_automatic_regime_loop" name="test_failed_feedback_application_does_not_commit_idempotency_key" time="0.082" /><testcase classname="tests.test_project_one_automatic_regime_loop" name="test_feedback_revision_location_and_snapshot_binding_is_mandatory" time="0.081" /><testcase classname="tests.test_structure_two_formal_revision_lineage" name="test_the_frozen_write_authority_clauses_are_unchanged" time="0.001" /><testcase classname="tests.test_structure_two_formal_revision_lineage" name="test_a_retraction_never_commits_a_write_blocked_observation[independent_review_first_committed-_target_first_committed]" time="24.911" /><testcase classname="tests.test_structure_two_w3_round5_boundaries" name="test_public_direct_success_is_real_and_refreezeable[0.0-True-legacy]" time="8.762" /><testcase classname="tests.test_structure_two_w3_revision_acceptance" name="test_correction_survives_with_verified_parent_and_all_stores[None-True-debt_replay]" time="58.754" /><testcase classname="tests.test_structure_two_w3_round5_boundaries" name="test_correction_postconditions_every_public_entry[unchanged_owner-6-direct]" time="7.882" /><testcase classname="tests.test_structure_two_w3_round5_boundaries" name="test_correction_postconditions_every_public_entry[unchanged_owner-6-request]" time="7.649" /><testcase classname="tests.test_structure_two_w3_revision_acceptance" name="test_independent_reference_detects_controlled_faults[duplicate_accounting]" time="26.215" /><testcase classname="tests.test_structure_two_w3_round5_boundaries" name="test_correction_postconditions_every_public_entry[unchanged_owner-8-direct]" time="7.725" /><testcase classname="tests.test_structure_two_formal_revision_lineage" name="test_a_retraction_never_commits_a_write_blocked_observation[window_three_report_majority_location-_target_majority_location]" time="26.314" /><testcase classname="tests.test_structure_two_w3_round5_boundaries" name="test_correction_postconditions_every_public_entry[unchanged_owner-8-request]" time="8.311" /><testcase classname="tests.test_structure_two_w3_round5_boundaries" name="test_correction_postconditions_every_public_entry[unchanged_owner-9-direct]" time="8.169" /><testcase classname="tests.test_structure_two_w3_revision_acceptance" name="test_independent_reference_detects_controlled_faults[missed_retraction]" time="27.505" /><testcase classname="tests.test_structure_two_w3_round5_boundaries" name="test_correction_postconditions_every_public_entry[unchanged_owner-9-request]" time="8.270" /><testcase classname="tests.test_structure_two_formal_revision_lineage" name="test_every_rebuild_promotion_carries_a_recorded_authorization" time="26.945" /><testcase classname="tests.test_structure_two_w3_round5_boundaries" name="test_correction_postconditions_every_public_entry[unchanged_owner-10-direct]" time="8.133" /><testcase classname="tests.test_structure_two_w3_round5_boundaries" name="test_correction_postconditions_every_public_entry[unchanged_owner-10-request]" time="8.291" /><testcase classname="tests.test_structure_two_w3_revision_acceptance" name="test_correction_survives_with_verified_parent_and_all_stores[None-False-legacy]" time="9.924" /><testcase classname="tests.test_structure_two_w3_round5_boundaries" name="test_correction_postconditions_every_public_entry[unchanged_owner-11-direct]" time="8.774" /><testcase classname="tests.test_structure_two_w3_revision_acceptance" name="test_independent_reference_detects_controlled_faults[rollback_residue]" time="26.811" /><testcase classname="tests.test_structure_two_w3_revision_acceptance" name="test_correction_survives_with_verified_parent_and_all_stores[None-False-direct_p5]" time="28.102" /><testcase classname="tests.test_structure_two_formal_revision_lineage" name="test_the_legacy_lane_promotion_path_is_not_banned" time="3.838" /><testcase classname="tests.test_structure_two_formal_revision_lineage" name="test_a_write_blocked_observation_is_promotable_once_it_is_authorized" time="5.847" /><testcase classname="tests.test_structure_two_w3_round5_boundaries" name="test_correction_postconditions_every_public_entry[unchanged_owner-11-request]" time="7.869" /><testcase classname="tests.test_structure_two_formal_revision_lineage" name="test_the_pending_debt_write_block_still_refuses_the_feedback_entrypoint" time="18.999" /><testcase classname="tests.test_structure_two_w3_round5_boundaries" name="test_correction_postconditions_every_public_entry[feedback_correction-3-direct]" time="8.331" /><testcase classname="tests.test_structure_two_w3_round5_boundaries" name="test_correction_postconditions_every_public_entry[feedback_correction-3-request]" time="7.962" /><testcase classname="tests.test_structure_two_w3_revision_acceptance" name="test_independent_reference_detects_controlled_faults[missing_log]" time="26.359" /><testcase classname="tests.test_structure_two_w3_revision_acceptance" name="test_correction_survives_with_verified_parent_and_all_stores[None-False-debt_replay]" time="60.769" /><testcase classname="tests.test_structure_two_w3_round5_boundaries" name="test_correction_postconditions_every_public_entry[feedback_correction-4-direct]" time="8.640" /><testcase classname="tests.test_structure_two_w3_round5_boundaries" name="test_public_direct_success_is_real_and_refreezeable[0.0-True-direct_p5]" time="26.713" /><testcase classname="tests.test_structure_two_w3_round5_boundaries" name="test_correction_postconditions_every_public_entry[feedback_correction-4-request]" time="8.191" /><testcase classname="tests.test_structure_two_w3_round5_boundaries" name="test_correction_postconditions_every_public_entry[feedback_correction-5-direct]" time="8.111" /><testcase classname="tests.test_structure_two_w3_revision_acceptance" name="test_feedback_dedup_commit_failure_rolls_back_whole_transaction" time="9.621" /><testcase classname="tests.test_structure_two_w3_round5_boundaries" name="test_correction_postconditions_every_public_entry[feedback_correction-5-request]" time="8.310" /><testcase classname="tests.test_structure_two_w3_round5_boundaries" name="test_public_direct_success_is_real_and_refreezeable[0.0-True-debt_replay]" time="58.657" /><testcase classname="tests.test_structure_two_w3_revision_acceptance" name="
[...]
        forged = copy.deepcopy(json.loads(ARTIFACT.read_text(encoding="utf-8")))
        for arm in FullJointArm:
            forged["runtime_audit_traces"][arm.value][0]["fairness_receipts"][0][
                "proposal_support_sha256"
            ] = "0" * 64
        _resign(forged)
    
&gt;       verify_stateful_full_joint_result(forged, repository_root=ROOT, fresh_replay=False)

tests\test_structure_two_stateful_full_joint_adversarial.py:407: 
_ _ _ _ _ _ _ _ _ _ _ _ _ _ _ _ _ _ _ _ _ _ _ _ _ _ _ _ _ _ _ _ _ _ _ _ _ _ _ _

result = {'all_seven_operator_contributions_established': False, 'all_seven_operators_executed_somewhere': True, 'all_seven_ope...dout_seen_during_selection': False, 'selected': {'parameter': 0.2, 'validation_action_regret_per_step': 0.09375}}, ...}
repository_root = WindowsPath('F:/庞惟/codex/cpswm-w3-validation-lf-2350602')
fresh_replay = False

    def verify_stateful_full_joint_result(
        result: Mapping[str, Any],
        *,
        repository_root: Path | None = None,
        fresh_replay: bool = False,
    ) -&gt; None:
        expected_fields = {
            "protocol_id",
            "selected_route",
            "evidence_status",
            "route_c_replay_feedback_loop_executable",
            "feedback_loop_semantics",
            "implementation_complete_for_paper",
            "complete_state_axes",
            "rao_blackwellized_blocks",
            "dataset_quality",
            "source_binding",
            "neural_proposal_model_hash",
            "validation_seed_count",
            "development_holdout_seed_count",
            "amg_validation_selection",
            "matched_full_state_fairness_passed",
            "runtime_audit_traces",
            "paired_action_readouts",
            "operator_receipt_coverage",
            "operator_execution_coverage",
            "operator_effect_evidence",
            "all_seven_operators_receipted",
            "all_seven_operators_executed_somewhere",
            "rgrc_long_term_admission_observed",
            "all_seven_operator_contributions_established",
            "summaries",
            "paired_mean_differences_lower_is_better",
            "joint_causal_utilization_diagnostic",
            "wall_clock_seconds",
            "latency_evidence_status",
            "per_episode",
            "positive_output_trust_chain",
            "independent_custody_established",
            "historical_authenticity_established",
            "scientific_superiority_established",
            "task_8_formal_passed",
            "seven_operator_ablation_authorized",
            "next_gate",
            "deterministic_replay_sha256",
            "content_sha256",
        }
        if set(result) != expected_fields:
            raise ValueError("stateful full-joint result schema drift or extra claim field")
        _reject_nonfinite(result)
        unsigned = dict(result)
        claimed_hash = unsigned.pop("content_sha256", None)
        if claimed_hash != content_sha256(unsigned):
            raise ValueError("stateful full-joint result content hash mismatch")
        if result.get("protocol_id") != PROTOCOL_ID:
            raise ValueError("stateful full-joint result protocol mismatch")
        if result.get("selected_route") != "C_stateful_joint_inference":
            raise ValueError("stateful full-joint result is not Route C")
        if result.get("evidence_status") != "D0_DEVELOPMENT_ONLY":
            raise ValueError("stateful full-joint evidence status was promoted")
        if result.get("route_c_replay_feedback_loop_executable") is not True:
            raise ValueError("Route-C replay feedback-loop execution is not established")
        expected_feedback_semantics = {
            "mode": "FROZEN_REPLAY_ACTION_BOUND_REVISION_LOOP",
            "final_route_action_bound_to_revision_trace": True,
            "corrected_joint_state_consumed_by_later_actions": True,
            "environment_trajectory_responds_to_route_action": False,
        }
        if result.get("feedback_loop_semantics") != expected_feedback_semantics:
            raise ValueError("Route-C replay feedback loop was misrepresented as interactive")
        if result.get("implementation_complete_for_paper") is not False:
            raise ValueError("Route-C D0 implementation cannot claim paper completeness")
        if tuple(result.get("complete_state_axes", ())) != COMPLETE_STATE_AXES:
            raise ValueError("stateful full-joint result omitted a complete-state axis")
        if tuple(result.get("rao_blackwellized_blocks", ())) != RB_BLOCKS:
            raise ValueError("stateful full-joint result omitted an RB block")
        source_binding = result.get("source_binding")
        if not isinstance(source_binding, Mapping) or set(source_binding) != {
            "config",
            "route_decision",
            "implementation",
            "neural_proposal_artifact",
        }:
            raise ValueError("stateful full-joint result source binding is incomplete")
        if repository_root is not None:
            config_path = repository_root / DEFAULT_CONFIG
            config_payload = json.loads(config_path.read_text(encoding="utf-8"))
            expected_paths = {
                "config": DEFAULT_CONFIG.as_posix(),
                "route_decision": str(config_payload["decision_source"]),
                "implementation": str(Path(__file__).resolve().relative_to(repository_root)),
                "neural_proposal_artifact": str(config_payload["neural_proposal_model"]),
            }
            for label, expected_path in expected_paths.items():
                binding = source_binding[label]
                if not isinstance(binding, Mapping):
                    raise ValueError(f"invalid source binding for {label}")
                if binding.get("path") != expected_path:
&gt;                   raise ValueError(f"stateful full-joint source path substitution for {label}")
E                   ValueError: stateful full-joint source path substitution for implementation

src\cpswm\system\evaluation_operations\structure_two_stateful_full_joint.py:3365: ValueError</failure></testcase><testcase classname="tests.test_structure_two_stateful_full_joint_adversarial" name="test_round_two_strict_json_rejects_duplicate_keys_and_nan" time="0.005" /><testcase classname="tests.test_structure_two_task7_support_recovery" name="test_all_five_task7_arms_execute_and_normalize" time="0.966" /><testcase classname="tests.test_structure_two_task7_support_recovery" name="test_five_arm_report_keeps_every_attribution_arm" time="5.389" /><testcase classname="tests.test_structure_two_task7_support_recovery" name="test_backward_only_executes_conditional_message_path" time="0.056" /><testcase classname="tests.test_structure_two_task7_support_recovery" name="test_backward_checkpoint_rejects_stale_prefix_stream" time="0.030" /><testcase classname="tests.test_structure_two_task7_support_recovery" name="test_reservoir_rejects_forged_rng_state_even_with_rehashed_outer_payload" time="0.017" /><testcase classname="tests.test_structure_two_w3_native_posterior_projection" name="test_default_observation_publishes_real_pchmp_source_and_weight_consumes_it" time="3.454" /><testcase classname="tests.test_structure_two_w3_native_posterior_projection" name="test_invalid_projection_is_atomic_and_legal_retry_works[random]" time="2.175" /><testcase classname="tests.test_structure_two_w3_native_posterior_projection" name="test_invalid_projection_is_atomic_and_legal_retry_works[current_uuid]" time="1.737" /><testcase classname="tests.test_structure_two_w3_native_posterior_projection" name="test_invalid_projection_is_atomic_and_legal_retry_works[foreign_run]" time="2.638" /><testcase classname="tests.test_structure_two_w3_native_posterior_projection" name="test_invalid_projection_is_atomic_and_legal_retry_works[foreign_object]" time="2.573" /><testcase classname="tests.test_structure_two_w3_native_posterior_projection" name="test_invalid_projection_is_atomic_and_legal_retry_works[factor]" time="2.085" /><testcase classname="tests.test_structure_two_w3_native_posterior_projection" name="test_invalid_projection_is_atomic_and_legal_retry_works[raw_mislabeled]" time="2.187" /><testcase classname="tests.test_structure_two_w3_native_posterior_projection" name="test_invalid_projection_is_atomic_and_legal_retry_works[revoked]" time="2.865" /><testcase classname="tests.test_structure_two_w3_native_posterior_projection" name="test_invalid_projection_is_atomic_and_legal_retry_works[stale]" time="2.657" /><testcase classname="tests.test_structure_two_w3_native_posterior_projection" name="test_complete_resealing_cannot_replace_actual_producer_dependencies[posterior]" time="2.249" /><testcase classname="tests.test_structure_two_w3_native_posterior_projection" name="test_complete_resealing_cannot_replace_actual_producer_dependencies[parent]" time="3.345" /><testcase classname="tests.test_structure_two_w3_native_posterior_projection" name="test_complete_resealing_cannot_replace_actual_producer_dependencies[rekey]" time="2.133" /><testcase classname="tests.test_structure_two_w3_native_posterior_projection" name="test_complete_resealing_cannot_replace_actual_producer_dependencies[context]" time="2.235" /><testcase classname="tests.test_structure_two_w3_revision_acceptance" name="test_correction_survives_with_verified_parent_and_all_stores[1.0-False-legacy]" time="9.769" /><testcase classname="tests.test_structure_two_w3_native_posterior_projection" name="test_complete_resealing_cannot_replace_actual_producer_dependencies[world]" time="2.129" /><testcase classname="tests.test_structure_two_w3_native_posterior_projection" name="test_same_posterior_cannot_be_recounted_under_a_new_candidate_cluster" time="4.495" /><testcase classname="tests.test_structure_two_w3_native_posterior_projection" name="test_consumption_interrupt_restores_dependency_journal_and_retries[RuntimeError]" time="2.204" /><testcase classname="tests.test_structure_two_w3_revision_acceptance" name="test_correction_survives_with_verified_parent_and_all_stores[1.0-False-direct_p5]" time="26.922" /><testcase classname="tests.test_structure_two_w3_native_posterior_projection" name="test_consumption_interrupt_restores_dependency_journal_and_retries[KeyboardInterrupt]" time="2.187" /><testcase classname="tests.test_structure_two_w3_native_posterior_projection" name="test_projection_semantics_reproduce_while_execution_and_source_ids_remain_distinct" time="4.231" /><testcase classname="tests.test_structure_two_w3_round5_boundaries" name="test_correction_postconditions_every_public_entry[unchanged_owner-3-direct]" time="8.278" /><testcase classname="tests.test_structure_two_w3_native_posterior_projection" name="test_real_projection_consumes_under_independent_python_hash_seeds[5]" time="3.094" /><testcase classname="tests.test_structure_two_w3_native_posterior_projection" name="test_real_projection_consumes_under_independent_python_hash_seeds[11]" time="2.991" /><testcase classname="tests.test_structure_two_w3_round5_boundaries" name="test_correction_postconditions_every_public_entry[unchanged_owner-3-request]" time="7.986" /><testcase classname="tests.test_structure_two_w3_native_posterior_projection" name="test_native_source_encoding_rejects_complete_typed_key_collision" time="0.001" /><testcase classname="tests.test_structure_two_w3_deferred_cancellation" name="test_public_cancellation_restores_full_nonempty_parent_and_preserves_new_observation[core-0]" time="13.071" /><testcase classname="tests.test_structure_two_w3_round5_boundaries" name="test_correction_postconditions_every_public_entry[unchanged_owner-4-direct]" time="8.413" /><testcase classname="tests.test_project_two_action_readout" name="test_a_flat_surviving_readout_changes_no_decision_at_all" time="105.933" /><testcase classname="tests.test_structure_two_w3_deferred_cancellation" name="test_public_cancellation_restores_full_nonempty_parent_and_preserves_new_observation[core-1]" time="12.811" /><testcase classname="tests.test_structure_two_w3_revision_acceptance" name="test_correction_survives_with_verified_parent_and_all_stores[1.0-False-debt_replay]" time="57.448" /><testcase classname="tests.test_structure_two_w3_round5_boundaries" name="test_correction_postconditions_every_public_entry[unchanged_owner-4-request]" time="7.692" /><testcase classname="tests.test_structure_two_w3_round5_boundaries" name="test_correction_postconditions_every_public_entry[unchanged_owner-5-direct]" time="8.021" /><testcase classname="tests.test_structure_two_w3_deferred_cancellation" name="test_public_cancellation_restores_full_nonempty_parent_and_preserves_new_observation[core-2]" time="13.231" /><testcase classname="tests.test_structure_two_w3_round5_boundaries" name="test_correction_postconditions_every_public_entry[unchanged_owner-5-request]" time="7.797" /><testcase classname="tests.test_structure_two_w3_deferred_cancellation" name="test_public_cancellation_restores_full_nonempty_parent_and_preserves_new_observation[production_wrapper-0]" time="12.494" /><testcase classname="tests.test_structure_two_w3_deferred_cancellation" name="test_public_cancellation_restores_full_nonempty_parent_and_preserves_new_observation[production_wrapper-2]" time="13.447" /><testcase classname="tests.test_structure_two_w3_deferred_cancellation" name="test_public_cancellation_restores_full_nonempty_parent_and_preserves_new_observation[production_wrapper-1]" time="13.723" /><testcase classname="tests.test_structure_two_w3_deferred_cancellation" name="test_real_cancellation_interruption_restores_pending_transaction_and_can_retry[RuntimeError-cancellation_lineage]" time="14.661" /><testcase classname="tests.test_structure_two_w3_deferred_cancellation" name="test_real_cancellation_interruption_restores_pending_transaction_and_can_retry[RuntimeError-hybrid]" time="15.434" /><testcase classname="tests.test_structure_two_w3_deferred_cancellation" name="test_real_cancellation_interruption_restores_pending_transaction_and_can_retry[RuntimeError-dirichlet]" time="15.000" /><testcase classname="tests.test_structure_two_w3_revision_acceptance" name="test_continuous_correction_and_out_of_order_feedback[legacy]" time="10.688" /><testcase classname="tests.test_structure_two_w3_deferred_cancellation" name="test_real_cancellation_interruption_restores_pending_transaction_and_can_retry[RuntimeError-rls]" time="15.055" /><testcase classname="tests.test_structure_two_w3_revision_acceptance" name="test_continuous_correction_and_out_of_order_feedback[direct_p5]" time="27.312" /><testcase classname="tests.test_structure_two_w3_deferred_cancellation" name="test_real_cancellation_interruption_restores_pending_transaction_and_can_retry[RuntimeError-cancellation_replay]" time="14.759" /><testcase classname="tests.test_structure_two_w3_deferred_cancellation" name="test_real_cancellation_interruption_restores_pending_transaction_and_can_retry[KeyboardInterrupt-cancellation_lineage]" time="14.616" /><testcase classname="tests.test_structure_two_w3_deferred_cancellation" name="test_real_cancellation_interruption_restores_pending_transaction_and_can_retry[KeyboardInterrupt-hybrid]" time="15.130" /><testcase classname="tests.test_structure_two_w3_revision_acceptance" name="test_continuous_correction_and_out_of_order_feedback[debt_replay]" time="59.765" /><testcase classname="tests.test_structure_two_w3_deferred_cancellation" name="test_real_cancellation_interruption_restores_pending_transaction_and_can_retry[KeyboardInterrupt-dirichlet]" time="15.173" /><testcase classname="tests.test_structure_two_w3_deferred_cancellation" name="test_real_cancellation_interruption_restores_pending_transaction_and_can_retry[KeyboardInterrupt-rls]" time="15.040" /><testcase classname="tests.test_project_two_action_readout" name="test_an_owner_mass_floor_excludes_weakly_attributed_evidence" time="26.022" /><testcase classname="tests.test_structure_two_w3_deferred_cancellation" name="test_restored_parent_can_be_corrected_again_then_retracted_without_resurrection" time="15.326" /><testcase classname="tests.test_structure_two_w3_deferred_cancellation" name="test_cancellation_semantics_reproduce_with_distinct_execution_lineage[cancel]" time="28.322" /><testcase classname="tests.test_project_two_action_readout" name="test_recency_decay_moves_mass_toward_the_most_recent_surviving_evidence" time="26.550" /><testcase classname="tests.test_structure_two_w3_deferred_cancellation" name="test_cancellation_semantics_reproduce_with_distinct_execution_lineage[correct]" time="30.119" /><testcase classname="tests.test_structure_two_w3_deferred_cancellation" name="test_cancellation_semantics_reproduce_with_distinct_execution_lineage[retract]" time="28.517" /><testcase classname="tests.test_project_two_action_readout" name="test_latest_owner_readout_is_the_explicit_pchmp_top1_control" time="28.133" /><testcase classname="tests.test_structure_two_w3_deferred_cancellation" name="test_real_cancellation_interruption_restores_pending_transaction_and_can_retry[KeyboardInterrupt-cancellation_replay]" time="15.110" /><testcase classname="tests.test_structure_two_w3_deferred_cancellation" name="test_frozen_cancellation_oracle_rejects_corrupted_and_resealed_operations[digest]" time="8.535" /><testcase classname="tests.test_structure_two_w3_deferred_cancellation" name="test_frozen_cancellation_oracle_rejects_corrupted_and_resealed_operations[trigger]" time="9.151" /><testcase classname="tests.test_structure_two_w3_deferred_cancellation" name="test_frozen_cancellation_oracle_rejects_corrupted_and_resealed_operations[parent]" time="8.788" /><testcase classname="tests.test_structure_two_w3_deferred_cancellation" name="test_frozen_cancellation_oracle_rejects_corrupted_and_resealed_operations[request]" time="8.862" /><testcase classname="tests.test_structure_two_w3_deferred_cancellation" name="test_frozen_cancellation_oracle_rejects_corrupted_and_resealed_operations[sequence]" time="9.180" /><testcase classname="tests.test_structure_two_w3_deferred_cancellation" name="test_frozen_cancellation_oracle_rejects_corrupted_and_resealed_operations[missing]" time="8.430" /><testcase classname="tests.test_structure_two_w3_deferred_cancellation" name="test_cancellation_restores_original_nonempty_derived_bundle_without_fresh_authority" time="10.392" /><testcase classname="tests.test_project_two_action_readout" name="test_orrer_feedback_replaces_the_fast_lineage_head_before_the_next_action" time="1.090" /><testcase classname="tests.test_project_two_action_readout" name="test_ciav_verification_updates_only_the_fast_action_ledger" time="0.744" /><testcase classname="tests.test_project_two_action_readout" name="test_a_refused_correction_stays_visible_to_the_planner_but_not_to_the_statistics" time="21.691" /><testcase classname="tests.test_project_two_action_readout" name="test_every_unapplied_request_carries_a_named_reason" time="20.653" /><testcase classname="tests.test_project_two_action_readout" name="test_the_spine_accepts_a_readout_policy_at_construction" time="0.001" /><testcase classname="tests.test_structure_two_w3_round6_prepared_boundary" name="test_posterior_authority_is_not_an_identity_string[posterior_projection_not_likelihood-random]" time="2.727" /><testcase classname="tests.test_structure_two_w3_round6_prepared_boundary" name="test_posterior_authority_is_not_an_identity_string[posterior_projection_not_likelihood-current]" time="2.636" /><testcase classname="tests.test_structure_two_w3_round6_prepared_boundary" name="test_posterior_authority_is_not_an_identity_string[posterior_projection_not_likelihood-other_run]" time="3.067" /></testsuite></testsuites>