<?xml version='1.0' encoding='utf-8'?>
<testsuite name="B6 independent adversarial audit" tests="9" failures="4" errors="0" skipped="0" time="3.118858450"><testcase classname="b6.audit" name="cold_public_entrypoint_import_order" time="2.140518723" /><testcase classname="b6.audit" name="independent_conditional_block_oracle" time="0.587340484" /><testcase classname="b6.audit" name="joint_distribution_and_unknown_mass_oracle" time="0.000545170" /><testcase classname="b6.audit" name="source_particle_statistics_action_binding_attacks" time="0.337592634" /><testcase classname="b6.audit" name="prepared_seam_vs_default_path_inventory" time="0.052849321" /><testcase classname="b6.finding" name="B6-F1" time="0"><failure type="high-if-promoted-to-production-authority" message="JointDecisionView accepts a caller-selected foreign runtime and an unverified source-frame hash">Declared value-object seam; becomes a security/correctness bug if treated as a trusted production view.</failure></testcase><testcase classname="b6.finding" name="B6-F2" time="0"><failure type="medium" message="Joint belief source_snapshot_sha256 is not consumed by the planner">Action likelihood and utility provenance cannot be enforced by the planner API itself.</failure></testcase><testcase classname="b6.finding" name="B6-F3" time="0"><failure type="low" message="An empty action set is reported as privacy-blocked">Misleading stop/audit reason; selection remains no-action.</failure></testcase><testcase classname="b6.finding" name="B6-F4" time="0"><failure type="high" message="Both new components' cold public operations fail through a circular import">The module-only regression is green, but the conditional first call, its required prior type import, and JointDecisionView.content_sha256 fail in a fresh interpreter.</failure></testcase></testsuite>