<?xml version="1.0" encoding="utf-8"?><testsuites name="pytest tests"><testsuite name="pytest" errors="0" failures="0" skipped="0" tests="12" time="1.909" timestamp="2026-09-13T00:43:20.845055+08:00" hostname="刘承祥"><testcase classname="tests.dual_pc_review.test_w3_lock_handoff_binding_regression" name="test_hot_workspace_guard_rejects_every_class_callable_replacement[advance]" time="0.004" /><testcase classname="tests.dual_pc_review.test_w3_lock_handoff_binding_regression" name="test_hot_workspace_guard_rejects_every_class_callable_replacement[location_marginal]" time="0.003" /><testcase classname="tests.dual_pc_review.test_w3_lock_handoff_binding_regression" name="test_hot_workspace_guard_rejects_every_class_callable_replacement[invalidate_revisions]" time="0.004" /><testcase classname="tests.dual_pc_review.test_w3_lock_handoff_binding_regression" name="test_hot_workspace_guard_rejects_every_class_callable_replacement[publish_posterior]" time="0.003" /><testcase classname="tests.dual_pc_review.test_w3_lock_handoff_binding_regression" name="test_hot_workspace_guard_rejects_every_class_callable_replacement[state_payload]" time="0.005" /><testcase classname="tests.dual_pc_review.test_w3_lock_handoff_binding_regression" name="test_hot_workspace_guard_rejects_every_class_callable_replacement[validate_world_support]" time="0.003" /><testcase classname="tests.dual_pc_review.test_w3_lock_handoff_binding_regression" name="test_hot_workspace_guard_rejects_every_class_callable_replacement[_validate_persisted_state]" time="0.003" /><testcase classname="tests.dual_pc_review.test_w3_lock_handoff_binding_regression" name="test_hot_workspace_guard_rejects_every_class_callable_replacement[_validate_current_batch]" time="0.004" /><testcase classname="tests.dual_pc_review.test_w3_lock_handoff_binding_regression" name="test_hot_workspace_guard_rejects_every_class_callable_replacement[_validated_input_body]" time="0.003" /><testcase classname="tests.dual_pc_review.test_w3_lock_handoff_binding_regression" name="test_hot_workspace_guard_rejects_every_class_callable_replacement[_validate_record_binding]" time="0.003" /><testcase classname="tests.dual_pc_review.test_w3_lock_handoff_binding_regression" name="test_hot_workspace_guard_does_not_repeat_full_source_compilation" time="0.004" /><testcase classname="tests.dual_pc_review.test_w3_lock_handoff_binding_regression" name="test_hot_workspace_guard_rejects_in_place_code_object_tampering" time="0.004" /></testsuite></testsuites>