<?xml version='1.0' encoding='utf-8'?>
<testsuite name="B6 direct compatibility runner (not pytest)" tests="85" failures="0" errors="0" skipped="0" time="137.759846855"><testcase classname="test_structure_two_joint_consumption_components" name="test_invalid_measurement_has_no_partial_update[0]" time="0.000380870" /><testcase classname="test_structure_two_joint_consumption_components" name="test_invalid_measurement_has_no_partial_update[1]" time="0.000105314" /><testcase classname="test_structure_two_joint_consumption_components" name="test_invalid_measurement_has_no_partial_update[2]" time="0.000090453" /><testcase classname="test_structure_two_joint_consumption_components" name="test_invalid_measurement_has_no_partial_update[3]" time="0.000122410" /><testcase classname="test_structure_two_joint_consumption_components" name="test_invalid_measurement_has_no_partial_update[4]" time="0.000091885" /><testcase classname="test_structure_two_joint_consumption_components" name="test_invalid_measurement_has_no_partial_update[5]" time="0.000091815" /><testcase classname="test_structure_two_joint_consumption_components" name="test_invalid_measurement_has_no_partial_update[6]" time="0.000110883" /><testcase classname="test_structure_two_joint_consumption_components" name="test_invalid_measurement_has_no_partial_update[7]" time="0.000136220" /><testcase classname="test_structure_two_joint_consumption_components" name="test_invalid_measurement_has_no_partial_update[8]" time="0.000092636" /><testcase classname="test_structure_two_joint_consumption_components" name="test_invalid_measurement_has_no_partial_update[9]" time="0.000089992" /><testcase classname="test_structure_two_joint_consumption_components" name="test_invalid_measurement_has_no_partial_update[10]" time="0.000076833" /><testcase classname="test_structure_two_joint_consumption_components" name="test_invalid_measurement_has_no_partial_update[11]" time="0.000076933" /><testcase classname="test_structure_two_joint_consumption_components" name="test_invalid_measurement_has_no_partial_update[12]" time="0.000364846" /><testcase classname="test_structure_two_joint_consumption_components" name="test_joint_consumer_revalidates_mutable_inputs[0]" time="0.000204670" /><testcase classname="test_structure_two_joint_consumption_components" name="test_joint_consumer_revalidates_mutable_inputs[1]" time="0.000069101" /><testcase classname="test_structure_two_joint_consumption_components" name="test_joint_consumer_revalidates_mutable_inputs[2]" time="0.000056683" /><testcase classname="test_structure_two_joint_consumption_components" name="test_joint_consumer_revalidates_mutable_inputs[3]" time="0.000056403" /><testcase classname="test_structure_two_joint_consumption_components" name="test_joint_consumer_revalidates_mutable_inputs[4]" time="0.000054420" /><testcase classname="test_structure_two_joint_consumption_components" name="test_joint_correlation_changes_ciav_even_with_identical_marginals" time="0.000260883" /><testcase classname="test_structure_two_joint_consumption_components" name="test_joint_privacy_blocks_profitable_verification" time="0.000068361" /><testcase classname="test_structure_two_joint_consumption_components" name="test_multivariate_observation_correlated_noise" time="0.000351236" /><testcase classname="test_structure_two_joint_consumption_components" name="test_mutated_joint_objective_weights_rejected[0]" time="0.000118955" /><testcase classname="test_structure_two_joint_consumption_components" name="test_mutated_joint_objective_weights_rejected[1]" time="0.000053408" /><testcase classname="test_structure_two_joint_consumption_components" name="test_mutated_joint_objective_weights_rejected[2]" time="0.000043313" /><testcase classname="test_structure_two_joint_consumption_components" name="test_new_modules_import_without_fixture_import_order[0]" time="0.118414658" /><testcase classname="test_structure_two_joint_consumption_components" name="test_new_modules_import_without_fixture_import_order[1]" time="0.429563158" /><testcase classname="test_structure_two_joint_consumption_components" name="test_real_posterior_explicit_seam_view_preserves_full_state_and_has_no_commit" time="0.002345906" /><testcase classname="test_structure_two_joint_consumption_components" name="test_repeated_cluster_and_prior_cluster_rejected" time="0.000431373" /><testcase classname="test_structure_two_joint_consumption_components" name="test_replay_retraction_and_correction_rebuild_all_blocks" time="0.001113175" /><testcase classname="test_structure_two_joint_consumption_components" name="test_three_blocks_match_independent_scalar_equations" time="0.000186454" /><testcase classname="test_structure_two_joint_consumption_components" name="test_view_consumes_actual_ciav_without_mutating_core" time="0.038959757" /><testcase classname="test_structure_two_joint_consumption_components" name="test_view_rejects_stale_snapshot" time="0.000081430" /><testcase classname="test_structure_two_joint_consumption_components" name="test_zero_information_is_preserved_not_fabricated" time="0.000395912" /><testcase classname="test_structure_two_ciav" name="test_ciav_couples_cause_memory_and_task_utility_under_hard_privacy" time="0.011202555" /><testcase classname="test_structure_two_ciav" name="test_ciav_linear_single_consolidation_decision_has_zero_information_value" time="0.010570763" /><testcase classname="test_structure_two_ciav" name="test_ciav_matched_baselines_share_action_set_and_privacy_gate[0]" time="0.010045466" /><testcase classname="test_structure_two_ciav" name="test_ciav_matched_baselines_share_action_set_and_privacy_gate[1]" time="0.010030824" /><testcase classname="test_structure_two_ciav" name="test_ciav_matched_baselines_share_action_set_and_privacy_gate[2]" time="0.010270997" /><testcase classname="test_structure_two_ciav" name="test_ciav_off_policy_evaluation_reports_overlap_and_non_identification" time="0.000052176" /><testcase classname="test_structure_two_ciav" name="test_ciav_realizer_contract_cannot_author_a_posterior_or_location" time="0.000007431" /><testcase classname="test_structure_two_ciav" name="test_ciav_rejects_forged_complete_realizations[0]" time="0.000344606" /><testcase classname="test_structure_two_ciav" name="test_ciav_rejects_forged_complete_realizations[1]" time="0.000278779" /><testcase classname="test_structure_two_ciav" name="test_ciav_rejects_zero_support_actor_likelihood_before_producing_evidence" time="0.000227874" /><testcase classname="test_structure_two_ciav" name="test_ciav_selected_action_enters_real_opceu_loop_before_truth_realization" time="0.001789388" /><testcase classname="test_structure_two_ciav" name="test_never_act_baseline_is_explicit" time="0.009860084" /><testcase classname="test_structure_two_ciav" name="test_structure_two_snapshot_exposes_identity_and_unresolved_to_ciav" time="0.010142377" /><testcase classname="test_structure_two_ciav_negative_observation_layers" name="test_a_negative_observation_is_never_upgraded_to_a_positive_event" time="0.516968543" /><testcase classname="test_structure_two_ciav_negative_observation_layers" name="test_an_unexecuted_action_is_not_encoded_as_a_negative_observation" time="0.533536143" /><testcase classname="test_structure_two_ciav_negative_observation_layers" name="test_layer_four_a_negative_observation_leaves_the_decoded_action_unchanged" time="0.971156903" /><testcase classname="test_structure_two_ciav_negative_observation_layers" name="test_layer_one_the_local_actor_posterior_is_an_exact_bayes_update[0]" time="0.509034709" /><testcase classname="test_structure_two_ciav_negative_observation_layers" name="test_layer_one_the_local_actor_posterior_is_an_exact_bayes_update[1]" time="0.697199693" /><testcase classname="test_structure_two_ciav_negative_observation_layers" name="test_layer_one_the_local_actor_posterior_is_an_exact_bayes_update[2]" time="0.515840954" /><testcase classname="test_structure_two_ciav_negative_observation_layers" name="test_layer_three_only_the_same_location_branch_writes_the_fast_ledger" time="1.735796064" /><testcase classname="test_structure_two_ciav_negative_observation_layers" name="test_layer_two_the_consumption_target_is_the_loop_s_own_local_posterior[0]" time="0.524466369" /><testcase classname="test_structure_two_ciav_negative_observation_layers" name="test_layer_two_the_consumption_target_is_the_loop_s_own_local_posterior[1]" time="0.612746073" /><testcase classname="test_structure_two_ciav_negative_observation_layers" name="test_layer_two_the_consumption_target_is_the_loop_s_own_local_posterior[2]" time="0.480567282" /><testcase classname="test_structure_two_ciav_negative_observation_layers" name="test_one_realized_ciav_observation_is_counted_once_across_direct_and_replay" time="2.009388310" /><testcase classname="test_structure_two_ciav_negative_observation_layers" name="test_repeating_the_identical_ciav_execution_produces_no_second_factor" time="0.484409207" /><testcase classname="test_structure_two_w3_native_posterior_projection" name="test_complete_resealing_cannot_replace_actual_producer_dependencies[0]" time="0.700330002" /><testcase classname="test_structure_two_w3_native_posterior_projection" name="test_complete_resealing_cannot_replace_actual_producer_dependencies[1]" time="1.022824334" /><testcase classname="test_structure_two_w3_native_posterior_projection" name="test_complete_resealing_cannot_replace_actual_producer_dependencies[2]" time="0.681789904" /><testcase classname="test_structure_two_w3_native_posterior_projection" name="test_complete_resealing_cannot_replace_actual_producer_dependencies[3]" time="0.666570307" /><testcase classname="test_structure_two_w3_native_posterior_projection" name="test_complete_resealing_cannot_replace_actual_producer_dependencies[4]" time="0.693253310" /><testcase classname="test_structure_two_w3_native_posterior_projection" name="test_consumption_interrupt_restores_dependency_journal_and_retries[0]" time="0.757380664" /><testcase classname="test_structure_two_w3_native_posterior_projection" name="test_consumption_interrupt_restores_dependency_journal_and_retries[1]" time="0.735538694" /><testcase classname="test_structure_two_w3_native_posterior_projection" name="test_default_observation_publishes_real_pchmp_source_and_weight_consumes_it" time="0.873836598" /><testcase classname="test_structure_two_w3_native_posterior_projection" name="test_invalid_projection_is_atomic_and_legal_retry_works[0]" time="0.662248191" /><testcase classname="test_structure_two_w3_native_posterior_projection" name="test_invalid_projection_is_atomic_and_legal_retry_works[1]" time="0.710290937" /><testcase classname="test_structure_two_w3_native_posterior_projection" name="test_invalid_projection_is_atomic_and_legal_retry_works[2]" time="0.874954423" /><testcase classname="test_structure_two_w3_native_posterior_projection" name="test_invalid_projection_is_atomic_and_legal_retry_works[3]" time="0.933799501" /><testcase classname="test_structure_two_w3_native_posterior_projection" name="test_invalid_projection_is_atomic_and_legal_retry_works[4]" time="0.694112215" /><testcase classname="test_structure_two_w3_native_posterior_projection" name="test_invalid_projection_is_atomic_and_legal_retry_works[5]" time="0.685992318" /><testcase classname="test_structure_two_w3_native_posterior_projection" name="test_invalid_projection_is_atomic_and_legal_retry_works[6]" time="0.892695008" /><testcase classname="test_structure_two_w3_native_posterior_projection" name="test_invalid_projection_is_atomic_and_legal_retry_works[7]" time="0.861142860" /><testcase classname="test_structure_two_w3_native_posterior_projection" name="test_native_source_encoding_rejects_complete_typed_key_collision" time="0.000081570" /><testcase classname="test_structure_two_w3_native_posterior_projection" name="test_projection_semantics_reproduce_while_execution_and_source_ids_remain_distinct" time="1.099262583" /><testcase classname="test_structure_two_w3_native_posterior_projection" name="test_real_projection_consumes_under_independent_python_hash_seeds[0]" time="1.178354250" /><testcase classname="test_structure_two_w3_native_posterior_projection" name="test_real_projection_consumes_under_independent_python_hash_seeds[1]" time="1.164178609" /><testcase classname="test_structure_two_w3_native_posterior_projection" name="test_same_posterior_cannot_be_recounted_under_a_new_candidate_cluster" time="1.102473325" /><testcase classname="test_project_two_ciav_interactive_development" name="test_every_interactive_policy_has_the_same_registered_tuning_budget" time="0.000028261" /><testcase classname="test_project_two_ciav_interactive_development" name="test_interactive_development_splits_must_be_disjoint" time="0.000069572" /><testcase classname="test_project_two_ciav_interactive_development" name="test_interactive_smoke_keeps_shared_actions_costs_and_privacy_explicit" time="81.447319661" /><testcase classname="test_project_two_ciav_break_even" name="test_surface_is_frozen_and_excludes_a_zero_cost_corner" time="0.000001642" /><testcase classname="test_project_two_ciav_break_even" name="test_surface_requires_nonempty_evaluation_seeds" time="0.000069652" /><testcase classname="test_project_two_ciav_break_even" name="test_surface_smoke_reports_every_point_and_frozen_gate" time="28.004284495" /></testsuite>