<?xml version="1.0" encoding="utf-8"?><testsuites name="pytest tests"><testsuite name="pytest" errors="0" failures="0" skipped="0" tests="8" time="9.102" timestamp="2026-09-14T04:41:00.027481+08:00" hostname="MacBook-Air-2.local"><testcase classname="cpswm-unified-review2.test_independent" name="test_observation_transport_receipt_alias_cannot_rewrite_durable_history" time="0.290" /><testcase classname="cpswm-unified-review2.test_independent" name="test_effect_failure_checkpoint_recovery_rejects_reexecute" time="0.304" /><testcase classname="cpswm-unified-review2.test_independent" name="test_source_and_dependency_rebind_rejected_with_effect_only_db" time="0.003" /><testcase classname="cpswm-unified-review2.test_independent" name="test_actual_p5_effect_reused_after_final_save_failure" time="0.635" /><testcase classname="cpswm-unified-review2.test_independent" name="test_visual_late_recompute_and_config_boundary" time="0.462" /><testcase classname="cpswm-unified-review2.test_independent" name="test_cross_process_graph_and_late_retraction_changes_next_placement" time="6.784" /><testcase classname="cpswm-unified-review2.test_fresh_process" name="test_natural_association_graph_restores_without_test_imports" time="0.380" /><testcase classname="cpswm-unified-review2.test_fresh_process" name="test_pending_request_exact_recovery_aliases_and_reconciliation" time="0.007" /></testsuite></testsuites>