<?xml version="1.0" encoding="utf-8"?><testsuites name="pytest tests"><testsuite name="pytest" errors="0" failures="0" skipped="0" tests="11" time="7.699" timestamp="2026-09-13T23:34:54.404400+08:00" hostname="MacBook-Air-2.local"><testcase classname="cpswm-continuous-review2.test_independent" name="test_queued_old_command_never_dispatched_after_newer_completion" time="0.266" /><testcase classname="cpswm-continuous-review2.test_independent" name="test_uncertain_blocks_already_prepared_command_and_forged_reconcile_is_atomic" time="0.264" /><testcase classname="cpswm-continuous-review2.test_independent" name="test_executor_alias_is_detached" time="0.280" /><testcase classname="cpswm-continuous-review2.test_independent" name="test_complete_but_misbound_receipts_rejected_without_resolving[action_id]" time="0.270" /><testcase classname="cpswm-continuous-review2.test_independent" name="test_complete_but_misbound_receipts_rejected_without_resolving[attempted_location_id]" time="0.264" /><testcase classname="cpswm-continuous-review2.test_independent" name="test_complete_but_misbound_receipts_rejected_without_resolving[target_entity]" time="0.265" /><testcase classname="cpswm-continuous-review2.test_independent" name="test_complete_but_misbound_receipts_rejected_without_resolving[source]" time="0.265" /><testcase classname="cpswm-continuous-review2.test_independent" name="test_complete_but_misbound_receipts_rejected_without_resolving[recorded]" time="0.265" /><testcase classname="cpswm-continuous-review2.test_independent" name="test_complete_but_misbound_receipts_rejected_without_resolving[end]" time="0.266" /><testcase classname="cpswm-continuous-review2.test_independent" name="test_complete_but_misbound_receipts_rejected_without_resolving[received]" time="0.266" /><testcase classname="cpswm-continuous-review2.test_independent" name="test_late_revision_changes_command_and_duplicate_moves_watermark" time="4.796" /></testsuite></testsuites>