<?xml version="1.0" encoding="utf-8"?><testsuites name="pytest tests"><testsuite name="pytest" errors="0" failures="0" skipped="0" tests="12" time="23.715" timestamp="2026-09-12T23:27:26.917672+08:00" hostname="刘承祥"><testcase classname="tests.test_structure_two_ciav_negative_observation_layers" name="test_layer_one_the_local_actor_posterior_is_an_exact_bayes_update[detected_same_location]" time="1.217" /><testcase classname="tests.test_structure_two_ciav_negative_observation_layers" name="test_layer_one_the_local_actor_posterior_is_an_exact_bayes_update[detected_different_location]" time="1.522" /><testcase classname="tests.test_structure_two_ciav_negative_observation_layers" name="test_layer_one_the_local_actor_posterior_is_an_exact_bayes_update[not_detected]" time="1.049" /><testcase classname="tests.test_structure_two_ciav_negative_observation_layers" name="test_layer_two_the_consumption_target_is_the_loop_s_own_local_posterior[detected_same_location]" time="1.133" /><testcase classname="tests.test_structure_two_ciav_negative_observation_layers" name="test_layer_two_the_consumption_target_is_the_loop_s_own_local_posterior[detected_different_location]" time="1.841" /><testcase classname="tests.test_structure_two_ciav_negative_observation_layers" name="test_layer_two_the_consumption_target_is_the_loop_s_own_local_posterior[not_detected]" time="1.588" /><testcase classname="tests.test_structure_two_ciav_negative_observation_layers" name="test_layer_three_only_the_same_location_branch_writes_the_fast_ledger" time="4.312" /><testcase classname="tests.test_structure_two_ciav_negative_observation_layers" name="test_layer_four_a_negative_observation_leaves_the_decoded_action_unchanged" time="2.311" /><testcase classname="tests.test_structure_two_ciav_negative_observation_layers" name="test_an_unexecuted_action_is_not_encoded_as_a_negative_observation" time="1.111" /><testcase classname="tests.test_structure_two_ciav_negative_observation_layers" name="test_a_negative_observation_is_never_upgraded_to_a_positive_event" time="1.181" /><testcase classname="tests.test_structure_two_ciav_negative_observation_layers" name="test_one_realized_ciav_observation_is_counted_once_across_direct_and_replay" time="4.326" /><testcase classname="tests.test_structure_two_ciav_negative_observation_layers" name="test_repeating_the_identical_ciav_execution_produces_no_second_factor" time="1.091" /></testsuite></testsuites>