<?xml version="1.0" encoding="utf-8"?><testsuites name="pytest tests"><testsuite name="pytest" errors="0" failures="0" skipped="0" tests="139" time="12.528" timestamp="2026-09-13T16:50:44.231981+08:00" hostname="MacBook-Air-2.local"><testcase classname="tests.dual_pc_review.test_w3_five_boundaries_repair" name="test_legal_location_alpha_pair_reordering_preserves_the_marginal" time="0.191" /><testcase classname="tests.test_structure_two_w3_r6_pc_b_review" name="test_legal_prepared_input_control_is_preserved" time="0.191" /><testcase classname="tests.dual_pc_review.test_w3_five_boundaries_repair" name="test_receipt_statistic_input_closure_attacks_are_atomic[extra-closure|unreferenced|statistic]" time="0.517" /><testcase classname="tests.dual_pc_review.test_w3_five_boundaries_repair" name="test_public_support_rebinding_fails_closed_on_every_surface[parent-foreign]" time="0.554" /><testcase classname="tests.dual_pc_review.test_w3_five_boundaries_repair" name="test_legal_siblings_may_share_one_statistic_object_and_reference" time="0.174" /><testcase classname="tests.test_structure_two_w3_r6_pc_b_review" name="test_prepared_support_is_bound_to_the_constructed_world" time="0.099" /><testcase classname="tests.test_structure_two_w3_r6_pc_b_review" name="test_prepared_readout_rejects_a_rebound_world_support" time="0.148" /><testcase classname="tests.dual_pc_review.test_w3_five_boundaries_repair" name="test_one_posterior_source_may_weight_multiple_siblings_in_one_batch" time="0.361" /><testcase classname="tests.test_structure_two_w3_r6_pc_b_review" name="test_particle_parent_and_child_cannot_switch_world_support" time="0.253" /><testcase classname="tests.dual_pc_review.test_w3_five_boundaries_repair" name="test_receipt_statistic_input_closure_attacks_are_atomic[missing-closure|missing|statistic]" time="0.483" /><testcase classname="tests.dual_pc_review.test_w3_five_boundaries_repair" name="test_public_support_rebinding_fails_closed_on_every_surface[parent-reordered]" time="0.514" /><testcase classname="tests.test_structure_two_w3_r6_pc_b_review" name="test_conditional_statistics_are_bound_to_the_receipt_cluster" time="0.148" /><testcase classname="tests.dual_pc_review.test_w3_five_boundaries_repair" name="test_one_posterior_source_cannot_be_recounted_in_a_later_batch" time="1.980" /><testcase classname="tests.test_structure_two_w3_r6_pc_b_review" name="test_unreferenced_statistics_cannot_enter_the_persisted_input_body" time="0.146" /><testcase classname="tests.dual_pc_review.test_w3_five_boundaries_repair" name="test_legal_initial_unknown_unresolved_and_idempotent_replay" time="0.444" /><testcase classname="tests.dual_pc_review.test_w3_five_boundaries_repair" name="test_receipt_statistic_input_closure_attacks_are_atomic[both-closure|missing|unreferenced|statistic]" time="0.504" /><testcase classname="tests.dual_pc_review.test_w3_five_boundaries_repair" name="test_public_support_rebinding_fails_closed_on_every_surface[replay-foreign]" time="0.342" /><testcase classname="tests.dual_pc_review.test_w3_five_boundaries_repair" name="test_public_support_rebinding_fails_closed_on_every_surface[replay-reordered]" time="0.319" /><testcase classname="tests.dual_pc_review.test_w3_five_boundaries_repair" name="test_legal_zero_increment_second_generation_still_appends_cluster" time="0.417" /><testcase classname="tests.dual_pc_review.test_w3_five_boundaries_repair" name="test_receipt_statistic_input_closure_attacks_are_atomic[duplicate_particle-duplicate particle|unique]" time="0.481" /><testcase classname="tests.dual_pc_review.test_w3_five_boundaries_repair" name="test_fully_resealed_false_cluster_lineage_is_rejected_and_retryable[foreign]" time="1.204" /><testcase classname="tests.dual_pc_review.test_w3_five_boundaries_repair" name="test_caller_alias_mutation_after_acceptance_cannot_change_or_block_replay" time="0.544" /><testcase classname="tests.dual_pc_review.test_w3_five_boundaries_repair" name="test_receipt_statistic_input_closure_attacks_are_atomic[duplicate_proposal-duplicate proposal|unique]" time="0.483" /><testcase classname="tests.dual_pc_review.test_w3_five_boundaries_repair" name="test_statistics_mapping_toctou_is_bound_to_one_detached_snapshot" time="0.173" /><testcase classname="tests.dual_pc_review.test_w3_five_boundaries_repair" name="test_receipt_statistic_input_closure_attacks_are_atomic[mixed_snapshot-snapshot]" time="0.509" /><testcase classname="tests.dual_pc_review.test_w3_five_boundaries_repair" name="test_statistics_mapping_duplicate_items_are_rejected_before_persistence" time="0.491" /><testcase classname="tests.dual_pc_review.test_w3_five_boundaries_repair" name="test_public_support_rebinding_fails_closed_on_every_surface[stage-foreign]" time="0.163" /><testcase classname="tests.dual_pc_review.test_w3_five_boundaries_repair" name="test_public_support_rebinding_fails_closed_on_every_surface[stage-reordered]" time="0.167" /><testcase classname="tests.dual_pc_review.test_w3_five_boundaries_repair" name="test_fully_resealed_false_cluster_lineage_is_rejected_and_retryable[missing]" time="1.262" /><testcase classname="tests.dual_pc_review.test_w3_five_boundaries_repair" name="test_receipt_statistic_input_closure_attacks_are_atomic[mixed_cluster-cluster]" time="0.493" /><testcase classname="tests.dual_pc_review.test_w3_five_boundaries_repair" name="test_public_support_rebinding_fails_closed_on_every_surface[readout-foreign]" time="0.327" /><testcase classname="tests.dual_pc_review.test_w3_five_boundaries_repair" name="test_cross_runtime_record_transplant_is_rejected_even_with_current_batch_snapshot" time="0.253" /><testcase classname="tests.dual_pc_review.test_w3_five_boundaries_repair" name="test_direct_private_single_field_tampering_fails_closed[support_hash]" time="0.209" /><testcase classname="tests.dual_pc_review.test_w3_five_boundaries_repair" name="test_public_support_rebinding_fails_closed_on_every_surface[readout-reordered]" time="0.332" /><testcase classname="tests.dual_pc_review.test_w3_five_boundaries_repair" name="test_caller_alias_mutation_before_acceptance_is_revalidated_atomically" time="0.523" /><testcase classname="tests.dual_pc_review.test_w3_five_boundaries_repair" name="test_direct_private_single_field_tampering_fails_closed[record_statistic]" time="0.213" /><testcase classname="tests.dual_pc_review.test_w3_five_boundaries_repair" name="test_persisted_cross_relations_are_rechecked_on_direct_readout[inject_orphan_record]" time="0.217" /><testcase classname="tests.dual_pc_review.test_w3_five_boundaries_repair" name="test_persisted_workspace_tampering_blocks_semantic_readout[journal_digest]" time="0.232" /><testcase classname="tests.dual_pc_review.test_w3_five_boundaries_repair" name="test_persisted_cross_relations_are_rechecked_on_direct_readout[reseal_source_frame]" time="0.245" /><testcase classname="tests.dual_pc_review.test_w3_five_boundaries_repair" name="test_persisted_workspace_tampering_blocks_semantic_readout[journal_body]" time="0.204" /><testcase classname="tests.dual_pc_review.test_w3_lock_handoff_binding_regression" name="test_hot_workspace_guard_rejects_every_class_callable_replacement[location_marginal]" time="0.001" /><testcase classname="tests.dual_pc_review.test_w3_lock_handoff_binding_regression" name="test_hot_workspace_guard_rejects_every_class_callable_replacement[invalidate_revisions]" time="0.001" /><testcase classname="tests.dual_pc_review.test_w3_lock_handoff_binding_regression" name="test_hot_workspace_guard_rejects_every_class_callable_replacement[publish_posterior]" time="0.001" /><testcase classname="tests.dual_pc_review.test_w3_lock_handoff_binding_regression" name="test_hot_workspace_guard_rejects_every_class_callable_replacement[state_payload]" time="0.001" /><testcase classname="tests.dual_pc_review.test_w3_lock_handoff_binding_regression" name="test_hot_workspace_guard_rejects_every_class_callable_replacement[validate_world_support]" time="0.001" /><testcase classname="tests.dual_pc_review.test_w3_lock_handoff_binding_regression" name="test_hot_workspace_guard_rejects_every_class_callable_replacement[_validate_persisted_state]" time="0.001" /><testcase classname="tests.dual_pc_review.test_w3_lock_handoff_binding_regression" name="test_hot_workspace_guard_rejects_every_class_callable_replacement[_validate_current_batch]" time="0.001" /><testcase classname="tests.dual_pc_review.test_w3_lock_handoff_binding_regression" name="test_hot_workspace_guard_rejects_every_class_callable_replacement[_validated_input_body]" time="0.001" /><testcase classname="tests.dual_pc_review.test_w3_lock_handoff_binding_regression" name="test_hot_workspace_guard_rejects_every_class_callable_replacement[_validate_record_binding]" time="0.001" /><testcase classname="tests.dual_pc_review.test_w3_lock_handoff_binding_regression" name="test_hot_workspace_guard_does_not_repeat_full_source_compilation" time="0.001" /><testcase classname="tests.dual_pc_review.test_w3_lock_handoff_binding_regression" name="test_hot_workspace_guard_rejects_in_place_code_object_tampering" time="0.001" /><testcase classname="tests.test_structure_two_execution_interface" name="test_canonical_plan_is_transitively_immutable_and_not_an_adaptive_path" time="0.000" /><testcase classname="tests.test_structure_two_execution_interface" name="test_adaptive_plan_and_consumption_registries_are_transitively_read_only" time="0.000" /><testcase classname="tests.test_structure_two_execution_interface" name="test_no_argument_entrypoint_bypasses_plan_and_trace_allocation" time="0.107" /><testcase classname="tests.test_structure_two_execution_interface" name="test_registered_pchmp_overrides_support_legacy_and_traced_execution_without_shape_pollution[PriorOnlyMessagePassing]" time="0.472" /><testcase classname="tests.dual_pc_review.test_w3_five_boundaries_repair" name="test_persisted_cross_relations_are_rechecked_on_direct_readout[empty_chain_history]" time="0.221" /><testcase classname="tests.dual_pc_review.test_w3_five_boundaries_repair" name="test_persisted_workspace_tampering_blocks_semantic_readout[batch]" time="0.206" /><testcase classname="tests.dual_pc_review.test_w3_five_boundaries_repair" name="test_fully_resealed_false_cluster_lineage_is_rejected_and_retryable[reordered]" time="1.258" /><testcase classname="tests.dual_pc_review.test_w3_five_boundaries_repair" name="test_persisted_workspace_tampering_blocks_semantic_readout[receipts]" time="0.205" /><testcase classname="tests.dual_pc_review.test_w3_five_boundaries_repair" name="test_persisted_cross_relations_are_rechecked_on_direct_readout[clear_projection_consumption]" time="0.658" /><testcase classname="tests.dual_pc_review.test_w3_five_boundaries_repair" name="test_persisted_workspace_tampering_blocks_semantic_readout[consumption]" time="0.232" /><testcase classname="tests.test_structure_two_execution_interface" name="test_registered_pchmp_overrides_support_legacy_and_traced_execution_without_shape_pollution[IndependentEvidenceMessagePassing]" time="0.490" /><testcase classname="tests.dual_pc_review.test_w3_five_boundaries_repair" name="test_persisted_cross_relations_are_rechecked_on_direct_readout[delete_historical_record]" time="0.542" /><testcase classname="tests.dual_pc_review.test_w3_five_boundaries_repair" name="test_actual_advance_return_interruption_rolls_back_and_is_retryable[0-RuntimeError]" time="0.552" /><testcase classname="tests.test_structure_two_execution_interface" name="test_registered_pchmp_overrides_support_legacy_and_traced_execution_without_shape_pollution[EvaluatorNoDedupMessagePassing]" time="0.477" /><testcase classname="tests.test_structure_two_execution_interface" name="test_plan_and_sink_are_required_as_one_pair_before_state_change[plan]" time="0.002" /><testcase classname="tests.test_structure_two_execution_interface" name="test_plan_and_sink_are_required_as_one_pair_before_state_change[sink]" time="0.002" /><testcase classname="tests.test_structure_two_execution_interface" name="test_reordered_or_adaptive_plan_is_rejected_before_calls" time="0.002" /><testcase classname="tests.test_structure_two_execution_interface" name="test_successful_trace_binds_calls_consumption_chain_and_truthful_ciav_disposition" time="0.325" /><testcase classname="tests.dual_pc_review.test_w3_five_boundaries_repair" name="test_fully_resealed_false_cluster_lineage_is_rejected_and_retryable[duplicate]" time="1.282" /><testcase classname="tests.test_structure_two_execution_interface" name="test_registered_pchmp_overrides_support_legacy_and_traced_execution_without_shape_pollution[EvaluatorNoProvenanceFirewallMessagePassing]" time="0.491" /><testcase classname="tests.dual_pc_review.test_w3_five_boundaries_repair" name="test_actual_advance_return_interruption_rolls_back_and_is_retryable[0-KeyboardInterrupt]" time="0.529" /><testcase classname="tests.test_structure_two_execution_interface" name="test_receipts_hash_the_actual_bound_callable_inputs_and_outputs" time="0.524" /><testcase classname="tests.test_structure_two_execution_interface" name="test_sink_cannot_replace_registered_pchmp_delegate_and_rollback_preserves_identity" time="0.314" /><testcase classname="tests.dual_pc_review.test_w3_five_boundaries_repair" name="test_actual_advance_return_interruption_rolls_back_and_is_retryable[1-RuntimeError]" time="1.491" /><testcase classname="tests.test_structure_two_execution_interface" name="test_public_operator_inventory_override_cannot_forge_the_called_instance" time="0.371" /><testcase classname="tests.test_structure_two_execution_interface" name="test_sink_cannot_mutate_registered_pchmp_delegate_authority_in_place" time="0.293" /><testcase classname="tests.test_structure_two_execution_interface" name="test_core_rejects_a_provider_not_bound_to_the_objects_it_will_call" time="0.092" /><testcase classname="tests.test_structure_two_execution_interface" name="test_trace_rejects_disabled_operator_configuration_before_state_change[cause_factorized_bocpd_enabled]" time="0.002" /><testcase classname="tests.test_structure_two_execution_interface" name="test_trace_rejects_disabled_operator_configuration_before_state_change[ccrr_enabled]" time="0.002" /><testcase classname="tests.test_structure_two_execution_interface" name="test_trace_rejects_disabled_rgrc_gate_before_state_change" time="0.002" /><testcase classname="tests.test_structure_two_execution_interface" name="test_sink_state_mutation_is_detected_tombstoned_and_rolled_back" time="0.281" /><testcase classname="tests.test_structure_two_execution_interface" name="test_unverified_sink_compensation_is_explicit_while_model_state_rolls_back" time="0.280" /><testcase classname="tests.test_structure_two_execution_interface" name="test_tamper_reorder_and_cross_run_splice_break_trace_verification" time="0.656" /><testcase classname="tests.test_structure_two_execution_interface" name="test_sink_cannot_mutate_the_sealed_trace_before_acknowledging_it" time="0.280" /><testcase classname="tests.test_structure_two_execution_interface" name="test_abort_cannot_mutate_the_only_trace_snapshot_and_acknowledge_a_different_hash" time="0.279" /><testcase classname="tests.test_structure_two_execution_interface" name="test_sink_configuration_or_component_replacement_is_aborted_and_rolled_back[fusion_configuration]" time="0.288" /><testcase classname="tests.test_structure_two_execution_interface" name="test_sink_configuration_or_component_replacement_is_aborted_and_rolled_back[configuration]" time="0.290" /><testcase classname="tests.test_structure_two_execution_interface" name="test_sink_failure_or_wrong_ack_rolls_back_complete_transition_state[FailingSink]" time="0.280" /><testcase classname="tests.test_structure_two_execution_interface" name="test_sink_configuration_or_component_replacement_is_aborted_and_rolled_back[feedback_projector_state]" time="0.288" /><testcase classname="tests.test_structure_two_execution_interface" name="test_sink_configuration_or_component_replacement_is_aborted_and_rolled_back[component]" time="0.291" /><testcase classname="tests.dual_pc_review.test_w3_five_boundaries_repair" name="test_actual_advance_return_interruption_rolls_back_and_is_retryable[1-KeyboardInterrupt]" time="1.466" /><testcase classname="tests.test_structure_two_execution_interface" name="test_sink_failure_or_wrong_ack_rolls_back_complete_transition_state[WrongAcknowledgementSink]" time="0.282" /><testcase classname="tests.test_structure_two_execution_interface" name="test_sink_configuration_or_component_replacement_is_aborted_and_rolled_back[execution_lock]" time="0.331" /><testcase classname="tests.test_structure_two_execution_interface" name="test_sink_production_wrapper_mutation_is_aborted_and_rolled_back[feedback_revision_loop]" time="0.289" /><testcase classname="tests.test_structure_two_execution_interface" name="test_sink_reentrancy_is_rejected_without_a_second_state_transition" time="0.328" /><testcase classname="tests.test_structure_two_execution_interface" name="test_sink_production_wrapper_mutation_is_aborted_and_rolled_back[cause_information_planner]" time="0.291" /><testcase classname="tests.test_structure_two_execution_interface" name="test_sink_production_wrapper_mutation_is_aborted_and_rolled_back[core]" time="0.291" /><testcase classname="tests.test_structure_two_execution_interface" name="test_cross_thread_sink_callback_fails_fast_instead_of_deadlocking" time="0.331" /><testcase classname="tests.test_structure_two_execution_interface" name="test_sink_production_wrapper_mutation_is_aborted_and_rolled_back[ciav_opceu_loop]" time="0.313" /><testcase classname="tests.test_structure_two_execution_interface" name="test_sink_production_wrapper_mutation_is_aborted_and_rolled_back[execution_lock]" time="0.333" /><testcase classname="tests.test_structure_two_execution_interface" name="test_public_mutator_fails_fast_while_trace_sink_commit_is_in_progress" time="0.330" /><testcase classname="tests.test_structure_two_execution_interface" name="test_sink_production_wrapper_mutation_is_aborted_and_rolled_back[feedback_projector_state]" time="0.331" /><testcase classname="tests.test_structure_two_execution_interface" name="test_sink_production_wrapper_mutation_is_aborted_and_rolled_back[planner_state]" time="0.333" /><testcase classname="tests.test_structure_two_execution_interface" name="test_sink_lock_ownership_mutation_is_aborted_normalized_and_rolled_back[core_acquire]" time="0.285" /><testcase classname="tests.test_structure_two_execution_interface" name="test_sink_production_wrapper_mutation_is_aborted_and_rolled_back[evidence_trace_state]" time="0.334" /><testcase classname="tests.dual_pc_review.test_w3_five_boundaries_repair" name="test_conditional_state_copy_is_content_based_not_object_identity_based" time="0.187" /><testcase classname="tests.test_structure_two_execution_interface" name="test_sink_production_wrapper_mutation_is_aborted_and_rolled_back[feedback_engine_version]" time="0.291" /><testcase classname="tests.test_structure_two_execution_interface" name="test_sink_lock_ownership_mutation_is_aborted_normalized_and_rolled_back[wrapper_release]" time="0.286" /><testcase classname="tests.dual_pc_review.test_w3_lock_handoff_binding_regression" name="test_hot_workspace_guard_rejects_every_class_callable_replacement[advance]" time="0.001" /><testcase classname="tests.test_structure_two_execution_interface" name="test_sink_cannot_swap_an_in_place_attestation_verifier_key[core]" time="0.294" /><testcase classname="tests.test_structure_two_execution_interface" name="test_sink_lock_ownership_mutation_is_aborted_normalized_and_rolled_back[core_release]" time="0.286" /><testcase classname="tests.test_structure_two_execution_interface" name="test_sink_lock_ownership_mutation_is_aborted_normalized_and_rolled_back[wrapper_acquire]" time="0.285" /><testcase classname="tests.test_structure_two_execution_interface" name="test_sink_lock_ownership_mutation_is_aborted_normalized_and_rolled_back[ledger_acquire]" time="0.287" /><testcase classname="tests.test_structure_two_execution_interface" name="test_sink_cannot_swap_an_in_place_attestation_verifier_key[wrapper]" time="0.313" /><testcase classname="tests.test_structure_two_execution_interface" name="test_abort_lock_mutation_is_not_accepted_as_successful_compensation" time="0.286" /><testcase classname="tests.test_structure_two_execution_interface" name="test_sink_lock_ownership_mutation_is_aborted_normalized_and_rolled_back[ccrr_acquire]" time="0.287" /><testcase classname="tests.test_structure_two_execution_interface" name="test_sink_lock_ownership_mutation_is_aborted_normalized_and_rolled_back[map_acquire]" time="0.287" /><testcase classname="tests.test_structure_two_execution_interface" name="test_abort_cannot_temporarily_release_the_production_serialization_lock" time="0.283" /><testcase classname="tests.test_structure_two_execution_interface" name="test_commit_keyboard_interrupt_is_compensated_and_model_state_is_rolled_back" time="0.288" /><testcase classname="tests.test_structure_two_execution_interface" name="test_operator_keyboard_interrupt_rolls_back_without_attempting_sink_commit" time="0.296" /><testcase classname="tests.test_structure_two_execution_interface" name="test_runtime_lock_prevents_a_stale_concurrent_checkpoint_from_erasing_success" time="0.371" /><testcase classname="tests.test_structure_two_execution_interface" name="test_direct_core_entrypoint_uses_the_same_contract_without_claiming_production_runtime" time="0.112" /><testcase classname="tests.test_structure_two_execution_interface" name="test_sink_cannot_mutate_live_operator_configuration_in_place[bocpd_reset_matrix]" time="0.296" /><testcase classname="tests.test_structure_two_execution_interface" name="test_sink_cannot_mutate_live_operator_configuration_in_place[ccrr_threshold]" time="0.295" /><testcase classname="tests.test_structure_two_execution_interface" name="test_preexisting_rls_graph_is_guarded_and_rolled_back_in_place[model_config]" time="0.300" /><testcase classname="tests.test_structure_two_execution_interface" name="test_preexisting_rls_graph_is_guarded_and_rolled_back_in_place[head_copy]" time="0.362" /><testcase classname="tests.test_structure_two_execution_interface" name="test_preexisting_rls_graph_is_guarded_and_rolled_back_in_place[commit_failure]" time="0.300" /><testcase classname="tests.test_structure_two_execution_interface" name="test_factory_configuration_and_nested_rows_are_guarded_and_restored[head_factory_configuration]" time="0.316" /><testcase classname="tests.test_structure_two_execution_interface" name="test_factory_configuration_and_nested_rows_are_guarded_and_restored[habit_row_copy]" time="0.352" /><testcase classname="tests.test_structure_two_execution_interface" name="test_factory_configuration_and_nested_rows_are_guarded_and_restored[receipt_row_copy]" time="0.352" /><testcase classname="tests.test_structure_two_execution_interface" name="test_habit_count_reads_use_plain_dicts_without_callable_default_factories" time="0.001" /><testcase classname="tests.test_structure_two_execution_interface" name="test_cross_thread_lock_handoff_fails_without_waiting_for_foreign_release[core]" time="0.300" /><testcase classname="tests.test_structure_two_execution_interface" name="test_legacy_failure_rollback_preserves_public_operator_instance_identity" time="0.144" /><testcase classname="tests.test_structure_two_execution_interface" name="test_legacy_base_exception_rolls_back_complete_state_and_instance_identity[KeyboardInterrupt]" time="0.143" /><testcase classname="tests.test_structure_two_execution_interface" name="test_cross_thread_lock_handoff_fails_without_waiting_for_foreign_release[ccrr]" time="0.286" /><testcase classname="tests.test_structure_two_execution_interface" name="test_callable_binding_rejects_disk_source_drift_from_loaded_code" time="0.001" /><testcase classname="tests.test_structure_two_execution_interface" name="test_cross_thread_lock_handoff_fails_without_waiting_for_foreign_release[wrapper]" time="0.281" /><testcase classname="tests.test_structure_two_execution_interface" name="test_legacy_base_exception_rolls_back_complete_state_and_instance_identity[SystemExit]" time="0.138" /></testsuite></testsuites>