<?xml version="1.0" encoding="utf-8"?><testsuites name="pytest tests"><testsuite name="pytest" errors="0" failures="0" skipped="0" tests="71" time="0.311" timestamp="2026-09-12T23:04:18.182321+08:00" hostname="刘承祥"><testcase classname="tests.pc_a_w2_acceptance.test_mutation_witness" name="test_noop_recomputed_metadata_cannot_count_as_conclusion_attack[r1_commits_999]" time="0.002" /><testcase classname="tests.pc_a_w2_acceptance.test_mutation_witness" name="test_noop_recomputed_metadata_cannot_count_as_conclusion_attack[fast_slow_memory]" time="0.001" /><testcase classname="tests.pc_a_w2_acceptance.test_mutation_witness" name="test_noop_recomputed_metadata_cannot_count_as_conclusion_attack[actions_scores_groups]" time="0.001" /><testcase classname="tests.pc_a_w2_acceptance.test_mutation_witness" name="test_noop_recomputed_metadata_cannot_count_as_conclusion_attack[learned_joint]" time="0.001" /><testcase classname="tests.pc_a_w2_acceptance.test_mutation_witness" name="test_noop_recomputed_metadata_cannot_count_as_conclusion_attack[truth_and_labels]" time="0.001" /><testcase classname="tests.pc_a_w2_acceptance.test_mutation_witness" name="test_noop_recomputed_metadata_cannot_count_as_conclusion_attack[support_and_input]" time="0.001" /><testcase classname="tests.pc_a_w2_acceptance.test_mutation_witness" name="test_noop_recomputed_metadata_cannot_count_as_conclusion_attack[step_missing]" time="0.001" /><testcase classname="tests.pc_a_w2_acceptance.test_mutation_witness" name="test_noop_recomputed_metadata_cannot_count_as_conclusion_attack[step_duplicate]" time="0.001" /><testcase classname="tests.pc_a_w2_acceptance.test_mutation_witness" name="test_noop_recomputed_metadata_cannot_count_as_conclusion_attack[step_reorder]" time="0.001" /><testcase classname="tests.pc_a_w2_acceptance.test_mutation_witness" name="test_noop_recomputed_metadata_cannot_count_as_conclusion_attack[step_replacement]" time="0.001" /><testcase classname="tests.pc_a_w2_acceptance.test_mutation_witness" name="test_noop_recomputed_metadata_cannot_count_as_conclusion_attack[episode_missing]" time="0.001" /><testcase classname="tests.pc_a_w2_acceptance.test_mutation_witness" name="test_noop_recomputed_metadata_cannot_count_as_conclusion_attack[episode_duplicate]" time="0.001" /><testcase classname="tests.pc_a_w2_acceptance.test_mutation_witness" name="test_noop_recomputed_metadata_cannot_count_as_conclusion_attack[episode_reorder]" time="0.001" /><testcase classname="tests.pc_a_w2_acceptance.test_mutation_witness" name="test_noop_recomputed_metadata_cannot_count_as_conclusion_attack[data_hash]" time="0.001" /><testcase classname="tests.pc_a_w2_acceptance.test_mutation_witness" name="test_noop_recomputed_metadata_cannot_count_as_conclusion_attack[config_selection]" time="0.001" /><testcase classname="tests.pc_a_w2_acceptance.test_mutation_witness" name="test_noop_recomputed_metadata_cannot_count_as_conclusion_attack[seed_split]" time="0.001" /><testcase classname="tests.pc_a_w2_acceptance.test_mutation_witness" name="test_noop_recomputed_metadata_cannot_count_as_conclusion_attack[source_binding]" time="0.001" /><testcase classname="tests.pc_a_w2_acceptance.test_mutation_witness" name="test_noop_recomputed_metadata_cannot_count_as_conclusion_attack[source_rebound_state]" time="0.001" /><testcase classname="tests.pc_a_w2_acceptance.test_mutation_witness" name="test_noop_recomputed_metadata_cannot_count_as_conclusion_attack[source_version]" time="0.001" /><testcase classname="tests.pc_a_w2_acceptance.test_mutation_witness" name="test_noop_recomputed_metadata_cannot_count_as_conclusion_attack[attribution_only]" time="0.001" /><testcase classname="tests.pc_a_w2_acceptance.test_mutation_witness" name="test_noop_recomputed_metadata_cannot_count_as_conclusion_attack[forged_verification_receipt]" time="0.001" /><testcase classname="tests.pc_a_w2_acceptance.test_mutation_witness" name="test_noop_recomputed_metadata_cannot_count_as_conclusion_attack[future_support]" time="0.001" /><testcase classname="tests.pc_a_w2_acceptance.test_mutation_witness" name="test_noop_recomputed_metadata_cannot_count_as_conclusion_attack[missing_owner]" time="0.001" /><testcase classname="tests.pc_a_w2_acceptance.test_mutation_witness" name="test_noop_recomputed_metadata_cannot_count_as_conclusion_attack[costs]" time="0.001" /><testcase classname="tests.pc_a_w2_acceptance.test_mutation_witness" name="test_noop_recomputed_metadata_cannot_count_as_conclusion_attack[selection_access]" time="0.001" /><testcase classname="tests.pc_a_w2_acceptance.test_mutation_witness" name="test_noop_recomputed_metadata_cannot_count_as_conclusion_attack[consumer_features]" time="0.000" /><testcase classname="tests.pc_a_w2_acceptance.test_mutation_witness" name="test_noop_recomputed_metadata_cannot_count_as_conclusion_attack[fairness_claim]" time="0.000" /><testcase classname="tests.pc_a_w2_acceptance.test_mutation_witness" name="test_noop_recomputed_metadata_cannot_count_as_conclusion_attack[nonempty_commit]" time="0.001" /><testcase classname="tests.pc_a_w2_acceptance.test_mutation_witness" name="test_noop_recomputed_metadata_cannot_count_as_conclusion_attack[action_consequence]" time="0.001" /><testcase classname="tests.pc_a_w2_acceptance.test_mutation_witness" name="test_noop_recomputed_metadata_cannot_count_as_conclusion_attack[corrected_memory]" time="0.001" /><testcase classname="tests.pc_a_w2_acceptance.test_mutation_witness" name="test_noop_recomputed_metadata_cannot_count_as_conclusion_attack[contract_freeze]" time="0.001" /><testcase classname="tests.pc_a_w2_acceptance.test_mutation_witness" name="test_designated_dependency_change_has_nonempty_witness[r1_commits_999]" time="0.001" /><testcase classname="tests.pc_a_w2_acceptance.test_mutation_witness" name="test_designated_dependency_change_has_nonempty_witness[fast_slow_memory]" time="0.001" /><testcase classname="tests.pc_a_w2_acceptance.test_mutation_witness" name="test_designated_dependency_change_has_nonempty_witness[actions_scores_groups]" time="0.001" /><testcase classname="tests.pc_a_w2_acceptance.test_mutation_witness" name="test_designated_dependency_change_has_nonempty_witness[learned_joint]" time="0.001" /><testcase classname="tests.pc_a_w2_acceptance.test_mutation_witness" name="test_designated_dependency_change_has_nonempty_witness[truth_and_labels]" time="0.001" /><testcase classname="tests.pc_a_w2_acceptance.test_mutation_witness" name="test_designated_dependency_change_has_nonempty_witness[support_and_input]" time="0.005" /><testcase classname="tests.pc_a_w2_acceptance.test_mutation_witness" name="test_designated_dependency_change_has_nonempty_witness[step_missing]" time="0.001" /><testcase classname="tests.pc_a_w2_acceptance.test_mutation_witness" name="test_designated_dependency_change_has_nonempty_witness[step_duplicate]" time="0.001" /><testcase classname="tests.pc_a_w2_acceptance.test_mutation_witness" name="test_designated_dependency_change_has_nonempty_witness[step_reorder]" time="0.001" /><testcase classname="tests.pc_a_w2_acceptance.test_mutation_witness" name="test_designated_dependency_change_has_nonempty_witness[step_replacement]" time="0.001" /><testcase classname="tests.pc_a_w2_acceptance.test_mutation_witness" name="test_designated_dependency_change_has_nonempty_witness[episode_missing]" time="0.001" /><testcase classname="tests.pc_a_w2_acceptance.test_mutation_witness" name="test_designated_dependency_change_has_nonempty_witness[episode_duplicate]" time="0.000" /><testcase classname="tests.pc_a_w2_acceptance.test_mutation_witness" name="test_designated_dependency_change_has_nonempty_witness[episode_reorder]" time="0.001" /><testcase classname="tests.pc_a_w2_acceptance.test_mutation_witness" name="test_designated_dependency_change_has_nonempty_witness[data_hash]" time="0.001" /><testcase classname="tests.pc_a_w2_acceptance.test_mutation_witness" name="test_designated_dependency_change_has_nonempty_witness[config_selection]" time="0.001" /><testcase classname="tests.pc_a_w2_acceptance.test_mutation_witness" name="test_designated_dependency_change_has_nonempty_witness[seed_split]" time="0.001" /><testcase classname="tests.pc_a_w2_acceptance.test_mutation_witness" name="test_designated_dependency_change_has_nonempty_witness[source_binding]" time="0.000" /><testcase classname="tests.pc_a_w2_acceptance.test_mutation_witness" name="test_designated_dependency_change_has_nonempty_witness[source_rebound_state]" time="0.000" /><testcase classname="tests.pc_a_w2_acceptance.test_mutation_witness" name="test_designated_dependency_change_has_nonempty_witness[source_version]" time="0.001" /><testcase classname="tests.pc_a_w2_acceptance.test_mutation_witness" name="test_designated_dependency_change_has_nonempty_witness[attribution_only]" time="0.001" /><testcase classname="tests.pc_a_w2_acceptance.test_mutation_witness" name="test_designated_dependency_change_has_nonempty_witness[forged_verification_receipt]" time="0.001" /><testcase classname="tests.pc_a_w2_acceptance.test_mutation_witness" name="test_designated_dependency_change_has_nonempty_witness[future_support]" time="0.001" /><testcase classname="tests.pc_a_w2_acceptance.test_mutation_witness" name="test_designated_dependency_change_has_nonempty_witness[missing_owner]" time="0.001" /><testcase classname="tests.pc_a_w2_acceptance.test_mutation_witness" name="test_designated_dependency_change_has_nonempty_witness[costs]" time="0.001" /><testcase classname="tests.pc_a_w2_acceptance.test_mutation_witness" name="test_designated_dependency_change_has_nonempty_witness[selection_access]" time="0.001" /><testcase classname="tests.pc_a_w2_acceptance.test_mutation_witness" name="test_designated_dependency_change_has_nonempty_witness[consumer_features]" time="0.000" /><testcase classname="tests.pc_a_w2_acceptance.test_mutation_witness" name="test_designated_dependency_change_has_nonempty_witness[fairness_claim]" time="0.001" /><testcase classname="tests.pc_a_w2_acceptance.test_mutation_witness" name="test_designated_dependency_change_has_nonempty_witness[nonempty_commit]" time="0.001" /><testcase classname="tests.pc_a_w2_acceptance.test_mutation_witness" name="test_designated_dependency_change_has_nonempty_witness[action_consequence]" time="0.001" /><testcase classname="tests.pc_a_w2_acceptance.test_mutation_witness" name="test_designated_dependency_change_has_nonempty_witness[corrected_memory]" time="0.001" /><testcase classname="tests.pc_a_w2_acceptance.test_mutation_witness" name="test_designated_dependency_change_has_nonempty_witness[contract_freeze]" time="0.001" /><testcase classname="tests.pc_a_w2_acceptance.test_mutation_witness" name="test_changed_semantics_with_stale_source_is_not_semantic_rejection_proof" time="0.001" /><testcase classname="tests.pc_a_w2_acceptance.test_mutation_witness" name="test_batch_checker_positive_is_only_log_consistency" time="0.000" /><testcase classname="tests.pc_a_w2_acceptance.test_mutation_witness" name="test_batch_exit_failure_does_not_excuse_wrong_per_package_result[weak]" time="0.000" /><testcase classname="tests.pc_a_w2_acceptance.test_mutation_witness" name="test_batch_exit_failure_does_not_excuse_wrong_per_package_result[reference_failed]" time="0.001" /><testcase classname="tests.pc_a_w2_acceptance.test_mutation_witness" name="test_batch_exit_failure_does_not_excuse_wrong_per_package_result[attack_passed]" time="0.001" /><testcase classname="tests.pc_a_w2_acceptance.test_mutation_witness" name="test_batch_exit_failure_does_not_excuse_wrong_per_package_result[missing]" time="0.000" /><testcase classname="tests.pc_a_w2_acceptance.test_mutation_witness" name="test_batch_exit_failure_does_not_excuse_wrong_per_package_result[duplicate]" time="0.000" /><testcase classname="tests.pc_a_w2_acceptance.test_mutation_witness" name="test_batch_exit_failure_does_not_excuse_wrong_per_package_result[stale_source]" time="0.001" /><testcase classname="tests.pc_a_w2_acceptance.test_mutation_witness" name="test_batch_exit_failure_does_not_excuse_wrong_per_package_result[no_error]" time="0.001" /></testsuite></testsuites>