<?xml version="1.0" encoding="utf-8"?><testsuites name="pytest tests"><testsuite name="pytest" errors="0" failures="0" skipped="0" tests="85" time="55.191" timestamp="2026-09-13T17:14:53.281910+08:00" hostname="MacBook-Air-2.local"><testcase classname="tests.test_structure_two_unified_acceptance" name="test_legal_stages_execute_in_order_and_preserve_complete_hashed_logs" time="0.163" /><testcase classname="tests.test_structure_two_unified_acceptance" name="test_preexisting_green_artifact_does_not_skip_real_subprocess" time="0.114" /><testcase classname="tests.test_structure_two_unified_acceptance" name="test_source_changed_before_start_refuses_even_with_green_artifact[tracked]" time="0.085" /><testcase classname="tests.test_structure_two_unified_acceptance" name="test_source_changed_before_start_refuses_even_with_green_artifact[untracked]" time="0.084" /><testcase classname="tests.test_structure_two_unified_acceptance" name="test_source_changed_before_start_refuses_even_with_green_artifact[head]" time="0.097" /><testcase classname="tests.test_structure_two_unified_acceptance" name="test_zero_exit_and_green_file_cannot_hide_source_change_during_stage" time="0.115" /><testcase classname="tests.test_structure_two_unified_acceptance" name="test_failed_stage_cannot_be_hidden_by_downstream_green_files" time="0.111" /><testcase classname="tests.test_structure_two_unified_acceptance" name="test_retry_requires_new_directory_and_executes_whole_sequence_again" time="0.276" /><testcase classname="tests.test_structure_two_unified_acceptance" name="test_zero_exit_cannot_hide_absent_or_incomplete_required_test_matrix[empty]" time="0.117" /><testcase classname="tests.test_structure_two_unified_acceptance" name="test_zero_exit_cannot_hide_absent_or_incomplete_required_test_matrix[skipped]" time="0.113" /><testcase classname="tests.test_structure_two_unified_acceptance" name="test_zero_exit_cannot_hide_absent_or_incomplete_required_test_matrix[xfailed]" time="0.116" /><testcase classname="tests.test_structure_two_unified_acceptance" name="test_zero_exit_cannot_hide_absent_or_incomplete_required_test_matrix[failed]" time="0.116" /><testcase classname="tests.test_structure_two_unified_acceptance" name="test_zero_exit_cannot_hide_absent_or_incomplete_required_test_matrix[error]" time="0.117" /><testcase classname="tests.test_structure_two_unified_acceptance" name="test_real_pytest_junit_positive_has_actual_nonempty_test_count" time="0.286" /><testcase classname="tests.test_structure_two_unified_acceptance" name="test_real_pytest_zero_exit_with_incomplete_matrix_is_rejected[actual_skip]" time="0.292" /><testcase classname="tests.test_structure_two_unified_acceptance" name="test_real_pytest_zero_exit_with_incomplete_matrix_is_rejected[actual_xfail]" time="0.293" /><testcase classname="tests.test_structure_two_unified_acceptance" name="test_downstream_green_stage_cannot_replace_frozen_artifact_bundle[rewrite_rehash]" time="0.163" /><testcase classname="tests.test_structure_two_unified_acceptance" name="test_downstream_green_stage_cannot_replace_frozen_artifact_bundle[delete_member]" time="0.160" /><testcase classname="tests.test_structure_two_unified_acceptance" name="test_downstream_green_stage_cannot_replace_frozen_artifact_bundle[add_member]" time="0.159" /><testcase classname="tests.test_structure_two_unified_acceptance" name="test_legitimate_frozen_bundle_is_usable_by_later_actual_stage" time="0.158" /><testcase classname="tests.test_structure_two_unified_acceptance" name="test_interruption_kills_descendants_even_when_group_leader_exits[2]" time="7.632" /><testcase classname="tests.test_structure_two_unified_acceptance" name="test_interruption_kills_descendants_even_when_group_leader_exits[15]" time="7.637" /><testcase classname="tests.test_structure_two_unified_acceptance" name="test_sigkill_remains_incomplete_and_inspection_never_resumes" time="0.162" /><testcase classname="tests.test_structure_two_unified_acceptance" name="test_real_cli_rejects_declared_root_different_from_executing_checkout" time="0.033" /><testcase classname="tests.test_structure_two_unified_acceptance" name="test_real_cli_without_unified_root_can_only_record_waiting" time="2.336" /><testcase classname="tests.test_structure_two_unified_acceptance" name="test_real_cli_refuses_environment_that_can_suppress_required_verification[PYTEST_ADDOPTS--k nonexistent_case]" time="0.033" /><testcase classname="tests.test_structure_two_unified_acceptance" name="test_real_cli_refuses_environment_that_can_suppress_required_verification[PYTEST_ADDOPTS---deselect=tests/test_required.py::test_required]" time="0.033" /><testcase classname="tests.test_structure_two_unified_acceptance" name="test_real_cli_refuses_environment_that_can_suppress_required_verification[PYTEST_PLUGINS-foreign_selection_plugin]" time="0.033" /><testcase classname="tests.test_structure_two_unified_acceptance" name="test_real_cli_refuses_environment_that_can_suppress_required_verification[PYTEST_DISABLE_PLUGIN_AUTOLOAD-1]" time="0.033" /><testcase classname="tests.test_structure_two_unified_acceptance" name="test_real_cli_refuses_environment_that_can_suppress_required_verification[PYTHONOPTIMIZE-1]" time="0.042" /><testcase classname="tests.test_structure_two_unified_acceptance" name="test_real_cli_entry_accepts_current_code_and_legal_unchecked_cache[file]" time="0.038" /><testcase classname="tests.test_structure_two_unified_acceptance" name="test_real_cli_entry_accepts_current_code_and_legal_unchecked_cache[module]" time="0.034" /><testcase classname="tests.test_structure_two_unified_acceptance" name="test_real_cli_stale_unchecked_entry_cannot_claim_restored_source" time="0.033" /><testcase classname="tests.test_structure_two_unified_acceptance" name="test_required_plan_keeps_actual_generation_before_fresh_verification" time="0.063" /><testcase classname="tests.test_structure_two_unified_acceptance" name="test_plan_refuses_empty_or_incomplete_round_four_closure[closure0]" time="0.058" /><testcase classname="tests.test_structure_two_unified_acceptance" name="test_plan_refuses_empty_or_incomplete_round_four_closure[closure1]" time="0.062" /><testcase classname="tests.test_structure_two_unified_acceptance" name="test_plan_refuses_one_test_reused_for_distinct_closure_roles" time="0.057" /><testcase classname="tests.test_structure_two_unified_acceptance" name="test_real_native_probe_requires_exactly_five_experiments" time="1.181" /><testcase classname="tests.test_structure_two_unified_acceptance" name="test_run_directory_dotdot_escape_is_rejected_before_creation" time="0.052" /><testcase classname="tests.test_structure_two_unified_acceptance" name="test_artifact_freezing_cannot_read_outside_checkout_by_dotdot" time="0.043" /><testcase classname="tests.test_structure_two_unified_dependencies" name="test_copied_venv_old_shebang_is_not_used_by_real_matrix" time="2.653" /><testcase classname="tests.test_structure_two_unified_dependencies" name="test_actual_xdist_workers_use_matching_interpreter_and_modules" time="1.097" /><testcase classname="tests.test_structure_two_unified_dependencies" name="test_actual_foreign_worker_interpreter_refused" time="1.427" /><testcase classname="tests.test_structure_two_unified_dependencies" name="test_real_foreign_module_loaded_during_test_refused_before_completion[cpswm]" time="0.396" /><testcase classname="tests.test_structure_two_unified_dependencies" name="test_real_foreign_module_loaded_during_test_refused_before_completion[pytest]" time="0.397" /><testcase classname="tests.test_structure_two_unified_dependencies" name="test_actual_matrix_incomplete_paths_refuse_downstream[failed]" time="0.446" /><testcase classname="tests.test_structure_two_unified_dependencies" name="test_actual_matrix_incomplete_paths_refuse_downstream[empty]" time="0.453" /><testcase classname="tests.test_structure_two_unified_dependencies" name="test_actual_matrix_incomplete_paths_refuse_downstream[skip]" time="0.454" /><testcase classname="tests.test_structure_two_unified_dependencies" name="test_actual_matrix_incomplete_paths_refuse_downstream[xfail]" time="0.456" /><testcase classname="tests.test_structure_two_unified_dependencies" name="test_actual_matrix_incomplete_paths_refuse_downstream[filter]" time="0.273" /><testcase classname="tests.test_structure_two_unified_dependencies" name="test_actual_matrix_incomplete_paths_refuse_downstream[missing_node]" time="0.453" /><testcase classname="tests.test_structure_two_unified_dependencies" name="test_actual_matrix_incomplete_paths_refuse_downstream[interrupt]" time="0.510" /><testcase classname="tests.test_structure_two_unified_dependencies" name="test_real_matrix_retry_keeps_failed_journal_and_executes_again" time="0.924" /><testcase classname="tests.test_structure_two_unified_dependencies" name="test_real_test_evidence_stays_in_run_but_real_source_changes_refused" time="0.870" /><testcase classname="tests.test_structure_two_unified_dependencies" name="test_comparison_plan_produces_replays_then_consumes_exact_locked_bundle" time="0.088" /><testcase classname="tests.test_structure_two_unified_dependencies" name="test_preexisting_bundle_cannot_be_imported_as_this_run_generation[old]" time="0.086" /><testcase classname="tests.test_structure_two_unified_dependencies" name="test_preexisting_bundle_cannot_be_imported_as_this_run_generation[foreign_resealed]" time="0.087" /><testcase classname="tests.test_structure_two_unified_dependencies" name="test_missing_matrix_file_is_not_dropped" time="0.001" /><testcase classname="tests.test_structure_two_unified_dependencies" name="test_old_console_script_cannot_replace_verified_module_invocation" time="0.155" /><testcase classname="tests.test_structure_two_unified_dependencies" name="test_actual_process_refuses_hidden_pytest_environment[-k live]" time="0.280" /><testcase classname="tests.test_structure_two_unified_dependencies" name="test_actual_process_refuses_hidden_pytest_environment[--deselect=notpresent]" time="0.290" /><testcase classname="tests.test_structure_two_unified_dependencies" name="test_actual_process_refuses_hidden_pytest_environment[-p no:cacheprovider]" time="0.286" /><testcase classname="tests.test_structure_two_unified_dependencies" name="test_existing_verified_artifact_cannot_skip_failed_producer" time="0.234" /><testcase classname="tests.test_structure_two_unified_dependencies" name="test_conftest_cannot_silently_reduce_a_nonempty_required_matrix" time="0.469" /><testcase classname="tests.test_structure_two_unified_dependencies" name="test_outside_checkout_attack_fixture_remains_outside_while_logs_are_bound" time="0.813" /><testcase classname="tests.test_structure_two_runtime_cache_identity" name="test_real_old_local_cache_never_completes[project-PycInvalidationMode.TIMESTAMP-False]" time="1.774" /><testcase classname="tests.test_structure_two_runtime_cache_identity" name="test_real_old_local_cache_never_completes[project-PycInvalidationMode.TIMESTAMP-True]" time="0.735" /><testcase classname="tests.test_structure_two_runtime_cache_identity" name="test_real_old_local_cache_never_completes[project-PycInvalidationMode.UNCHECKED_HASH-False]" time="0.402" /><testcase classname="tests.test_structure_two_runtime_cache_identity" name="test_real_old_local_cache_never_completes[project-PycInvalidationMode.UNCHECKED_HASH-True]" time="0.587" /><testcase classname="tests.test_structure_two_runtime_cache_identity" name="test_real_old_local_cache_never_completes[helper-PycInvalidationMode.TIMESTAMP-False]" time="0.406" /><testcase classname="tests.test_structure_two_runtime_cache_identity" name="test_real_old_local_cache_never_completes[helper-PycInvalidationMode.TIMESTAMP-True]" time="0.575" /><testcase classname="tests.test_structure_two_runtime_cache_identity" name="test_real_old_local_cache_never_completes[helper-PycInvalidationMode.UNCHECKED_HASH-False]" time="0.400" /><testcase classname="tests.test_structure_two_runtime_cache_identity" name="test_real_old_local_cache_never_completes[helper-PycInvalidationMode.UNCHECKED_HASH-True]" time="0.591" /><testcase classname="tests.test_structure_two_runtime_cache_identity" name="test_real_pytest_rewrite_cache_is_compared_to_current_assertions[False]" time="1.327" /><testcase classname="tests.test_structure_two_runtime_cache_identity" name="test_real_pytest_rewrite_cache_is_compared_to_current_assertions[True]" time="1.919" /><testcase classname="tests.test_structure_two_runtime_cache_identity" name="test_legal_existing_project_and_helper_cache_still_runs[PycInvalidationMode.TIMESTAMP]" time="0.747" /><testcase classname="tests.test_structure_two_runtime_cache_identity" name="test_legal_existing_project_and_helper_cache_still_runs[PycInvalidationMode.UNCHECKED_HASH]" time="0.765" /><testcase classname="tests.test_structure_two_runtime_cache_identity" name="test_caught_bad_import_cannot_erase_execution_rejection" time="0.407" /><testcase classname="tests.test_structure_two_runtime_cache_identity" name="test_real_nested_audit_launcher_positive_and_cached_negative[p0_adversarial_tests]" time="2.129" /><testcase classname="tests.test_structure_two_runtime_cache_identity" name="test_real_nested_audit_launcher_positive_and_cached_negative[core_pytest]" time="2.398" /><testcase classname="tests.test_structure_two_runtime_cache_identity" name="test_real_conftest_rewrite_cache_cannot_change_fixture_behavior[False]" time="0.849" /><testcase classname="tests.test_structure_two_runtime_cache_identity" name="test_real_conftest_rewrite_cache_cannot_change_fixture_behavior[True]" time="1.093" /><testcase classname="tests.test_structure_two_runtime_cache_identity" name="test_rewrite_cache_cannot_hide_its_filename_outside_bound_sources" time="0.843" /><testcase classname="tests.test_structure_two_runtime_cache_identity" name="test_bad_cache_in_background_thread_cannot_be_hidden" time="0.422" /><testcase classname="tests.test_structure_two_runtime_cache_identity" name="test_code_expectation_uses_exact_bytes_that_were_hashed" time="0.426" /></testsuite></testsuites>