<?xml version="1.0" encoding="utf-8"?><testsuites name="pytest tests"><testsuite name="pytest" errors="0" failures="0" skipped="0" tests="74" time="45.454" timestamp="2026-09-13T03:54:58.844846+09:00" hostname="localhost"><testcase classname="tests.dual_pc_review.test_pc_b_two_round_adversarial_audit" name="test_direct_workspace_rejects_resealed_chain_atomically_and_remains_usable" time="0.327" /><testcase classname="tests.dual_pc_review.test_pc_b_two_round_adversarial_audit" name="test_direct_workspace_legal_chain_control_is_nonempty" time="0.209" /><testcase classname="tests.dual_pc_review.test_pc_b_two_round_adversarial_audit" name="test_direct_workspace_detaches_accepted_chain_from_caller_alias" time="0.247" /><testcase classname="tests.dual_pc_review.test_pc_b_b5_extended_state_machine" name="test_core_anchor_rejects_coherently_resealed_non_noop_source_frame" time="0.290" /><testcase classname="tests.dual_pc_review.test_pc_b_b5_extended_state_machine" name="test_core_anchor_legal_multigeneration_and_replay_control" time="1.198" /><testcase classname="tests.test_structure_two_w3_native_particles" name="test_native_cross_step_ancestry_and_actual_log_q_consumer" time="1.917" /><testcase classname="tests.test_structure_two_w3_native_particles" name="test_log_q_and_constraint_interventions_change_only_prepared_readout" time="0.873" /><testcase classname="tests.test_structure_two_w3_native_particles" name="test_public_prepared_boundary_rejects_without_mutation[snapshot]" time="0.277" /><testcase classname="tests.test_structure_two_w3_native_particles" name="test_public_prepared_boundary_rejects_without_mutation[chain]" time="0.238" /><testcase classname="tests.test_structure_two_w3_native_particles" name="test_public_prepared_boundary_rejects_without_mutation[roles]" time="0.268" /><testcase classname="tests.test_structure_two_w3_native_particles" name="test_public_prepared_boundary_rejects_without_mutation[instance]" time="0.317" /><testcase classname="tests.test_structure_two_w3_native_particles" name="test_public_prepared_boundary_rejects_without_mutation[parent]" time="0.275" /><testcase classname="tests.test_structure_two_w3_native_particles" name="test_public_prepared_boundary_rejects_without_mutation[statistics]" time="0.260" /><testcase classname="tests.test_structure_two_w3_native_particles" name="test_public_prepared_boundary_rejects_without_mutation[ledger]" time="0.265" /><testcase classname="tests.test_structure_two_w3_native_particles" name="test_public_prepared_boundary_rejects_without_mutation[neural]" time="0.305" /><testcase classname="tests.test_structure_two_w3_native_particles" name="test_public_prepared_boundary_rejects_without_mutation[reactivate]" time="0.268" /><testcase classname="tests.test_structure_two_w3_native_particles" name="test_public_prepared_boundary_rejects_without_mutation[rejuvenate]" time="0.261" /><testcase classname="tests.test_structure_two_w3_native_particles" name="test_public_prepared_boundary_rejects_without_mutation[nan]" time="0.251" /><testcase classname="tests.test_structure_two_w3_native_particles" name="test_public_prepared_boundary_rejects_without_mutation[self_parent]" time="0.252" /><testcase classname="tests.test_structure_two_w3_native_particles" name="test_public_prepared_boundary_rejects_without_mutation[unknown_support]" time="0.320" /><testcase classname="tests.test_structure_two_w3_native_particles" name="test_public_prepared_boundary_rejects_without_mutation[stat_nan]" time="0.256" /><testcase classname="tests.test_structure_two_w3_native_particles" name="test_actual_prepared_call_interruption_is_atomic_and_retryable[RuntimeError]" time="0.423" /><testcase classname="tests.test_structure_two_w3_native_particles" name="test_actual_prepared_call_interruption_is_atomic_and_retryable[KeyboardInterrupt]" time="0.407" /><testcase classname="tests.test_structure_two_w3_native_particles" name="test_public_correction_invalidates_native_parent_and_refuses_unselected_replay" time="0.449" /><testcase classname="tests.test_structure_two_w3_native_particles" name="test_native_identity_guards_preserve_actual_implementation[instance]" time="0.180" /><testcase classname="tests.test_structure_two_w3_native_particles" name="test_native_identity_guards_preserve_actual_implementation[method]" time="0.168" /><testcase classname="tests.test_structure_two_w3_native_particles" name="test_prepared_semantic_identity_preserves_raw_references_across_runs" time="2.199" /><testcase classname="tests.dual_pc_review.test_w3_five_boundaries_repair" name="test_legal_initial_unknown_unresolved_and_idempotent_replay" time="0.638" /><testcase classname="tests.dual_pc_review.test_w3_five_boundaries_repair" name="test_legal_zero_increment_second_generation_still_appends_cluster" time="0.634" /><testcase classname="tests.dual_pc_review.test_w3_five_boundaries_repair" name="test_legal_location_alpha_pair_reordering_preserves_the_marginal" time="0.268" /><testcase classname="tests.dual_pc_review.test_w3_five_boundaries_repair" name="test_legal_siblings_may_share_one_statistic_object_and_reference" time="0.263" /><testcase classname="tests.dual_pc_review.test_w3_five_boundaries_repair" name="test_one_posterior_source_may_weight_multiple_siblings_in_one_batch" time="0.378" /><testcase classname="tests.dual_pc_review.test_w3_five_boundaries_repair" name="test_one_posterior_source_cannot_be_recounted_in_a_later_batch" time="1.619" /><testcase classname="tests.dual_pc_review.test_w3_five_boundaries_repair" name="test_public_support_rebinding_fails_closed_on_every_surface[stage-foreign]" time="0.339" /><testcase classname="tests.dual_pc_review.test_w3_five_boundaries_repair" name="test_public_support_rebinding_fails_closed_on_every_surface[stage-reordered]" time="0.316" /><testcase classname="tests.dual_pc_review.test_w3_five_boundaries_repair" name="test_public_support_rebinding_fails_closed_on_every_surface[readout-foreign]" time="0.478" /><testcase classname="tests.dual_pc_review.test_w3_five_boundaries_repair" name="test_public_support_rebinding_fails_closed_on_every_surface[readout-reordered]" time="0.467" /><testcase classname="tests.dual_pc_review.test_w3_five_boundaries_repair" name="test_public_support_rebinding_fails_closed_on_every_surface[parent-foreign]" time="0.825" /><testcase classname="tests.dual_pc_review.test_w3_five_boundaries_repair" name="test_public_support_rebinding_fails_closed_on_every_surface[parent-reordered]" time="0.782" /><testcase classname="tests.dual_pc_review.test_w3_five_boundaries_repair" name="test_public_support_rebinding_fails_closed_on_every_surface[replay-foreign]" time="0.418" /><testcase classname="tests.dual_pc_review.test_w3_five_boundaries_repair" name="test_public_support_rebinding_fails_closed_on_every_surface[replay-reordered]" time="0.459" /><testcase classname="tests.dual_pc_review.test_w3_five_boundaries_repair" name="test_fully_resealed_false_cluster_lineage_is_rejected_and_retryable[foreign]" time="1.502" /><testcase classname="tests.dual_pc_review.test_w3_five_boundaries_repair" name="test_fully_resealed_false_cluster_lineage_is_rejected_and_retryable[missing]" time="1.482" /><testcase classname="tests.dual_pc_review.test_w3_five_boundaries_repair" name="test_fully_resealed_false_cluster_lineage_is_rejected_and_retryable[reordered]" time="1.585" /><testcase classname="tests.dual_pc_review.test_w3_five_boundaries_repair" name="test_fully_resealed_false_cluster_lineage_is_rejected_and_retryable[duplicate]" time="1.536" /><testcase classname="tests.dual_pc_review.test_w3_five_boundaries_repair" name="test_receipt_statistic_input_closure_attacks_are_atomic[extra-closure|unreferenced|statistic]" time="0.736" /><testcase classname="tests.dual_pc_review.test_w3_five_boundaries_repair" name="test_receipt_statistic_input_closure_attacks_are_atomic[missing-closure|missing|statistic]" time="0.682" /><testcase classname="tests.dual_pc_review.test_w3_five_boundaries_repair" name="test_receipt_statistic_input_closure_attacks_are_atomic[both-closure|missing|unreferenced|statistic]" time="0.726" /><testcase classname="tests.dual_pc_review.test_w3_five_boundaries_repair" name="test_receipt_statistic_input_closure_attacks_are_atomic[duplicate_particle-duplicate particle|unique]" time="0.766" /><testcase classname="tests.dual_pc_review.test_w3_five_boundaries_repair" name="test_receipt_statistic_input_closure_attacks_are_atomic[duplicate_proposal-duplicate proposal|unique]" time="0.749" /><testcase classname="tests.dual_pc_review.test_w3_five_boundaries_repair" name="test_receipt_statistic_input_closure_attacks_are_atomic[mixed_snapshot-snapshot]" time="0.702" /><testcase classname="tests.dual_pc_review.test_w3_five_boundaries_repair" name="test_receipt_statistic_input_closure_attacks_are_atomic[mixed_cluster-cluster]" time="0.735" /><testcase classname="tests.dual_pc_review.test_w3_five_boundaries_repair" name="test_caller_alias_mutation_before_acceptance_is_revalidated_atomically" time="0.756" /><testcase classname="tests.dual_pc_review.test_w3_five_boundaries_repair" name="test_caller_alias_mutation_after_acceptance_cannot_change_or_block_replay" time="0.710" /><testcase classname="tests.dual_pc_review.test_w3_five_boundaries_repair" name="test_statistics_mapping_toctou_is_bound_to_one_detached_snapshot" time="0.278" /><testcase classname="tests.dual_pc_review.test_w3_five_boundaries_repair" name="test_statistics_mapping_duplicate_items_are_rejected_before_persistence" time="0.857" /><testcase classname="tests.dual_pc_review.test_w3_five_boundaries_repair" name="test_cross_runtime_record_transplant_is_rejected_even_with_current_batch_snapshot" time="0.474" /><testcase classname="tests.dual_pc_review.test_w3_five_boundaries_repair" name="test_direct_private_single_field_tampering_fails_closed[support_hash]" time="0.292" /><testcase classname="tests.dual_pc_review.test_w3_five_boundaries_repair" name="test_direct_private_single_field_tampering_fails_closed[record_statistic]" time="0.367" /><testcase classname="tests.dual_pc_review.test_w3_five_boundaries_repair" name="test_persisted_workspace_tampering_blocks_semantic_readout[journal_digest]" time="0.280" /><testcase classname="tests.dual_pc_review.test_w3_five_boundaries_repair" name="test_persisted_workspace_tampering_blocks_semantic_readout[journal_body]" time="0.324" /><testcase classname="tests.dual_pc_review.test_w3_five_boundaries_repair" name="test_persisted_workspace_tampering_blocks_semantic_readout[batch]" time="0.316" /><testcase classname="tests.dual_pc_review.test_w3_five_boundaries_repair" name="test_persisted_workspace_tampering_blocks_semantic_readout[receipts]" time="0.371" /><testcase classname="tests.dual_pc_review.test_w3_five_boundaries_repair" name="test_persisted_workspace_tampering_blocks_semantic_readout[consumption]" time="0.338" /><testcase classname="tests.dual_pc_review.test_w3_five_boundaries_repair" name="test_persisted_cross_relations_are_rechecked_on_direct_readout[delete_historical_record]" time="0.745" /><testcase classname="tests.dual_pc_review.test_w3_five_boundaries_repair" name="test_persisted_cross_relations_are_rechecked_on_direct_readout[inject_orphan_record]" time="0.338" /><testcase classname="tests.dual_pc_review.test_w3_five_boundaries_repair" name="test_persisted_cross_relations_are_rechecked_on_direct_readout[reseal_source_frame]" time="0.314" /><testcase classname="tests.dual_pc_review.test_w3_five_boundaries_repair" name="test_persisted_cross_relations_are_rechecked_on_direct_readout[empty_chain_history]" time="0.375" /><testcase classname="tests.dual_pc_review.test_w3_five_boundaries_repair" name="test_persisted_cross_relations_are_rechecked_on_direct_readout[clear_projection_consumption]" time="0.522" /><testcase classname="tests.dual_pc_review.test_w3_five_boundaries_repair" name="test_actual_advance_return_interruption_rolls_back_and_is_retryable[0-RuntimeError]" time="0.815" /><testcase classname="tests.dual_pc_review.test_w3_five_boundaries_repair" name="test_actual_advance_return_interruption_rolls_back_and_is_retryable[0-KeyboardInterrupt]" time="0.903" /><testcase classname="tests.dual_pc_review.test_w3_five_boundaries_repair" name="test_actual_advance_return_interruption_rolls_back_and_is_retryable[1-RuntimeError]" time="1.711" /><testcase classname="tests.dual_pc_review.test_w3_five_boundaries_repair" name="test_actual_advance_return_interruption_rolls_back_and_is_retryable[1-KeyboardInterrupt]" time="1.627" /><testcase classname="tests.dual_pc_review.test_w3_five_boundaries_repair" name="test_conditional_state_copy_is_content_based_not_object_identity_based" time="0.274" /></testsuite></testsuites>