<?xml version="1.0" encoding="utf-8"?><testsuites name="pytest tests"><testsuite name="pytest" errors="0" failures="0" skipped="0" tests="6" time="2.402" timestamp="2026-09-13T16:34:17.804419+02:00" hostname="localhost"><testcase classname="tests.test_structure_two_w3_r6_pc_b_review" name="test_prepared_readout_rejects_a_rebound_world_support" time="0.430" /><testcase classname="tests.test_structure_two_w3_r6_pc_b_review" name="test_legal_prepared_input_control_is_preserved" time="0.460" /><testcase classname="tests.test_structure_two_w3_r6_pc_b_review" name="test_particle_parent_and_child_cannot_switch_world_support" time="0.701" /><testcase classname="tests.test_structure_two_w3_r6_pc_b_review" name="test_prepared_support_is_bound_to_the_constructed_world" time="0.346" /><testcase classname="tests.test_structure_two_w3_r6_pc_b_review" name="test_unreferenced_statistics_cannot_enter_the_persisted_input_body" time="0.256" /><testcase classname="tests.test_structure_two_w3_r6_pc_b_review" name="test_conditional_statistics_are_bound_to_the_receipt_cluster" time="0.352" /></testsuite></testsuites>