<?xml version="1.0" encoding="utf-8"?><testsuites name="pytest tests"><testsuite name="pytest" errors="0" failures="0" skipped="0" tests="4" time="9.559" timestamp="2026-09-13T16:20:04.301525+02:00" hostname="localhost"><testcase classname="tests.dual_pc_review.test_pc_b_b5_extended_state_machine" name="test_core_anchor_rejects_coherently_resealed_non_noop_source_frame" time="0.351" /><testcase classname="tests.dual_pc_review.test_pc_b_b5_extended_state_machine" name="test_core_anchor_legal_multigeneration_and_replay_control" time="1.233" /><testcase classname="tests.dual_pc_review.test_pc_b_b5_extended_state_machine" name="test_staged_cancellation_restore_reseal_is_rejected_before_ledger_mutation" time="3.957" /><testcase classname="tests.dual_pc_review.test_pc_b_b5_extended_state_machine" name="test_published_cancellation_reseal_is_rejected_by_durable_core_anchor" time="3.359" /></testsuite></testsuites>